<?xml version="1.0" encoding="UTF-8"?>
<!-- Generated by org.testng.reporters.JUnitReportReporter -->
<testsuite hostname="DESKTOP-P9MM3AH" failures="0" tests="21" name="testScripts.MyAccountPageWishListTests" time="388.097" errors="1" timestamp="2024-02-28T22:00:22 IST" skipped="0">
  <testcase classname="testScripts.MyAccountPageWishListTests" name="VerifyingReoveFuctionalityOnWishListInMyAccountPage" time="9.265"/>
  <system-out/>
  <testcase classname="testScripts.MyAccountPageWishListTests" name="VerifyingselectAttributesLinkOnWishListPageInMyAccountPage" time="8.379"/>
  <system-out/>
  <testcase classname="testScripts.MyAccountPageWishListTests" name="VerifyingViewLinkOnWishListInMyAccountPage" time="13.569"/>
  <system-out/>
  <testcase classname="testScripts.MyAccountPageWishListTests" name="VerifyingGmailLinkOnWishlistInMyAccountPage" time="4.197"/>
  <system-out/>
  <testcase classname="testScripts.MyAccountPageWishListTests" name="VerifyingEditClosebuttonOnWishListPageInMyAccountPage" time="5.182"/>
  <system-out/>
  <testcase classname="testScripts.MyAccountPageWishListTests" name="VerifyingRemoveFromWishListOnWishListPageInMyAccountPage" time="10.967"/>
  <system-out/>
  <testcase classname="testScripts.MyAccountPageWishListTests" name="VerifyingCustomInputOnWishListPageInMyAccountPage" time="19.681"/>
  <system-out/>
  <testcase classname="testScripts.MyAccountPageWishListTests" name="VerifyingselectAttributespopupAttributesOnWishListPageInMyAccountPage" time="38.256"/>
  <system-out/>
  <testcase classname="testScripts.MyAccountPageWishListTests" name="VerifyingEditpopupAttributesOnWishListPageInMyAccountPage" time="41.491"/>
  <system-out/>
  <testcase classname="testScripts.MyAccountPageWishListTests" name="VerifyingMyAccountLinkOnWishlistPageInMyAccountPage" time="53.777"/>
  <system-out/>
  <testcase classname="testScripts.MyAccountPageWishListTests" name="VerifyingCopyLinkOnWishlistInMyAccountPage" time="7.200"/>
  <system-out/>
  <testcase classname="testScripts.MyAccountPageWishListTests" name="VerifyingTwitterLinkOnWishlistInMyAccountPage" time="4.279"/>
  <system-out/>
  <testcase classname="testScripts.MyAccountPageWishListTests" name="VerifyingselectAttributesClosebuttonOnWishListPageInMyAccountPage" time="5.230"/>
  <system-out/>
  <testcase classname="testScripts.MyAccountPageWishListTests" name="VerifyingFacebookLinkOnWishlistInMyAccountPage" time="4.287"/>
  <system-out/>
  <testcase classname="testScripts.MyAccountPageWishListTests" name="VerifyingEditLinkOnWishListPageInMyAccountPage" time="8.394"/>
  <system-out/>
  <testcase classname="testScripts.MyAccountPageWishListTests" name="VerifyingHomeLinkOnWishlistPageInMyAccountPage" time="13.218"/>
  <system-out/>
  <testcase classname="testScripts.MyAccountPageWishListTests" name="VerifyingEditpopupUpdateButtonOnWishListPageInMyAccountPage" time="44.476"/>
  <system-out/>
  <testcase classname="testScripts.MyAccountPageWishListTests" name="VerifyingBackToMyAccountLinkOnWishlistPageInMyAccountPage" time="20.652"/>
  <system-out/>
  <testcase classname="testScripts.MyAccountPageWishListTests" name="VerifyingAddtocartButtonOnWishListPageInMyAccountPage" time="37.200">
    <error message="Expected condition failed: waiting for visibility of element located by By.xpath: //div[@class=&#039;alert alert-success add-to-basket-alert text-center&#039;] (tried for 30 second(s) with 10 milliseconds interval)
Build info: version: &#039;4.16.1&#039;, revision: &#039;9b4c83354e&#039;
System info: os.name: &#039;Windows 10&#039;, os.arch: &#039;amd64&#039;, os.version: &#039;10.0&#039;, java.version: &#039;17.0.7&#039;
Driver info: driver.version: unknown" type="org.openqa.selenium.TimeoutException">
      <![CDATA[org.openqa.selenium.TimeoutException: Expected condition failed: waiting for visibility of element located by By.xpath: //div[@class='alert alert-success add-to-basket-alert text-center'] (tried for 30 second(s) with 10 milliseconds interval)
Build info: version: '4.16.1', revision: '9b4c83354e'
System info: os.name: 'Windows 10', os.arch: 'amd64', os.version: '10.0', java.version: '17.0.7'
Driver info: driver.version: unknown
at org.openqa.selenium.support.ui.FluentWait.timeoutException(FluentWait.java:261)
at org.openqa.selenium.support.ui.FluentWait.until(FluentWait.java:229)
at validations.WishListPageValidations.validatingProductisAddtoCart(WishListPageValidations.java:101)
at tasks.MyAccountPageWishListTasks.AddtoCartbutton(MyAccountPageWishListTasks.java:203)
at testScripts.MyAccountPageWishListTests.VerifyingAddtocartButtonOnWishListPageInMyAccountPage(MyAccountPageWishListTests.java:133)
at java.base/jdk.internal.reflect.NativeMethodAccessorImpl.invoke0(Native Method)
at java.base/jdk.internal.reflect.NativeMethodAccessorImpl.invoke(NativeMethodAccessorImpl.java:77)
at java.base/jdk.internal.reflect.DelegatingMethodAccessorImpl.invoke(DelegatingMethodAccessorImpl.java:43)
at java.base/java.lang.reflect.Method.invoke(Method.java:568)
at org.testng.internal.invokers.MethodInvocationHelper.invokeMethod(MethodInvocationHelper.java:139)
at org.testng.internal.invokers.TestInvoker.invokeMethod(TestInvoker.java:677)
at org.testng.internal.invokers.TestInvoker.invokeTestMethod(TestInvoker.java:221)
at org.testng.internal.invokers.MethodRunner.runInSequence(MethodRunner.java:50)
at org.testng.internal.invokers.TestInvoker$MethodInvocationAgent.invoke(TestInvoker.java:969)
at org.testng.internal.invokers.TestInvoker.invokeTestMethods(TestInvoker.java:194)
at org.testng.internal.invokers.TestMethodWorker.invokeTestMethods(TestMethodWorker.java:148)
at org.testng.internal.invokers.TestMethodWorker.run(TestMethodWorker.java:128)
at java.base/java.util.ArrayList.forEach(ArrayList.java:1511)
at org.testng.TestRunner.privateRun(TestRunner.java:829)
at org.testng.TestRunner.run(TestRunner.java:602)
at org.testng.SuiteRunner.runTest(SuiteRunner.java:437)
at org.testng.SuiteRunner.runSequentially(SuiteRunner.java:431)
at org.testng.SuiteRunner.privateRun(SuiteRunner.java:391)
at org.testng.SuiteRunner.run(SuiteRunner.java:330)
at org.testng.SuiteRunnerWorker.runSuite(SuiteRunnerWorker.java:52)
at org.testng.SuiteRunnerWorker.run(SuiteRunnerWorker.java:95)
at org.testng.TestNG.runSuitesSequentially(TestNG.java:1256)
at org.testng.TestNG.runSuitesLocally(TestNG.java:1176)
at org.testng.TestNG.runSuites(TestNG.java:1099)
at org.testng.TestNG.run(TestNG.java:1067)
at org.testng.remote.AbstractRemoteTestNG.run(AbstractRemoteTestNG.java:115)
at org.testng.remote.RemoteTestNG.initAndRun(RemoteTestNG.java:251)
at org.testng.remote.RemoteTestNG.main(RemoteTestNG.java:77)
]]>
    </error>
  </testcase> <!-- VerifyingAddtocartButtonOnWishListPageInMyAccountPage -->
  <system-out/>
  <testcase classname="testScripts.MyAccountPageWishListTests" name="VerifyingPintersetsLinkOnWishlistInMyAccountPage" time="4.275"/>
  <system-out/>
  <testcase classname="testScripts.MyAccountPageWishListTests" name="VerifyingselectAttributespopupUpdateButtonOnWishListPageInMyAccountPage" time="34.122"/>
  <system-out/>
</testsuite> <!-- testScripts.MyAccountPageWishListTests -->
