<!DOCTYPE html>

<html>
  <head>
  <meta charset='utf-8'>
  <title>TestNG reports</title>

    <link type="text/css" href="testng-reports1.css" rel="stylesheet" id="ultra" />
    <link type="text/css" href="testng-reports.css" rel="stylesheet" id="retro" disabled="false"/>
    <script type="text/javascript" src="jquery-3.6.0.min.js"></script>
    <script type="text/javascript" src="testng-reports.js"></script>
    <script type="text/javascript" src="https://www.google.com/jsapi"></script>
    <script type='text/javascript'>
      google.load('visualization', '1', {packages:['table']});
      google.setOnLoadCallback(drawTable);
      var suiteTableInitFunctions = new Array();
      var suiteTableData = new Array();
    </script>
    <!--
      <script type="text/javascript" src="jquery-ui/js/jquery-ui-1.8.16.custom.min.js"></script>
     -->
  </head>

  <body>    <div class="top-banner-root">
      <span class="top-banner-title-font">Test results</span>
      <button id="button" class="button">Switch Retro Theme</button> <!-- button -->
      <br/>
      <span class="top-banner-font-1">1 suite, 5 failed tests</span>
    </div> <!-- top-banner-root -->
    <div class="navigator-root">
      <div class="navigator-suite-header">
        <span>All suites</span>
        <a href="#" title="Collapse/expand all the suites" class="collapse-all-link">
          <img src="collapseall.gif" class="collapse-all-icon">
          </img> <!-- collapse-all-icon -->
        </a> <!-- collapse-all-link -->
      </div> <!-- navigator-suite-header -->
      <div class="suite">
        <div class="rounded-window">
          <div class="suite-header light-rounded-window-top">
            <a href="#" panel-name="suite-Providio_Smoke_Test" class="navigator-link">
              <span class="suite-name border-failed">Providio Smoke Test</span>
            </a> <!-- navigator-link -->
          </div> <!-- suite-header light-rounded-window-top -->
          <div class="navigator-suite-content">
            <div class="suite-section-title">
              <span>Info</span>
            </div> <!-- suite-section-title -->
            <div class="suite-section-content">
              <ul>
                <li>
                  <a href="#" panel-name="test-xml-Providio_Smoke_Test" class="navigator-link ">
                    <span>C:\Users\UpendraReddy\git\Oms\proVidioETG\Test.Xml</span>
                  </a> <!-- navigator-link  -->
                </li>
                <li>
                  <a href="#" panel-name="testlist-Providio_Smoke_Test" class="navigator-link ">
                    <span class="test-stats">1 test</span>
                  </a> <!-- navigator-link  -->
                </li>
                <li>
                  <a href="#" panel-name="group-Providio_Smoke_Test" class="navigator-link ">
                    <span>0 groups</span>
                  </a> <!-- navigator-link  -->
                </li>
                <li>
                  <a href="#" panel-name="times-Providio_Smoke_Test" class="navigator-link ">
                    <span>Times</span>
                  </a> <!-- navigator-link  -->
                </li>
                <li>
                  <a href="#" panel-name="reporter-Providio_Smoke_Test" class="navigator-link ">
                    <span>Reporter output</span>
                  </a> <!-- navigator-link  -->
                </li>
                <li>
                  <a href="#" panel-name="ignored-methods-Providio_Smoke_Test" class="navigator-link ">
                    <span>Ignored methods</span>
                  </a> <!-- navigator-link  -->
                </li>
                <li>
                  <a href="#" panel-name="chronological-Providio_Smoke_Test" class="navigator-link ">
                    <span>Chronological view</span>
                  </a> <!-- navigator-link  -->
                </li>
              </ul>
            </div> <!-- suite-section-content -->
            <div class="result-section">
              <div class="suite-section-title">
                <span>Results</span>
              </div> <!-- suite-section-title -->
              <div class="suite-section-content">
                <ul>
                  <li>
                    <span class="method-stats">16 methods, 5 failed,   11 passed</span>
                  </li>
                  <li>
                    <span class="method-list-title failed">Failed methods</span>
                    <span class="show-or-hide-methods failed">
                      <a href="#" panel-name="suite-Providio_Smoke_Test" class="hide-methods failed suite-Providio_Smoke_Test"> (hide)</a> <!-- hide-methods failed suite-Providio_Smoke_Test -->
                      <a href="#" panel-name="suite-Providio_Smoke_Test" class="show-methods failed suite-Providio_Smoke_Test"> (show)</a> <!-- show-methods failed suite-Providio_Smoke_Test -->
                    </span>
                    <div class="method-list-content failed suite-Providio_Smoke_Test">
                      <span>
                        <img src="failed.png" width="3%"/>
                        <a href="#" panel-name="suite-Providio_Smoke_Test" title="testScripts.orderSummeryStatusPicklistAddTest" class="method navigator-link" hash-for-method="VerifyingAddReqPickListValuesToOrderSummeryAfterpostDeployment">VerifyingAddReqPickListValuesToOrderSummeryAfterpostDeployment</a> <!-- method navigator-link -->
                      </span>
                      <br/>
                      <span>
                        <img src="failed.png" width="3%"/>
                        <a href="#" panel-name="suite-Providio_Smoke_Test" title="testScripts.ProdcutFamilyPicklistValuesTest" class="method navigator-link" hash-for-method="VerifyingAddReqPickListValuesToProductFamilyAfterpostDeployment">VerifyingAddReqPickListValuesToProductFamilyAfterpostDeployment</a> <!-- method navigator-link -->
                      </span>
                      <br/>
                      <span>
                        <img src="failed.png" width="3%"/>
                        <a href="#" panel-name="suite-Providio_Smoke_Test" title="testScripts.OrderStatusPicklistAddTest" class="method navigator-link" hash-for-method="VerifyingAddReqPickListValuesToorderStatusAfterpostDeployment">VerifyingAddReqPickListValuesToorderStatusAfterpostDeployment</a> <!-- method navigator-link -->
                      </span>
                      <br/>
                      <span>
                        <img src="failed.png" width="3%"/>
                        <a href="#" panel-name="suite-Providio_Smoke_Test" title="testScripts.ConnectWithB2CTest" class="method navigator-link" hash-for-method="VerifyingConnectWithB2CfromSideMenu">VerifyingConnectWithB2CfromSideMenu</a> <!-- method navigator-link -->
                      </span>
                      <br/>
                      <span>
                        <img src="failed.png" width="3%"/>
                        <a href="#" panel-name="suite-Providio_Smoke_Test" title="testScripts.checkOrderSummerieswithStoreFront" class="method navigator-link" hash-for-method="VerifyingOrderSummeriesWithStoreFornt">VerifyingOrderSummeriesWithStoreFornt</a> <!-- method navigator-link -->
                      </span>
                      <br/>
                    </div> <!-- method-list-content failed suite-Providio_Smoke_Test -->
                  </li>
                  <li>
                    <span class="method-list-title passed">Passed methods</span>
                    <span class="show-or-hide-methods passed">
                      <a href="#" panel-name="suite-Providio_Smoke_Test" class="hide-methods passed suite-Providio_Smoke_Test"> (hide)</a> <!-- hide-methods passed suite-Providio_Smoke_Test -->
                      <a href="#" panel-name="suite-Providio_Smoke_Test" class="show-methods passed suite-Providio_Smoke_Test"> (show)</a> <!-- show-methods passed suite-Providio_Smoke_Test -->
                    </span>
                    <div class="method-list-content passed suite-Providio_Smoke_Test">
                      <span>
                        <img src="passed.png" width="3%"/>
                        <a href="#" panel-name="suite-Providio_Smoke_Test" title="browser.launchingforCCBrowser" class="method navigator-link" hash-for-method="VerifingCCLaunching">VerifingCCLaunching</a> <!-- method navigator-link -->
                      </span>
                      <br/>
                      <span>
                        <img src="passed.png" width="3%"/>
                        <a href="#" panel-name="suite-Providio_Smoke_Test" title="testScripts.CheckTheOrgEditionTests" class="method navigator-link" hash-for-method="VerifyingCompanyInfoSearchAndOrgEdition">VerifyingCompanyInfoSearchAndOrgEdition</a> <!-- method navigator-link -->
                      </span>
                      <br/>
                      <span>
                        <img src="passed.png" width="3%"/>
                        <a href="#" panel-name="suite-Providio_Smoke_Test" title="testScripts.CheckCurrencySettoUSDTest" class="method navigator-link" hash-for-method="VerifyingCurrencyisSetToUsd">VerifyingCurrencyisSetToUsd</a> <!-- method navigator-link -->
                      </span>
                      <br/>
                      <span>
                        <img src="passed.png" width="3%"/>
                        <a href="#" panel-name="suite-Providio_Smoke_Test" title="testScripts.OmniChannelInventryTest" class="method navigator-link" hash-for-method="VerifyingEnableOmniChannelInverntryfromSideMenu">VerifyingEnableOmniChannelInverntryfromSideMenu</a> <!-- method navigator-link -->
                      </span>
                      <br/>
                      <span>
                        <img src="passed.png" width="3%"/>
                        <a href="#" panel-name="suite-Providio_Smoke_Test" title="testScripts.EnablePersonAccountTest" class="method navigator-link" hash-for-method="VerifyingEnablePersonAccountsfromSideMenu">VerifyingEnablePersonAccountsfromSideMenu</a> <!-- method navigator-link -->
                      </span>
                      <br/>
                      <span>
                        <img src="passed.png" width="3%"/>
                        <a href="#" panel-name="suite-Providio_Smoke_Test" title="testScripts.enablePathSettingsTest" class="method navigator-link" hash-for-method="VerifyingEnablepathSettingsfromSideMenu">VerifyingEnablepathSettingsfromSideMenu</a> <!-- method navigator-link -->
                      </span>
                      <br/>
                      <span>
                        <img src="passed.png" width="3%"/>
                        <a href="#" panel-name="suite-Providio_Smoke_Test" title="testScripts.deploymentTest" class="method navigator-link" hash-for-method="VerifyingInstallpackageURL">VerifyingInstallpackageURL</a> <!-- method navigator-link -->
                      </span>
                      <br/>
                      <span>
                        <img src="passed.png" width="3%"/>
                        <a href="#" panel-name="suite-Providio_Smoke_Test" title="testScripts.loginPageTest" class="method navigator-link" hash-for-method="VerifyingLoginWithValidCredentials">VerifyingLoginWithValidCredentials</a> <!-- method navigator-link -->
                      </span>
                      <br/>
                      <span>
                        <img src="passed.png" width="3%"/>
                        <a href="#" panel-name="suite-Providio_Smoke_Test" title="testScripts.loginToCC" class="method navigator-link" hash-for-method="VerifyingLoginWithValidCredentialsCCSandBox">VerifyingLoginWithValidCredentialsCCSandBox</a> <!-- method navigator-link -->
                      </span>
                      <br/>
                      <span>
                        <img src="passed.png" width="3%"/>
                        <a href="#" panel-name="suite-Providio_Smoke_Test" title="testScripts.OrderManagementTest" class="method navigator-link" hash-for-method="VerifyingOrderManagementPagefromSideMenu">VerifyingOrderManagementPagefromSideMenu</a> <!-- method navigator-link -->
                      </span>
                      <br/>
                      <span>
                        <img src="passed.png" width="3%"/>
                        <a href="#" panel-name="suite-Providio_Smoke_Test" title="testScripts.OrderSettingsTests" class="method navigator-link" hash-for-method="VerifyingOrderSettingPagefromSideMenu">VerifyingOrderSettingPagefromSideMenu</a> <!-- method navigator-link -->
                      </span>
                      <br/>
                    </div> <!-- method-list-content passed suite-Providio_Smoke_Test -->
                  </li>
                </ul>
              </div> <!-- suite-section-content -->
            </div> <!-- result-section -->
          </div> <!-- navigator-suite-content -->
        </div> <!-- rounded-window -->
      </div> <!-- suite -->
    </div> <!-- navigator-root -->
    <div class="wrapper">
      <div class="main-panel-root">
        <div panel-name="suite-Providio_Smoke_Test" class="panel Providio_Smoke_Test">
          <div class="suite-Providio_Smoke_Test-class-failed">
            <div class="main-panel-header rounded-window-top">
              <img src="failed.png"/>
              <span class="class-name">testScripts.ConnectWithB2CTest</span>
            </div> <!-- main-panel-header rounded-window-top -->
            <div class="main-panel-content rounded-window-bottom">
              <div class="method">
                <div class="method-content">
                  <a name="VerifyingConnectWithB2CfromSideMenu">
                  </a> <!-- VerifyingConnectWithB2CfromSideMenu -->
                  <span class="method-name">VerifyingConnectWithB2CfromSideMenu</span>
                  <div class="stack-trace">org.openqa.selenium.TimeoutException: Expected condition failed: waiting for visibility of Proxy element for: DefaultElementLocator &apos;By.xpath: //h2[text()=&apos;Connection Request&apos;]&apos; (tried for 120 second(s) with 3000 milliseconds interval)
	at org.openqa.selenium.support.ui.FluentWait.timeoutException(FluentWait.java:261)
	at org.openqa.selenium.support.ui.FluentWait.until(FluentWait.java:229)
	at functionality.Actionsss.fluentWait(Actionsss.java:212)
	at tasks_Pre_Deployment.ConnectWithB2CTask.ConnectionWithB2CwithValidDetails(ConnectWithB2CTask.java:35)
	at tasks_Pre_Deployment.ConnectWithB2CTask.ConnectionWithB2CwithValidDetails(ConnectWithB2CTask.java:63)
	at tasks_Pre_Deployment.ConnectWithB2CTask.connectwithB2c(ConnectWithB2CTask.java:21)
	at testScripts.ConnectWithB2CTest.VerifyingConnectWithB2CfromSideMenu(ConnectWithB2CTest.java:13)
	at java.base/java.util.ArrayList.forEach(ArrayList.java:1511)
Caused by: org.openqa.selenium.NoSuchElementException: no such element: Unable to locate element: {&quot;method&quot;:&quot;xpath&quot;,&quot;selector&quot;:&quot;//h2[text()=&apos;Connection Request&apos;]&quot;}
  (Session info: chrome=122.0.6261.113)
For documentation on this error, please visit: https://www.selenium.dev/documentation/webdriver/troubleshooting/errors#no-such-element-exception
Build info: version: &apos;4.16.1&apos;, revision: &apos;9b4c83354e&apos;
System info: os.name: &apos;Windows 10&apos;, os.arch: &apos;amd64&apos;, os.version: &apos;10.0&apos;, java.version: &apos;17.0.7&apos;
Driver info: org.openqa.selenium.chrome.ChromeDriver
Command: [dba856153c51f27bbc2c5fe3933588b9, findElement {using=xpath, value=//h2[text()=&apos;Connection Request&apos;]}]
Capabilities {acceptInsecureCerts: false, browserName: chrome, browserVersion: 122.0.6261.113, chrome: {chromedriverVersion: 122.0.6261.128 (f18a44fedeb..., userDataDir: C:\Users\UPENDR~1\AppData\L...}, fedcm:accounts: true, goog:chromeOptions: {debuggerAddress: localhost:58228}, networkConnectionEnabled: false, pageLoadStrategy: normal, platformName: windows, proxy: Proxy(), se:cdp: ws://localhost:58228/devtoo..., se:cdpVersion: 122.0.6261.113, setWindowRect: true, strictFileInteractability: false, timeouts: {implicit: 0, pageLoad: 300000, script: 30000}, unhandledPromptBehavior: dismiss and notify, webauthn:extension:credBlob: true, webauthn:extension:largeBlob: true, webauthn:extension:minPinLength: true, webauthn:extension:prf: true, webauthn:virtualAuthenticators: true}
Session ID: dba856153c51f27bbc2c5fe3933588b9
	at org.openqa.selenium.remote.codec.w3c.W3CHttpResponseCodec.createException(W3CHttpResponseCodec.java:200)
	at org.openqa.selenium.remote.codec.w3c.W3CHttpResponseCodec.decode(W3CHttpResponseCodec.java:133)
	at org.openqa.selenium.remote.codec.w3c.W3CHttpResponseCodec.decode(W3CHttpResponseCodec.java:52)
	at org.openqa.selenium.remote.HttpCommandExecutor.execute(HttpCommandExecutor.java:191)
	at org.openqa.selenium.remote.service.DriverCommandExecutor.invokeExecute(DriverCommandExecutor.java:200)
	at org.openqa.selenium.remote.service.DriverCommandExecutor.execute(DriverCommandExecutor.java:175)
	at org.openqa.selenium.remote.RemoteWebDriver.execute(RemoteWebDriver.java:523)
	at org.openqa.selenium.remote.ElementLocation$ElementFinder$2.findElement(ElementLocation.java:165)
	at org.openqa.selenium.remote.ElementLocation.findElement(ElementLocation.java:59)
	at org.openqa.selenium.remote.RemoteWebDriver.findElement(RemoteWebDriver.java:360)
	at org.openqa.selenium.remote.RemoteWebDriver.findElement(RemoteWebDriver.java:354)
	at org.openqa.selenium.support.pagefactory.DefaultElementLocator.findElement(DefaultElementLocator.java:68)
	at org.openqa.selenium.support.pagefactory.internal.LocatingElementHandler.invoke(LocatingElementHandler.java:38)
	at jdk.proxy2/jdk.proxy2.$Proxy18.isDisplayed(Unknown Source)
	at org.openqa.selenium.support.ui.ExpectedConditions.elementIfVisible(ExpectedConditions.java:304)
	at org.openqa.selenium.support.ui.ExpectedConditions$10.apply(ExpectedConditions.java:290)
	at org.openqa.selenium.support.ui.ExpectedConditions$10.apply(ExpectedConditions.java:287)
	at org.openqa.selenium.support.ui.FluentWait.until(FluentWait.java:204)
	... 33 more
... Removed 31 stack frames
</div> <!-- stack-trace -->
                </div> <!-- method-content -->
              </div> <!-- method -->
            </div> <!-- main-panel-content rounded-window-bottom -->
          </div> <!-- suite-Providio_Smoke_Test-class-failed -->
          <div class="suite-Providio_Smoke_Test-class-failed">
            <div class="main-panel-header rounded-window-top">
              <img src="failed.png"/>
              <span class="class-name">testScripts.checkOrderSummerieswithStoreFront</span>
            </div> <!-- main-panel-header rounded-window-top -->
            <div class="main-panel-content rounded-window-bottom">
              <div class="method">
                <div class="method-content">
                  <a name="VerifyingOrderSummeriesWithStoreFornt">
                  </a> <!-- VerifyingOrderSummeriesWithStoreFornt -->
                  <span class="method-name">VerifyingOrderSummeriesWithStoreFornt</span>
                  <div class="stack-trace">org.openqa.selenium.NoSuchElementException: no such element: Unable to locate element: {&quot;method&quot;:&quot;xpath&quot;,&quot;selector&quot;:&quot;//div[@class=&apos;slds-icon-waffle&apos;]&quot;}
  (Session info: chrome=122.0.6261.113)
For documentation on this error, please visit: https://www.selenium.dev/documentation/webdriver/troubleshooting/errors#no-such-element-exception
Build info: version: &apos;4.16.1&apos;, revision: &apos;9b4c83354e&apos;
System info: os.name: &apos;Windows 10&apos;, os.arch: &apos;amd64&apos;, os.version: &apos;10.0&apos;, java.version: &apos;17.0.7&apos;
Driver info: org.openqa.selenium.chrome.ChromeDriver
Command: [dba856153c51f27bbc2c5fe3933588b9, findElement {using=xpath, value=//div[@class=&apos;slds-icon-waffle&apos;]}]
Capabilities {acceptInsecureCerts: false, browserName: chrome, browserVersion: 122.0.6261.113, chrome: {chromedriverVersion: 122.0.6261.128 (f18a44fedeb..., userDataDir: C:\Users\UPENDR~1\AppData\L...}, fedcm:accounts: true, goog:chromeOptions: {debuggerAddress: localhost:58228}, networkConnectionEnabled: false, pageLoadStrategy: normal, platformName: windows, proxy: Proxy(), se:cdp: ws://localhost:58228/devtoo..., se:cdpVersion: 122.0.6261.113, setWindowRect: true, strictFileInteractability: false, timeouts: {implicit: 0, pageLoad: 300000, script: 30000}, unhandledPromptBehavior: dismiss and notify, webauthn:extension:credBlob: true, webauthn:extension:largeBlob: true, webauthn:extension:minPinLength: true, webauthn:extension:prf: true, webauthn:virtualAuthenticators: true}
Session ID: dba856153c51f27bbc2c5fe3933588b9
	at org.openqa.selenium.remote.codec.w3c.W3CHttpResponseCodec.createException(W3CHttpResponseCodec.java:200)
	at org.openqa.selenium.remote.codec.w3c.W3CHttpResponseCodec.decode(W3CHttpResponseCodec.java:133)
	at org.openqa.selenium.remote.codec.w3c.W3CHttpResponseCodec.decode(W3CHttpResponseCodec.java:52)
	at org.openqa.selenium.remote.HttpCommandExecutor.execute(HttpCommandExecutor.java:191)
	at org.openqa.selenium.remote.service.DriverCommandExecutor.invokeExecute(DriverCommandExecutor.java:200)
	at org.openqa.selenium.remote.service.DriverCommandExecutor.execute(DriverCommandExecutor.java:175)
	at org.openqa.selenium.remote.RemoteWebDriver.execute(RemoteWebDriver.java:523)
	at org.openqa.selenium.remote.ElementLocation$ElementFinder$2.findElement(ElementLocation.java:165)
	at org.openqa.selenium.remote.ElementLocation.findElement(ElementLocation.java:59)
	at org.openqa.selenium.remote.RemoteWebDriver.findElement(RemoteWebDriver.java:360)
	at org.openqa.selenium.remote.RemoteWebDriver.findElement(RemoteWebDriver.java:354)
	at org.openqa.selenium.support.pagefactory.DefaultElementLocator.findElement(DefaultElementLocator.java:68)
	at org.openqa.selenium.support.pagefactory.internal.LocatingElementHandler.invoke(LocatingElementHandler.java:38)
	at jdk.proxy2/jdk.proxy2.$Proxy18.getWrappedElement(Unknown Source)
	at org.openqa.selenium.remote.internal.WebElementToJsonConverter.apply(WebElementToJsonConverter.java:51)
	at java.base/java.util.stream.ReferencePipeline$3$1.accept(ReferencePipeline.java:197)
	at java.base/java.util.Spliterators$ArraySpliterator.forEachRemaining(Spliterators.java:992)
	at java.base/java.util.stream.AbstractPipeline.copyInto(AbstractPipeline.java:509)
	at java.base/java.util.stream.AbstractPipeline.wrapAndCopyInto(AbstractPipeline.java:499)
	at java.base/java.util.stream.ReduceOps$ReduceOp.evaluateSequential(ReduceOps.java:921)
	at java.base/java.util.stream.AbstractPipeline.evaluate(AbstractPipeline.java:234)
	at java.base/java.util.stream.ReferencePipeline.collect(ReferencePipeline.java:682)
	at org.openqa.selenium.remote.RemoteWebDriver.executeScript(RemoteWebDriver.java:466)
	at functionality.Actionsss.scrollIntoViewCenter(Actionsss.java:92)
	at functionality.Actionsss.CombinedClick(Actionsss.java:98)
	at tasks_Post_Deployment.CheckOrderSummeriesTask.orderSummeries(CheckOrderSummeriesTask.java:14)
	at testScripts.checkOrderSummerieswithStoreFront.VerifyingOrderSummeriesWithStoreFornt(checkOrderSummerieswithStoreFront.java:12)
	at java.base/java.util.ArrayList.forEach(ArrayList.java:1511)
... Removed 31 stack frames
</div> <!-- stack-trace -->
                </div> <!-- method-content -->
              </div> <!-- method -->
            </div> <!-- main-panel-content rounded-window-bottom -->
          </div> <!-- suite-Providio_Smoke_Test-class-failed -->
          <div class="suite-Providio_Smoke_Test-class-failed">
            <div class="main-panel-header rounded-window-top">
              <img src="failed.png"/>
              <span class="class-name">testScripts.orderSummeryStatusPicklistAddTest</span>
            </div> <!-- main-panel-header rounded-window-top -->
            <div class="main-panel-content rounded-window-bottom">
              <div class="method">
                <div class="method-content">
                  <a name="VerifyingAddReqPickListValuesToOrderSummeryAfterpostDeployment">
                  </a> <!-- VerifyingAddReqPickListValuesToOrderSummeryAfterpostDeployment -->
                  <span class="method-name">VerifyingAddReqPickListValuesToOrderSummeryAfterpostDeployment</span>
                  <div class="stack-trace">org.openqa.selenium.TimeoutException: Expected condition failed: waiting for visibility of Proxy element for: DefaultElementLocator &apos;By.xpath: //ul[@class=&apos;tabBarItems slds-grid&apos;]//span[text()=&apos;Object Manager&apos;]&apos; (tried for 120 second(s) with 3000 milliseconds interval)
	at org.openqa.selenium.support.ui.FluentWait.timeoutException(FluentWait.java:261)
	at org.openqa.selenium.support.ui.FluentWait.until(FluentWait.java:229)
	at functionality.Actionsss.fluentWait(Actionsss.java:212)
	at tasks_Post_Deployment.OrderSummeryStatusPicklistValuesTask.picklist(OrderSummeryStatusPicklistValuesTask.java:16)
	at testScripts.orderSummeryStatusPicklistAddTest.VerifyingAddReqPickListValuesToOrderSummeryAfterpostDeployment(orderSummeryStatusPicklistAddTest.java:11)
	at java.base/java.util.ArrayList.forEach(ArrayList.java:1511)
Caused by: org.openqa.selenium.NoSuchElementException: no such element: Unable to locate element: {&quot;method&quot;:&quot;xpath&quot;,&quot;selector&quot;:&quot;//ul[@class=&apos;tabBarItems slds-grid&apos;]//span[text()=&apos;Object Manager&apos;]&quot;}
  (Session info: chrome=122.0.6261.113)
For documentation on this error, please visit: https://www.selenium.dev/documentation/webdriver/troubleshooting/errors#no-such-element-exception
Build info: version: &apos;4.16.1&apos;, revision: &apos;9b4c83354e&apos;
System info: os.name: &apos;Windows 10&apos;, os.arch: &apos;amd64&apos;, os.version: &apos;10.0&apos;, java.version: &apos;17.0.7&apos;
Driver info: org.openqa.selenium.chrome.ChromeDriver
Command: [dba856153c51f27bbc2c5fe3933588b9, findElement {using=xpath, value=//ul[@class=&apos;tabBarItems slds-grid&apos;]//span[text()=&apos;Object Manager&apos;]}]
Capabilities {acceptInsecureCerts: false, browserName: chrome, browserVersion: 122.0.6261.113, chrome: {chromedriverVersion: 122.0.6261.128 (f18a44fedeb..., userDataDir: C:\Users\UPENDR~1\AppData\L...}, fedcm:accounts: true, goog:chromeOptions: {debuggerAddress: localhost:58228}, networkConnectionEnabled: false, pageLoadStrategy: normal, platformName: windows, proxy: Proxy(), se:cdp: ws://localhost:58228/devtoo..., se:cdpVersion: 122.0.6261.113, setWindowRect: true, strictFileInteractability: false, timeouts: {implicit: 0, pageLoad: 300000, script: 30000}, unhandledPromptBehavior: dismiss and notify, webauthn:extension:credBlob: true, webauthn:extension:largeBlob: true, webauthn:extension:minPinLength: true, webauthn:extension:prf: true, webauthn:virtualAuthenticators: true}
Session ID: dba856153c51f27bbc2c5fe3933588b9
	at org.openqa.selenium.remote.codec.w3c.W3CHttpResponseCodec.createException(W3CHttpResponseCodec.java:200)
	at org.openqa.selenium.remote.codec.w3c.W3CHttpResponseCodec.decode(W3CHttpResponseCodec.java:133)
	at org.openqa.selenium.remote.codec.w3c.W3CHttpResponseCodec.decode(W3CHttpResponseCodec.java:52)
	at org.openqa.selenium.remote.HttpCommandExecutor.execute(HttpCommandExecutor.java:191)
	at org.openqa.selenium.remote.service.DriverCommandExecutor.invokeExecute(DriverCommandExecutor.java:200)
	at org.openqa.selenium.remote.service.DriverCommandExecutor.execute(DriverCommandExecutor.java:175)
	at org.openqa.selenium.remote.RemoteWebDriver.execute(RemoteWebDriver.java:523)
	at org.openqa.selenium.remote.ElementLocation$ElementFinder$2.findElement(ElementLocation.java:165)
	at org.openqa.selenium.remote.ElementLocation.findElement(ElementLocation.java:59)
	at org.openqa.selenium.remote.RemoteWebDriver.findElement(RemoteWebDriver.java:360)
	at org.openqa.selenium.remote.RemoteWebDriver.findElement(RemoteWebDriver.java:354)
	at org.openqa.selenium.support.pagefactory.DefaultElementLocator.findElement(DefaultElementLocator.java:68)
	at org.openqa.selenium.support.pagefactory.internal.LocatingElementHandler.invoke(LocatingElementHandler.java:38)
	at jdk.proxy2/jdk.proxy2.$Proxy18.isDisplayed(Unknown Source)
	at org.openqa.selenium.support.ui.ExpectedConditions.elementIfVisible(ExpectedConditions.java:304)
	at org.openqa.selenium.support.ui.ExpectedConditions$10.apply(ExpectedConditions.java:290)
	at org.openqa.selenium.support.ui.ExpectedConditions$10.apply(ExpectedConditions.java:287)
	at org.openqa.selenium.support.ui.FluentWait.until(FluentWait.java:204)
	... 31 more
... Removed 31 stack frames
</div> <!-- stack-trace -->
                </div> <!-- method-content -->
              </div> <!-- method -->
            </div> <!-- main-panel-content rounded-window-bottom -->
          </div> <!-- suite-Providio_Smoke_Test-class-failed -->
          <div class="suite-Providio_Smoke_Test-class-failed">
            <div class="main-panel-header rounded-window-top">
              <img src="failed.png"/>
              <span class="class-name">testScripts.ProdcutFamilyPicklistValuesTest</span>
            </div> <!-- main-panel-header rounded-window-top -->
            <div class="main-panel-content rounded-window-bottom">
              <div class="method">
                <div class="method-content">
                  <a name="VerifyingAddReqPickListValuesToProductFamilyAfterpostDeployment">
                  </a> <!-- VerifyingAddReqPickListValuesToProductFamilyAfterpostDeployment -->
                  <span class="method-name">VerifyingAddReqPickListValuesToProductFamilyAfterpostDeployment</span>
                  <div class="stack-trace">org.openqa.selenium.TimeoutException: Expected condition failed: waiting for visibility of Proxy element for: DefaultElementLocator &apos;By.xpath: //h2[text()=&apos; Product Family&apos;]&apos; (tried for 120 second(s) with 3000 milliseconds interval)
	at org.openqa.selenium.support.ui.FluentWait.timeoutException(FluentWait.java:261)
	at org.openqa.selenium.support.ui.FluentWait.until(FluentWait.java:229)
	at functionality.Actionsss.fluentWait(Actionsss.java:212)
	at validations.ProductFamailyValidations.VerifyNewPicklistClick(ProductFamailyValidations.java:49)
	at tasks_Post_Deployment.ProductFamilyPicklistValuesTask.picklist(ProductFamilyPicklistValuesTask.java:28)
	at testScripts.ProdcutFamilyPicklistValuesTest.VerifyingAddReqPickListValuesToProductFamilyAfterpostDeployment(ProdcutFamilyPicklistValuesTest.java:11)
	at java.base/java.util.ArrayList.forEach(ArrayList.java:1511)
Caused by: org.openqa.selenium.NoSuchElementException: no such element: Unable to locate element: {&quot;method&quot;:&quot;xpath&quot;,&quot;selector&quot;:&quot;//h2[text()=&apos; Product Family&apos;]&quot;}
  (Session info: chrome=122.0.6261.113)
For documentation on this error, please visit: https://www.selenium.dev/documentation/webdriver/troubleshooting/errors#no-such-element-exception
Build info: version: &apos;4.16.1&apos;, revision: &apos;9b4c83354e&apos;
System info: os.name: &apos;Windows 10&apos;, os.arch: &apos;amd64&apos;, os.version: &apos;10.0&apos;, java.version: &apos;17.0.7&apos;
Driver info: org.openqa.selenium.chrome.ChromeDriver
Command: [dba856153c51f27bbc2c5fe3933588b9, findElement {using=xpath, value=//h2[text()=&apos; Product Family&apos;]}]
Capabilities {acceptInsecureCerts: false, browserName: chrome, browserVersion: 122.0.6261.113, chrome: {chromedriverVersion: 122.0.6261.128 (f18a44fedeb..., userDataDir: C:\Users\UPENDR~1\AppData\L...}, fedcm:accounts: true, goog:chromeOptions: {debuggerAddress: localhost:58228}, networkConnectionEnabled: false, pageLoadStrategy: normal, platformName: windows, proxy: Proxy(), se:cdp: ws://localhost:58228/devtoo..., se:cdpVersion: 122.0.6261.113, setWindowRect: true, strictFileInteractability: false, timeouts: {implicit: 0, pageLoad: 300000, script: 30000}, unhandledPromptBehavior: dismiss and notify, webauthn:extension:credBlob: true, webauthn:extension:largeBlob: true, webauthn:extension:minPinLength: true, webauthn:extension:prf: true, webauthn:virtualAuthenticators: true}
Session ID: dba856153c51f27bbc2c5fe3933588b9
	at org.openqa.selenium.remote.codec.w3c.W3CHttpResponseCodec.createException(W3CHttpResponseCodec.java:200)
	at org.openqa.selenium.remote.codec.w3c.W3CHttpResponseCodec.decode(W3CHttpResponseCodec.java:133)
	at org.openqa.selenium.remote.codec.w3c.W3CHttpResponseCodec.decode(W3CHttpResponseCodec.java:52)
	at org.openqa.selenium.remote.HttpCommandExecutor.execute(HttpCommandExecutor.java:191)
	at org.openqa.selenium.remote.service.DriverCommandExecutor.invokeExecute(DriverCommandExecutor.java:200)
	at org.openqa.selenium.remote.service.DriverCommandExecutor.execute(DriverCommandExecutor.java:175)
	at org.openqa.selenium.remote.RemoteWebDriver.execute(RemoteWebDriver.java:523)
	at org.openqa.selenium.remote.ElementLocation$ElementFinder$2.findElement(ElementLocation.java:165)
	at org.openqa.selenium.remote.ElementLocation.findElement(ElementLocation.java:59)
	at org.openqa.selenium.remote.RemoteWebDriver.findElement(RemoteWebDriver.java:360)
	at org.openqa.selenium.remote.RemoteWebDriver.findElement(RemoteWebDriver.java:354)
	at org.openqa.selenium.support.pagefactory.DefaultElementLocator.findElement(DefaultElementLocator.java:68)
	at org.openqa.selenium.support.pagefactory.internal.LocatingElementHandler.invoke(LocatingElementHandler.java:38)
	at jdk.proxy2/jdk.proxy2.$Proxy18.isDisplayed(Unknown Source)
	at org.openqa.selenium.support.ui.ExpectedConditions.elementIfVisible(ExpectedConditions.java:304)
	at org.openqa.selenium.support.ui.ExpectedConditions$10.apply(ExpectedConditions.java:290)
	at org.openqa.selenium.support.ui.ExpectedConditions$10.apply(ExpectedConditions.java:287)
	at org.openqa.selenium.support.ui.FluentWait.until(FluentWait.java:204)
	... 32 more
... Removed 31 stack frames
</div> <!-- stack-trace -->
                </div> <!-- method-content -->
              </div> <!-- method -->
            </div> <!-- main-panel-content rounded-window-bottom -->
          </div> <!-- suite-Providio_Smoke_Test-class-failed -->
          <div class="suite-Providio_Smoke_Test-class-failed">
            <div class="main-panel-header rounded-window-top">
              <img src="failed.png"/>
              <span class="class-name">testScripts.OrderStatusPicklistAddTest</span>
            </div> <!-- main-panel-header rounded-window-top -->
            <div class="main-panel-content rounded-window-bottom">
              <div class="method">
                <div class="method-content">
                  <a name="VerifyingAddReqPickListValuesToorderStatusAfterpostDeployment">
                  </a> <!-- VerifyingAddReqPickListValuesToorderStatusAfterpostDeployment -->
                  <span class="method-name">VerifyingAddReqPickListValuesToorderStatusAfterpostDeployment</span>
                  <div class="stack-trace">org.openqa.selenium.TimeoutException: Expected condition failed: waiting for visibility of Proxy element for: DefaultElementLocator &apos;By.xpath: //ul[@class=&apos;tabBarItems slds-grid&apos;]//span[text()=&apos;Object Manager&apos;]&apos; (tried for 120 second(s) with 3000 milliseconds interval)
	at org.openqa.selenium.support.ui.FluentWait.timeoutException(FluentWait.java:261)
	at org.openqa.selenium.support.ui.FluentWait.until(FluentWait.java:229)
	at functionality.Actionsss.fluentWait(Actionsss.java:212)
	at tasks_Post_Deployment.OrderStatusPickListValuesTask.Statuspicklist(OrderStatusPickListValuesTask.java:16)
	at testScripts.OrderStatusPicklistAddTest.VerifyingAddReqPickListValuesToorderStatusAfterpostDeployment(OrderStatusPicklistAddTest.java:11)
	at java.base/java.util.ArrayList.forEach(ArrayList.java:1511)
Caused by: org.openqa.selenium.NoSuchElementException: no such element: Unable to locate element: {&quot;method&quot;:&quot;xpath&quot;,&quot;selector&quot;:&quot;//ul[@class=&apos;tabBarItems slds-grid&apos;]//span[text()=&apos;Object Manager&apos;]&quot;}
  (Session info: chrome=122.0.6261.113)
For documentation on this error, please visit: https://www.selenium.dev/documentation/webdriver/troubleshooting/errors#no-such-element-exception
Build info: version: &apos;4.16.1&apos;, revision: &apos;9b4c83354e&apos;
System info: os.name: &apos;Windows 10&apos;, os.arch: &apos;amd64&apos;, os.version: &apos;10.0&apos;, java.version: &apos;17.0.7&apos;
Driver info: org.openqa.selenium.chrome.ChromeDriver
Command: [dba856153c51f27bbc2c5fe3933588b9, findElement {using=xpath, value=//ul[@class=&apos;tabBarItems slds-grid&apos;]//span[text()=&apos;Object Manager&apos;]}]
Capabilities {acceptInsecureCerts: false, browserName: chrome, browserVersion: 122.0.6261.113, chrome: {chromedriverVersion: 122.0.6261.128 (f18a44fedeb..., userDataDir: C:\Users\UPENDR~1\AppData\L...}, fedcm:accounts: true, goog:chromeOptions: {debuggerAddress: localhost:58228}, networkConnectionEnabled: false, pageLoadStrategy: normal, platformName: windows, proxy: Proxy(), se:cdp: ws://localhost:58228/devtoo..., se:cdpVersion: 122.0.6261.113, setWindowRect: true, strictFileInteractability: false, timeouts: {implicit: 0, pageLoad: 300000, script: 30000}, unhandledPromptBehavior: dismiss and notify, webauthn:extension:credBlob: true, webauthn:extension:largeBlob: true, webauthn:extension:minPinLength: true, webauthn:extension:prf: true, webauthn:virtualAuthenticators: true}
Session ID: dba856153c51f27bbc2c5fe3933588b9
	at org.openqa.selenium.remote.codec.w3c.W3CHttpResponseCodec.createException(W3CHttpResponseCodec.java:200)
	at org.openqa.selenium.remote.codec.w3c.W3CHttpResponseCodec.decode(W3CHttpResponseCodec.java:133)
	at org.openqa.selenium.remote.codec.w3c.W3CHttpResponseCodec.decode(W3CHttpResponseCodec.java:52)
	at org.openqa.selenium.remote.HttpCommandExecutor.execute(HttpCommandExecutor.java:191)
	at org.openqa.selenium.remote.service.DriverCommandExecutor.invokeExecute(DriverCommandExecutor.java:200)
	at org.openqa.selenium.remote.service.DriverCommandExecutor.execute(DriverCommandExecutor.java:175)
	at org.openqa.selenium.remote.RemoteWebDriver.execute(RemoteWebDriver.java:523)
	at org.openqa.selenium.remote.ElementLocation$ElementFinder$2.findElement(ElementLocation.java:165)
	at org.openqa.selenium.remote.ElementLocation.findElement(ElementLocation.java:59)
	at org.openqa.selenium.remote.RemoteWebDriver.findElement(RemoteWebDriver.java:360)
	at org.openqa.selenium.remote.RemoteWebDriver.findElement(RemoteWebDriver.java:354)
	at org.openqa.selenium.support.pagefactory.DefaultElementLocator.findElement(DefaultElementLocator.java:68)
	at org.openqa.selenium.support.pagefactory.internal.LocatingElementHandler.invoke(LocatingElementHandler.java:38)
	at jdk.proxy2/jdk.proxy2.$Proxy18.isDisplayed(Unknown Source)
	at org.openqa.selenium.support.ui.ExpectedConditions.elementIfVisible(ExpectedConditions.java:304)
	at org.openqa.selenium.support.ui.ExpectedConditions$10.apply(ExpectedConditions.java:290)
	at org.openqa.selenium.support.ui.ExpectedConditions$10.apply(ExpectedConditions.java:287)
	at org.openqa.selenium.support.ui.FluentWait.until(FluentWait.java:204)
	... 31 more
... Removed 31 stack frames
</div> <!-- stack-trace -->
                </div> <!-- method-content -->
              </div> <!-- method -->
            </div> <!-- main-panel-content rounded-window-bottom -->
          </div> <!-- suite-Providio_Smoke_Test-class-failed -->
          <div class="suite-Providio_Smoke_Test-class-passed">
            <div class="main-panel-header rounded-window-top">
              <img src="passed.png"/>
              <span class="class-name">testScripts.CheckTheOrgEditionTests</span>
            </div> <!-- main-panel-header rounded-window-top -->
            <div class="main-panel-content rounded-window-bottom">
              <div class="method">
                <div class="method-content">
                  <a name="VerifyingCompanyInfoSearchAndOrgEdition">
                  </a> <!-- VerifyingCompanyInfoSearchAndOrgEdition -->
                  <span class="method-name">VerifyingCompanyInfoSearchAndOrgEdition</span>
                </div> <!-- method-content -->
              </div> <!-- method -->
            </div> <!-- main-panel-content rounded-window-bottom -->
          </div> <!-- suite-Providio_Smoke_Test-class-passed -->
          <div class="suite-Providio_Smoke_Test-class-passed">
            <div class="main-panel-header rounded-window-top">
              <img src="passed.png"/>
              <span class="class-name">browser.launchingforCCBrowser</span>
            </div> <!-- main-panel-header rounded-window-top -->
            <div class="main-panel-content rounded-window-bottom">
              <div class="method">
                <div class="method-content">
                  <a name="VerifingCCLaunching">
                  </a> <!-- VerifingCCLaunching -->
                  <span class="method-name">VerifingCCLaunching</span>
                </div> <!-- method-content -->
              </div> <!-- method -->
            </div> <!-- main-panel-content rounded-window-bottom -->
          </div> <!-- suite-Providio_Smoke_Test-class-passed -->
          <div class="suite-Providio_Smoke_Test-class-passed">
            <div class="main-panel-header rounded-window-top">
              <img src="passed.png"/>
              <span class="class-name">testScripts.EnablePersonAccountTest</span>
            </div> <!-- main-panel-header rounded-window-top -->
            <div class="main-panel-content rounded-window-bottom">
              <div class="method">
                <div class="method-content">
                  <a name="VerifyingEnablePersonAccountsfromSideMenu">
                  </a> <!-- VerifyingEnablePersonAccountsfromSideMenu -->
                  <span class="method-name">VerifyingEnablePersonAccountsfromSideMenu</span>
                </div> <!-- method-content -->
              </div> <!-- method -->
            </div> <!-- main-panel-content rounded-window-bottom -->
          </div> <!-- suite-Providio_Smoke_Test-class-passed -->
          <div class="suite-Providio_Smoke_Test-class-passed">
            <div class="main-panel-header rounded-window-top">
              <img src="passed.png"/>
              <span class="class-name">testScripts.OrderManagementTest</span>
            </div> <!-- main-panel-header rounded-window-top -->
            <div class="main-panel-content rounded-window-bottom">
              <div class="method">
                <div class="method-content">
                  <a name="VerifyingOrderManagementPagefromSideMenu">
                  </a> <!-- VerifyingOrderManagementPagefromSideMenu -->
                  <span class="method-name">VerifyingOrderManagementPagefromSideMenu</span>
                </div> <!-- method-content -->
              </div> <!-- method -->
            </div> <!-- main-panel-content rounded-window-bottom -->
          </div> <!-- suite-Providio_Smoke_Test-class-passed -->
          <div class="suite-Providio_Smoke_Test-class-passed">
            <div class="main-panel-header rounded-window-top">
              <img src="passed.png"/>
              <span class="class-name">testScripts.CheckCurrencySettoUSDTest</span>
            </div> <!-- main-panel-header rounded-window-top -->
            <div class="main-panel-content rounded-window-bottom">
              <div class="method">
                <div class="method-content">
                  <a name="VerifyingCurrencyisSetToUsd">
                  </a> <!-- VerifyingCurrencyisSetToUsd -->
                  <span class="method-name">VerifyingCurrencyisSetToUsd</span>
                </div> <!-- method-content -->
              </div> <!-- method -->
            </div> <!-- main-panel-content rounded-window-bottom -->
          </div> <!-- suite-Providio_Smoke_Test-class-passed -->
          <div class="suite-Providio_Smoke_Test-class-passed">
            <div class="main-panel-header rounded-window-top">
              <img src="passed.png"/>
              <span class="class-name">testScripts.loginToCC</span>
            </div> <!-- main-panel-header rounded-window-top -->
            <div class="main-panel-content rounded-window-bottom">
              <div class="method">
                <div class="method-content">
                  <a name="VerifyingLoginWithValidCredentialsCCSandBox">
                  </a> <!-- VerifyingLoginWithValidCredentialsCCSandBox -->
                  <span class="method-name">VerifyingLoginWithValidCredentialsCCSandBox</span>
                </div> <!-- method-content -->
              </div> <!-- method -->
            </div> <!-- main-panel-content rounded-window-bottom -->
          </div> <!-- suite-Providio_Smoke_Test-class-passed -->
          <div class="suite-Providio_Smoke_Test-class-passed">
            <div class="main-panel-header rounded-window-top">
              <img src="passed.png"/>
              <span class="class-name">testScripts.OmniChannelInventryTest</span>
            </div> <!-- main-panel-header rounded-window-top -->
            <div class="main-panel-content rounded-window-bottom">
              <div class="method">
                <div class="method-content">
                  <a name="VerifyingEnableOmniChannelInverntryfromSideMenu">
                  </a> <!-- VerifyingEnableOmniChannelInverntryfromSideMenu -->
                  <span class="method-name">VerifyingEnableOmniChannelInverntryfromSideMenu</span>
                </div> <!-- method-content -->
              </div> <!-- method -->
            </div> <!-- main-panel-content rounded-window-bottom -->
          </div> <!-- suite-Providio_Smoke_Test-class-passed -->
          <div class="suite-Providio_Smoke_Test-class-passed">
            <div class="main-panel-header rounded-window-top">
              <img src="passed.png"/>
              <span class="class-name">testScripts.deploymentTest</span>
            </div> <!-- main-panel-header rounded-window-top -->
            <div class="main-panel-content rounded-window-bottom">
              <div class="method">
                <div class="method-content">
                  <a name="VerifyingInstallpackageURL">
                  </a> <!-- VerifyingInstallpackageURL -->
                  <span class="method-name">VerifyingInstallpackageURL</span>
                </div> <!-- method-content -->
              </div> <!-- method -->
            </div> <!-- main-panel-content rounded-window-bottom -->
          </div> <!-- suite-Providio_Smoke_Test-class-passed -->
          <div class="suite-Providio_Smoke_Test-class-passed">
            <div class="main-panel-header rounded-window-top">
              <img src="passed.png"/>
              <span class="class-name">testScripts.enablePathSettingsTest</span>
            </div> <!-- main-panel-header rounded-window-top -->
            <div class="main-panel-content rounded-window-bottom">
              <div class="method">
                <div class="method-content">
                  <a name="VerifyingEnablepathSettingsfromSideMenu">
                  </a> <!-- VerifyingEnablepathSettingsfromSideMenu -->
                  <span class="method-name">VerifyingEnablepathSettingsfromSideMenu</span>
                </div> <!-- method-content -->
              </div> <!-- method -->
            </div> <!-- main-panel-content rounded-window-bottom -->
          </div> <!-- suite-Providio_Smoke_Test-class-passed -->
          <div class="suite-Providio_Smoke_Test-class-passed">
            <div class="main-panel-header rounded-window-top">
              <img src="passed.png"/>
              <span class="class-name">testScripts.OrderSettingsTests</span>
            </div> <!-- main-panel-header rounded-window-top -->
            <div class="main-panel-content rounded-window-bottom">
              <div class="method">
                <div class="method-content">
                  <a name="VerifyingOrderSettingPagefromSideMenu">
                  </a> <!-- VerifyingOrderSettingPagefromSideMenu -->
                  <span class="method-name">VerifyingOrderSettingPagefromSideMenu</span>
                </div> <!-- method-content -->
              </div> <!-- method -->
            </div> <!-- main-panel-content rounded-window-bottom -->
          </div> <!-- suite-Providio_Smoke_Test-class-passed -->
          <div class="suite-Providio_Smoke_Test-class-passed">
            <div class="main-panel-header rounded-window-top">
              <img src="passed.png"/>
              <span class="class-name">testScripts.loginPageTest</span>
            </div> <!-- main-panel-header rounded-window-top -->
            <div class="main-panel-content rounded-window-bottom">
              <div class="method">
                <div class="method-content">
                  <a name="VerifyingLoginWithValidCredentials">
                  </a> <!-- VerifyingLoginWithValidCredentials -->
                  <span class="method-name">VerifyingLoginWithValidCredentials</span>
                </div> <!-- method-content -->
              </div> <!-- method -->
            </div> <!-- main-panel-content rounded-window-bottom -->
          </div> <!-- suite-Providio_Smoke_Test-class-passed -->
        </div> <!-- panel Providio_Smoke_Test -->
        <div panel-name="test-xml-Providio_Smoke_Test" class="panel">
          <div class="main-panel-header rounded-window-top">
            <span class="header-content">C:\Users\UpendraReddy\git\Oms\proVidioETG\Test.Xml</span>
          </div> <!-- main-panel-header rounded-window-top -->
          <div class="main-panel-content rounded-window-bottom">
            <pre>
&lt;?xml version=&quot;1.0&quot; encoding=&quot;UTF-8&quot;?&gt;
&lt;!DOCTYPE suite SYSTEM &quot;https://testng.org/testng-1.0.dtd&quot;&gt;
&lt;suite name=&quot;Providio Smoke Test&quot;&gt;
  &lt;test thread-count=&quot;5&quot; name=&quot;SmokeTest&quot;&gt;
    &lt;classes&gt;
      &lt;class name=&quot;browser.launchingforCCBrowser&quot;/&gt;
      &lt;class name=&quot;testScripts.loginToCC&quot;/&gt;
      &lt;class name=&quot;testScripts.loginPageTest&quot;&gt;
        &lt;methods&gt;
          &lt;include name=&quot;VerifyingLoginWithValidCredentials&quot;/&gt;
        &lt;/methods&gt;
      &lt;/class&gt; &lt;!-- testScripts.loginPageTest --&gt;
      &lt;class name=&quot;testScripts.CheckTheOrgEditionTests&quot;&gt;
        &lt;methods&gt;
          &lt;include name=&quot;VerifyingCompanyInfoSearchAndOrgEdition&quot;/&gt;
        &lt;/methods&gt;
      &lt;/class&gt; &lt;!-- testScripts.CheckTheOrgEditionTests --&gt;
      &lt;class name=&quot;testScripts.CheckCurrencySettoUSDTest&quot;&gt;
        &lt;methods&gt;
          &lt;include name=&quot;VerifyingCurrencyisSetToUsd&quot;/&gt;
        &lt;/methods&gt;
      &lt;/class&gt; &lt;!-- testScripts.CheckCurrencySettoUSDTest --&gt;
      &lt;class name=&quot;testScripts.OrderSettingsTests&quot;&gt;
        &lt;methods&gt;
          &lt;include name=&quot;VerifyingOrderSettingPagefromSideMenu&quot;/&gt;
        &lt;/methods&gt;
      &lt;/class&gt; &lt;!-- testScripts.OrderSettingsTests --&gt;
      &lt;class name=&quot;testScripts.EnablePersonAccountTest&quot;&gt;
        &lt;methods&gt;
          &lt;include name=&quot;VerifyingEnablePersonAccountsfromSideMenu&quot;/&gt;
        &lt;/methods&gt;
      &lt;/class&gt; &lt;!-- testScripts.EnablePersonAccountTest --&gt;
      &lt;class name=&quot;testScripts.OrderManagementTest&quot;&gt;
        &lt;methods&gt;
          &lt;include name=&quot;VerifyingOrderManagementPagefromSideMenu&quot;/&gt;
        &lt;/methods&gt;
      &lt;/class&gt; &lt;!-- testScripts.OrderManagementTest --&gt;
      &lt;class name=&quot;testScripts.OmniChannelInventryTest&quot;&gt;
        &lt;methods&gt;
          &lt;include name=&quot;VerifyingEnableOmniChannelInverntryfromSideMenu&quot;/&gt;
        &lt;/methods&gt;
      &lt;/class&gt; &lt;!-- testScripts.OmniChannelInventryTest --&gt;
      &lt;class name=&quot;testScripts.ConnectWithB2CTest&quot;&gt;
        &lt;methods&gt;
          &lt;include name=&quot;VerifyingConnectWithB2CfromSideMenu&quot;/&gt;
        &lt;/methods&gt;
      &lt;/class&gt; &lt;!-- testScripts.ConnectWithB2CTest --&gt;
      &lt;class name=&quot;testScripts.enablePathSettingsTest&quot;&gt;
        &lt;methods&gt;
          &lt;include name=&quot;VerifyingEnablepathSettingsfromSideMenu&quot;/&gt;
        &lt;/methods&gt;
      &lt;/class&gt; &lt;!-- testScripts.enablePathSettingsTest --&gt;
      &lt;class name=&quot;testScripts.deploymentTest&quot;&gt;
        &lt;methods&gt;
          &lt;include name=&quot;VerifyingInstallpackageURL&quot;/&gt;
        &lt;/methods&gt;
      &lt;/class&gt; &lt;!-- testScripts.deploymentTest --&gt;
      &lt;class name=&quot;testScripts.ProdcutFamilyPicklistValuesTest&quot;&gt;
        &lt;methods&gt;
          &lt;include name=&quot;VerifyingAddReqPickListValuesToProductFamilyAfterpostDeployment&quot;/&gt;
        &lt;/methods&gt;
      &lt;/class&gt; &lt;!-- testScripts.ProdcutFamilyPicklistValuesTest --&gt;
      &lt;class name=&quot;testScripts.OrderStatusPicklistAddTest&quot;&gt;
        &lt;methods&gt;
          &lt;include name=&quot;VerifyingAddReqPickListValuesToorderStatusAfterpostDeployment&quot;/&gt;
        &lt;/methods&gt;
      &lt;/class&gt; &lt;!-- testScripts.OrderStatusPicklistAddTest --&gt;
      &lt;class name=&quot;testScripts.orderSummeryStatusPicklistAddTest&quot;&gt;
        &lt;methods&gt;
          &lt;include name=&quot;VerifyingAddReqPickListValuesToOrderSummeryAfterpostDeployment&quot;/&gt;
        &lt;/methods&gt;
      &lt;/class&gt; &lt;!-- testScripts.orderSummeryStatusPicklistAddTest --&gt;
      &lt;class name=&quot;testScripts.checkOrderSummerieswithStoreFront&quot;&gt;
        &lt;methods&gt;
          &lt;include name=&quot;VerifyingOrderSummeriesWithStoreFornt&quot;/&gt;
        &lt;/methods&gt;
      &lt;/class&gt; &lt;!-- testScripts.checkOrderSummerieswithStoreFront --&gt;
    &lt;/classes&gt;
  &lt;/test&gt; &lt;!-- SmokeTest --&gt;
&lt;/suite&gt; &lt;!-- Providio Smoke Test --&gt;
            </pre>
          </div> <!-- main-panel-content rounded-window-bottom -->
        </div> <!-- panel -->
        <div panel-name="testlist-Providio_Smoke_Test" class="panel">
          <div class="main-panel-header rounded-window-top">
            <span class="header-content">Tests for Providio Smoke Test</span>
          </div> <!-- main-panel-header rounded-window-top -->
          <div class="main-panel-content rounded-window-bottom">
            <ul>
              <li>
                <span class="test-name">SmokeTest (16 classes)</span>
              </li>
            </ul>
          </div> <!-- main-panel-content rounded-window-bottom -->
        </div> <!-- panel -->
        <div panel-name="group-Providio_Smoke_Test" class="panel">
          <div class="main-panel-header rounded-window-top">
            <span class="header-content">Groups for Providio Smoke Test</span>
          </div> <!-- main-panel-header rounded-window-top -->
          <div class="main-panel-content rounded-window-bottom">
          </div> <!-- main-panel-content rounded-window-bottom -->
        </div> <!-- panel -->
        <div panel-name="times-Providio_Smoke_Test" class="panel">
          <div class="main-panel-header rounded-window-top">
            <span class="header-content">Times for Providio Smoke Test</span>
          </div> <!-- main-panel-header rounded-window-top -->
          <div class="main-panel-content rounded-window-bottom">
            <div class="times-div">
              <script type="text/javascript">
suiteTableInitFunctions.push('tableData_Providio_Smoke_Test');
function tableData_Providio_Smoke_Test() {
var data = new google.visualization.DataTable();
data.addColumn('number', 'Number');
data.addColumn('string', 'Method');
data.addColumn('string', 'Class');
data.addColumn('number', 'Time (ms)');
data.addRows(16);
data.setCell(0, 0, 0)
data.setCell(0, 1, 'VerifyingConnectWithB2CfromSideMenu')
data.setCell(0, 2, 'testScripts.ConnectWithB2CTest')
data.setCell(0, 3, 344271);
data.setCell(1, 0, 1)
data.setCell(1, 1, 'VerifyingAddReqPickListValuesToProductFamilyAfterpostDeployment')
data.setCell(1, 2, 'testScripts.ProdcutFamilyPicklistValuesTest')
data.setCell(1, 3, 174674);
data.setCell(2, 0, 2)
data.setCell(2, 1, 'VerifyingEnablePersonAccountsfromSideMenu')
data.setCell(2, 2, 'testScripts.EnablePersonAccountTest')
data.setCell(2, 3, 154238);
data.setCell(3, 0, 3)
data.setCell(3, 1, 'VerifyingInstallpackageURL')
data.setCell(3, 2, 'testScripts.deploymentTest')
data.setCell(3, 3, 123630);
data.setCell(4, 0, 4)
data.setCell(4, 1, 'VerifyingAddReqPickListValuesToorderStatusAfterpostDeployment')
data.setCell(4, 2, 'testScripts.OrderStatusPicklistAddTest')
data.setCell(4, 3, 121356);
data.setCell(5, 0, 5)
data.setCell(5, 1, 'VerifyingAddReqPickListValuesToOrderSummeryAfterpostDeployment')
data.setCell(5, 2, 'testScripts.orderSummeryStatusPicklistAddTest')
data.setCell(5, 3, 121133);
data.setCell(6, 0, 6)
data.setCell(6, 1, 'VerifyingLoginWithValidCredentialsCCSandBox')
data.setCell(6, 2, 'testScripts.loginToCC')
data.setCell(6, 3, 97825);
data.setCell(7, 0, 7)
data.setCell(7, 1, 'VerifyingOrderSettingPagefromSideMenu')
data.setCell(7, 2, 'testScripts.OrderSettingsTests')
data.setCell(7, 3, 64028);
data.setCell(8, 0, 8)
data.setCell(8, 1, 'VerifyingOrderManagementPagefromSideMenu')
data.setCell(8, 2, 'testScripts.OrderManagementTest')
data.setCell(8, 3, 54768);
data.setCell(9, 0, 9)
data.setCell(9, 1, 'VerifyingEnablepathSettingsfromSideMenu')
data.setCell(9, 2, 'testScripts.enablePathSettingsTest')
data.setCell(9, 3, 43440);
data.setCell(10, 0, 10)
data.setCell(10, 1, 'VerifyingEnableOmniChannelInverntryfromSideMenu')
data.setCell(10, 2, 'testScripts.OmniChannelInventryTest')
data.setCell(10, 3, 39386);
data.setCell(11, 0, 11)
data.setCell(11, 1, 'VerifyingLoginWithValidCredentials')
data.setCell(11, 2, 'testScripts.loginPageTest')
data.setCell(11, 3, 29006);
data.setCell(12, 0, 12)
data.setCell(12, 1, 'VerifyingCompanyInfoSearchAndOrgEdition')
data.setCell(12, 2, 'testScripts.CheckTheOrgEditionTests')
data.setCell(12, 3, 15747);
data.setCell(13, 0, 13)
data.setCell(13, 1, 'VerifingCCLaunching')
data.setCell(13, 2, 'browser.launchingforCCBrowser')
data.setCell(13, 3, 6612);
data.setCell(14, 0, 14)
data.setCell(14, 1, 'VerifyingCurrencyisSetToUsd')
data.setCell(14, 2, 'testScripts.CheckCurrencySettoUSDTest')
data.setCell(14, 3, 3087);
data.setCell(15, 0, 15)
data.setCell(15, 1, 'VerifyingOrderSummeriesWithStoreFornt')
data.setCell(15, 2, 'testScripts.checkOrderSummerieswithStoreFront')
data.setCell(15, 3, 14);
window.suiteTableData['Providio_Smoke_Test']= { tableData: data, tableDiv: 'times-div-Providio_Smoke_Test'}
return data;
}
              </script>
              <span class="suite-total-time">Total running time: 23 minutes</span>
              <div id="times-div-Providio_Smoke_Test">
              </div> <!-- times-div-Providio_Smoke_Test -->
            </div> <!-- times-div -->
          </div> <!-- main-panel-content rounded-window-bottom -->
        </div> <!-- panel -->
        <div panel-name="reporter-Providio_Smoke_Test" class="panel">
          <div class="main-panel-header rounded-window-top">
            <span class="header-content">Reporter output for Providio Smoke Test</span>
          </div> <!-- main-panel-header rounded-window-top -->
          <div class="main-panel-content rounded-window-bottom">
          </div> <!-- main-panel-content rounded-window-bottom -->
        </div> <!-- panel -->
        <div panel-name="ignored-methods-Providio_Smoke_Test" class="panel">
          <div class="main-panel-header rounded-window-top">
            <span class="header-content">30 ignored methods</span>
          </div> <!-- main-panel-header rounded-window-top -->
          <div class="main-panel-content rounded-window-bottom">
            <div class="ignored-class-div">
              <span class="ignored-class-name">testScripts.ConnectWithB2CTest</span>
              <div class="ignored-methods-div">
                <span class="ignored-method-name">setUpforReport</span>
                <br/>
                <span class="ignored-method-name">tearDown</span>
                <br/>
              </div> <!-- ignored-methods-div -->
            </div> <!-- ignored-class-div -->
            <div class="ignored-class-div">
              <span class="ignored-class-name">testScripts.CheckCurrencySettoUSDTest</span>
              <div class="ignored-methods-div">
                <span class="ignored-method-name">setUpforReport</span>
                <br/>
                <span class="ignored-method-name">tearDown</span>
                <br/>
              </div> <!-- ignored-methods-div -->
            </div> <!-- ignored-class-div -->
            <div class="ignored-class-div">
              <span class="ignored-class-name">testScripts.OmniChannelInventryTest</span>
              <div class="ignored-methods-div">
                <span class="ignored-method-name">setUpforReport</span>
                <br/>
                <span class="ignored-method-name">tearDown</span>
                <br/>
              </div> <!-- ignored-methods-div -->
            </div> <!-- ignored-class-div -->
            <div class="ignored-class-div">
              <span class="ignored-class-name">testScripts.deploymentTest</span>
              <div class="ignored-methods-div">
                <span class="ignored-method-name">setUpforReport</span>
                <br/>
                <span class="ignored-method-name">tearDown</span>
                <br/>
              </div> <!-- ignored-methods-div -->
            </div> <!-- ignored-class-div -->
            <div class="ignored-class-div">
              <span class="ignored-class-name">testScripts.checkOrderSummerieswithStoreFront</span>
              <div class="ignored-methods-div">
                <span class="ignored-method-name">setUpforReport</span>
                <br/>
                <span class="ignored-method-name">tearDown</span>
                <br/>
              </div> <!-- ignored-methods-div -->
            </div> <!-- ignored-class-div -->
            <div class="ignored-class-div">
              <span class="ignored-class-name">testScripts.enablePathSettingsTest</span>
              <div class="ignored-methods-div">
                <span class="ignored-method-name">tearDown</span>
                <br/>
                <span class="ignored-method-name">setUpforReport</span>
                <br/>
              </div> <!-- ignored-methods-div -->
            </div> <!-- ignored-class-div -->
            <div class="ignored-class-div">
              <span class="ignored-class-name">testScripts.ProdcutFamilyPicklistValuesTest</span>
              <div class="ignored-methods-div">
                <span class="ignored-method-name">tearDown</span>
                <br/>
                <span class="ignored-method-name">setUpforReport</span>
                <br/>
              </div> <!-- ignored-methods-div -->
            </div> <!-- ignored-class-div -->
            <div class="ignored-class-div">
              <span class="ignored-class-name">testScripts.OrderStatusPicklistAddTest</span>
              <div class="ignored-methods-div">
                <span class="ignored-method-name">setUpforReport</span>
                <br/>
                <span class="ignored-method-name">tearDown</span>
                <br/>
              </div> <!-- ignored-methods-div -->
            </div> <!-- ignored-class-div -->
            <div class="ignored-class-div">
              <span class="ignored-class-name">testScripts.loginPageTest</span>
              <div class="ignored-methods-div">
                <span class="ignored-method-name">tearDown</span>
                <br/>
                <span class="ignored-method-name">setUpforReport</span>
                <br/>
              </div> <!-- ignored-methods-div -->
            </div> <!-- ignored-class-div -->
            <div class="ignored-class-div">
              <span class="ignored-class-name">testScripts.CheckTheOrgEditionTests</span>
              <div class="ignored-methods-div">
                <span class="ignored-method-name">setUpforReport</span>
                <br/>
                <span class="ignored-method-name">tearDown</span>
                <br/>
              </div> <!-- ignored-methods-div -->
            </div> <!-- ignored-class-div -->
            <div class="ignored-class-div">
              <span class="ignored-class-name">testScripts.EnablePersonAccountTest</span>
              <div class="ignored-methods-div">
                <span class="ignored-method-name">setUpforReport</span>
                <br/>
                <span class="ignored-method-name">tearDown</span>
                <br/>
              </div> <!-- ignored-methods-div -->
            </div> <!-- ignored-class-div -->
            <div class="ignored-class-div">
              <span class="ignored-class-name">testScripts.OrderManagementTest</span>
              <div class="ignored-methods-div">
                <span class="ignored-method-name">setUpforReport</span>
                <br/>
                <span class="ignored-method-name">tearDown</span>
                <br/>
              </div> <!-- ignored-methods-div -->
            </div> <!-- ignored-class-div -->
            <div class="ignored-class-div">
              <span class="ignored-class-name">testScripts.loginToCC</span>
              <div class="ignored-methods-div">
                <span class="ignored-method-name">setUpforReport</span>
                <br/>
                <span class="ignored-method-name">tearDown</span>
                <br/>
              </div> <!-- ignored-methods-div -->
            </div> <!-- ignored-class-div -->
            <div class="ignored-class-div">
              <span class="ignored-class-name">testScripts.orderSummeryStatusPicklistAddTest</span>
              <div class="ignored-methods-div">
                <span class="ignored-method-name">tearDown</span>
                <br/>
                <span class="ignored-method-name">setUpforReport</span>
                <br/>
              </div> <!-- ignored-methods-div -->
            </div> <!-- ignored-class-div -->
            <div class="ignored-class-div">
              <span class="ignored-class-name">testScripts.OrderSettingsTests</span>
              <div class="ignored-methods-div">
                <span class="ignored-method-name">setUpforReport</span>
                <br/>
                <span class="ignored-method-name">tearDown</span>
                <br/>
              </div> <!-- ignored-methods-div -->
            </div> <!-- ignored-class-div -->
          </div> <!-- main-panel-content rounded-window-bottom -->
        </div> <!-- panel -->
        <div panel-name="chronological-Providio_Smoke_Test" class="panel">
          <div class="main-panel-header rounded-window-top">
            <span class="header-content">Methods in chronological order</span>
          </div> <!-- main-panel-header rounded-window-top -->
          <div class="main-panel-content rounded-window-bottom">
            <div class="chronological-class">
              <div class="chronological-class-name">browser.launchingforCCBrowser</div> <!-- chronological-class-name -->
              <div class="configuration-suite before">
                <span class="method-name">setUpforReport</span>
                <span class="method-start">0 ms</span>
              </div> <!-- configuration-suite before -->
              <div class="configuration-class before">
                <span class="method-name">setUp</span>
                <span class="method-start">280 ms</span>
              </div> <!-- configuration-class before -->
              <div class="configuration-method before">
                <span class="method-name">afterClass(public void browser.launchingforCCBrowser.VerifingCCLaunching() throws java.lang.InterruptedExceptio...)</span>
                <span class="method-start">334 ms</span>
              </div> <!-- configuration-method before -->
              <div class="test-method">
                <span class="method-name">VerifingCCLaunching</span>
                <span class="method-start">342 ms</span>
              </div> <!-- test-method -->
              <div class="configuration-method after">
                <span class="method-name">afterMethod([TestResult name=VerifingCCLaunching status=SUCCESS method=launchingforCCBrowser.VerifingCCLaunching...)</span>
                <span class="method-start">6956 ms</span>
              </div> <!-- configuration-method after -->
              <div class="configuration-class after">
                <span class="method-name">afterclass</span>
                <span class="method-start">6958 ms</span>
              </div> <!-- configuration-class after -->
            </div> <!-- chronological-class -->
            <div class="chronological-class">
              <div class="chronological-class-name">testScripts.loginToCC</div> <!-- chronological-class-name -->
              <div class="configuration-class before">
                <span class="method-name">setUp</span>
                <span class="method-start">6961 ms</span>
              </div> <!-- configuration-class before -->
              <div class="configuration-method before">
                <span class="method-name">afterClass(public void testScripts.loginToCC.VerifyingLoginWithValidCredentialsCCSandBox() throws java.lang.Exc...)</span>
                <span class="method-start">6967 ms</span>
              </div> <!-- configuration-method before -->
              <div class="test-method">
                <span class="method-name">VerifyingLoginWithValidCredentialsCCSandBox</span>
                <span class="method-start">6968 ms</span>
              </div> <!-- test-method -->
              <div class="configuration-class after">
                <span class="method-name">afterclass</span>
                <span class="method-start">104794 ms</span>
              </div> <!-- configuration-class after -->
            </div> <!-- chronological-class -->
            <div class="chronological-class">
              <div class="chronological-class-name">testScripts.loginPageTest</div> <!-- chronological-class-name -->
              <div class="configuration-class before">
                <span class="method-name">setUp</span>
                <span class="method-start">104794 ms</span>
              </div> <!-- configuration-class before -->
            </div> <!-- chronological-class -->
            <div class="chronological-class">
              <div class="chronological-class-name">testScripts.loginToCC</div> <!-- chronological-class-name -->
              <div class="configuration-method after">
                <span class="method-name">afterMethod([TestResult name=VerifyingLoginWithValidCredentialsCCSandBox status=SUCCESS method=loginToCC.Verifyi...)</span>
                <span class="method-start">104794 ms</span>
              </div> <!-- configuration-method after -->
            </div> <!-- chronological-class -->
            <div class="chronological-class">
              <div class="chronological-class-name">testScripts.loginPageTest</div> <!-- chronological-class-name -->
              <div class="configuration-method before">
                <span class="method-name">afterClass(public void testScripts.loginPageTest.VerifyingLoginWithValidCredentials() throws java.lang.Exceptio...)</span>
                <span class="method-start">104797 ms</span>
              </div> <!-- configuration-method before -->
              <div class="test-method">
                <span class="method-name">VerifyingLoginWithValidCredentials</span>
                <span class="method-start">104797 ms</span>
              </div> <!-- test-method -->
              <div class="configuration-method after">
                <span class="method-name">afterMethod([TestResult name=VerifyingLoginWithValidCredentials status=SUCCESS method=loginPageTest.VerifyingLog...)</span>
                <span class="method-start">133806 ms</span>
              </div> <!-- configuration-method after -->
              <div class="configuration-class after">
                <span class="method-name">afterclass</span>
                <span class="method-start">133808 ms</span>
              </div> <!-- configuration-class after -->
            </div> <!-- chronological-class -->
            <div class="chronological-class">
              <div class="chronological-class-name">testScripts.CheckTheOrgEditionTests</div> <!-- chronological-class-name -->
              <div class="configuration-class before">
                <span class="method-name">setUp</span>
                <span class="method-start">133810 ms</span>
              </div> <!-- configuration-class before -->
              <div class="configuration-method before">
                <span class="method-name">afterClass(public void testScripts.CheckTheOrgEditionTests.VerifyingCompanyInfoSearchAndOrgEdition() throws jav...)</span>
                <span class="method-start">133821 ms</span>
              </div> <!-- configuration-method before -->
              <div class="test-method">
                <span class="method-name">VerifyingCompanyInfoSearchAndOrgEdition</span>
                <span class="method-start">133822 ms</span>
              </div> <!-- test-method -->
              <div class="configuration-method after">
                <span class="method-name">afterMethod([TestResult name=VerifyingCompanyInfoSearchAndOrgEdition status=SUCCESS method=CheckTheOrgEditionTes...)</span>
                <span class="method-start">149570 ms</span>
              </div> <!-- configuration-method after -->
              <div class="configuration-class after">
                <span class="method-name">afterclass</span>
                <span class="method-start">149570 ms</span>
              </div> <!-- configuration-class after -->
            </div> <!-- chronological-class -->
            <div class="chronological-class">
              <div class="chronological-class-name">testScripts.CheckCurrencySettoUSDTest</div> <!-- chronological-class-name -->
              <div class="configuration-class before">
                <span class="method-name">setUp</span>
                <span class="method-start">149571 ms</span>
              </div> <!-- configuration-class before -->
              <div class="configuration-method before">
                <span class="method-name">afterClass(public void testScripts.CheckCurrencySettoUSDTest.VerifyingCurrencyisSetToUsd() throws java.lang.Exc...)</span>
                <span class="method-start">149573 ms</span>
              </div> <!-- configuration-method before -->
              <div class="test-method">
                <span class="method-name">VerifyingCurrencyisSetToUsd</span>
                <span class="method-start">149574 ms</span>
              </div> <!-- test-method -->
              <div class="configuration-method after">
                <span class="method-name">afterMethod([TestResult name=VerifyingCurrencyisSetToUsd status=SUCCESS method=CheckCurrencySettoUSDTest.Verifyi...)</span>
                <span class="method-start">152664 ms</span>
              </div> <!-- configuration-method after -->
              <div class="configuration-class after">
                <span class="method-name">afterclass</span>
                <span class="method-start">152665 ms</span>
              </div> <!-- configuration-class after -->
            </div> <!-- chronological-class -->
            <div class="chronological-class">
              <div class="chronological-class-name">testScripts.OrderSettingsTests</div> <!-- chronological-class-name -->
              <div class="configuration-class before">
                <span class="method-name">setUp</span>
                <span class="method-start">152666 ms</span>
              </div> <!-- configuration-class before -->
              <div class="configuration-method before">
                <span class="method-name">afterClass(public void testScripts.OrderSettingsTests.VerifyingOrderSettingPagefromSideMenu() throws java.lang....)</span>
                <span class="method-start">152675 ms</span>
              </div> <!-- configuration-method before -->
              <div class="test-method">
                <span class="method-name">VerifyingOrderSettingPagefromSideMenu</span>
                <span class="method-start">152676 ms</span>
              </div> <!-- test-method -->
              <div class="configuration-method after">
                <span class="method-name">afterMethod([TestResult name=VerifyingOrderSettingPagefromSideMenu status=SUCCESS method=OrderSettingsTests.Veri...)</span>
                <span class="method-start">216708 ms</span>
              </div> <!-- configuration-method after -->
              <div class="configuration-class after">
                <span class="method-name">afterclass</span>
                <span class="method-start">216709 ms</span>
              </div> <!-- configuration-class after -->
            </div> <!-- chronological-class -->
            <div class="chronological-class">
              <div class="chronological-class-name">testScripts.EnablePersonAccountTest</div> <!-- chronological-class-name -->
              <div class="configuration-class before">
                <span class="method-name">setUp</span>
                <span class="method-start">216711 ms</span>
              </div> <!-- configuration-class before -->
              <div class="configuration-method before">
                <span class="method-name">afterClass(public void testScripts.EnablePersonAccountTest.VerifyingEnablePersonAccountsfromSideMenu() throws j...)</span>
                <span class="method-start">216720 ms</span>
              </div> <!-- configuration-method before -->
              <div class="test-method">
                <span class="method-name">VerifyingEnablePersonAccountsfromSideMenu</span>
                <span class="method-start">216721 ms</span>
              </div> <!-- test-method -->
              <div class="configuration-method after">
                <span class="method-name">afterMethod([TestResult name=VerifyingEnablePersonAccountsfromSideMenu status=SUCCESS method=EnablePersonAccount...)</span>
                <span class="method-start">370961 ms</span>
              </div> <!-- configuration-method after -->
              <div class="configuration-class after">
                <span class="method-name">afterclass</span>
                <span class="method-start">370962 ms</span>
              </div> <!-- configuration-class after -->
            </div> <!-- chronological-class -->
            <div class="chronological-class">
              <div class="chronological-class-name">testScripts.OrderManagementTest</div> <!-- chronological-class-name -->
              <div class="configuration-class before">
                <span class="method-name">setUp</span>
                <span class="method-start">370962 ms</span>
              </div> <!-- configuration-class before -->
              <div class="configuration-method before">
                <span class="method-name">afterClass(public void testScripts.OrderManagementTest.VerifyingOrderManagementPagefromSideMenu() throws java.l...)</span>
                <span class="method-start">370968 ms</span>
              </div> <!-- configuration-method before -->
              <div class="test-method">
                <span class="method-name">VerifyingOrderManagementPagefromSideMenu</span>
                <span class="method-start">370969 ms</span>
              </div> <!-- test-method -->
              <div class="configuration-method after">
                <span class="method-name">afterMethod([TestResult name=VerifyingOrderManagementPagefromSideMenu status=SUCCESS method=OrderManagementTest....)</span>
                <span class="method-start">425738 ms</span>
              </div> <!-- configuration-method after -->
            </div> <!-- chronological-class -->
            <div class="chronological-class">
              <div class="chronological-class-name">testScripts.OmniChannelInventryTest</div> <!-- chronological-class-name -->
              <div class="configuration-class before">
                <span class="method-name">setUp</span>
                <span class="method-start">425739 ms</span>
              </div> <!-- configuration-class before -->
            </div> <!-- chronological-class -->
            <div class="chronological-class">
              <div class="chronological-class-name">testScripts.OrderManagementTest</div> <!-- chronological-class-name -->
              <div class="configuration-class after">
                <span class="method-name">afterclass</span>
                <span class="method-start">425739 ms</span>
              </div> <!-- configuration-class after -->
            </div> <!-- chronological-class -->
            <div class="chronological-class">
              <div class="chronological-class-name">testScripts.OmniChannelInventryTest</div> <!-- chronological-class-name -->
              <div class="configuration-method before">
                <span class="method-name">afterClass(public void testScripts.OmniChannelInventryTest.VerifyingEnableOmniChannelInverntryfromSideMenu() th...)</span>
                <span class="method-start">425741 ms</span>
              </div> <!-- configuration-method before -->
              <div class="test-method">
                <span class="method-name">VerifyingEnableOmniChannelInverntryfromSideMenu</span>
                <span class="method-start">425741 ms</span>
              </div> <!-- test-method -->
              <div class="configuration-method after">
                <span class="method-name">afterMethod([TestResult name=VerifyingEnableOmniChannelInverntryfromSideMenu status=SUCCESS method=OmniChannelIn...)</span>
                <span class="method-start">465129 ms</span>
              </div> <!-- configuration-method after -->
              <div class="configuration-class after">
                <span class="method-name">afterclass</span>
                <span class="method-start">465131 ms</span>
              </div> <!-- configuration-class after -->
            </div> <!-- chronological-class -->
            <div class="chronological-class">
              <div class="chronological-class-name">testScripts.ConnectWithB2CTest</div> <!-- chronological-class-name -->
              <div class="configuration-class before">
                <span class="method-name">setUp</span>
                <span class="method-start">465133 ms</span>
              </div> <!-- configuration-class before -->
              <div class="test-method">
                <img src="failed.png">
                </img>
                <span class="method-name">VerifyingConnectWithB2CfromSideMenu</span>
                <span class="method-start">465136 ms</span>
              </div> <!-- test-method -->
              <div class="configuration-method before">
                <span class="method-name">afterClass(public void testScripts.ConnectWithB2CTest.VerifyingConnectWithB2CfromSideMenu() throws java.lang.Ex...)</span>
                <span class="method-start">465136 ms</span>
              </div> <!-- configuration-method before -->
              <div class="configuration-method after">
                <span class="method-name">afterMethod([TestResult name=VerifyingConnectWithB2CfromSideMenu status=FAILURE method=ConnectWithB2CTest.Verify...)</span>
                <span class="method-start">809410 ms</span>
              </div> <!-- configuration-method after -->
              <div class="configuration-class after">
                <span class="method-name">afterclass</span>
                <span class="method-start">809631 ms</span>
              </div> <!-- configuration-class after -->
            </div> <!-- chronological-class -->
            <div class="chronological-class">
              <div class="chronological-class-name">testScripts.enablePathSettingsTest</div> <!-- chronological-class-name -->
              <div class="configuration-class before">
                <span class="method-name">setUp</span>
                <span class="method-start">809632 ms</span>
              </div> <!-- configuration-class before -->
              <div class="test-method">
                <span class="method-name">VerifyingEnablepathSettingsfromSideMenu</span>
                <span class="method-start">809634 ms</span>
              </div> <!-- test-method -->
              <div class="configuration-method before">
                <span class="method-name">afterClass(public void testScripts.enablePathSettingsTest.VerifyingEnablepathSettingsfromSideMenu() throws java...)</span>
                <span class="method-start">809634 ms</span>
              </div> <!-- configuration-method before -->
              <div class="configuration-method after">
                <span class="method-name">afterMethod([TestResult name=VerifyingEnablepathSettingsfromSideMenu status=SUCCESS method=enablePathSettingsTes...)</span>
                <span class="method-start">853076 ms</span>
              </div> <!-- configuration-method after -->
              <div class="configuration-class after">
                <span class="method-name">afterclass</span>
                <span class="method-start">853077 ms</span>
              </div> <!-- configuration-class after -->
            </div> <!-- chronological-class -->
            <div class="chronological-class">
              <div class="chronological-class-name">testScripts.deploymentTest</div> <!-- chronological-class-name -->
              <div class="configuration-class before">
                <span class="method-name">setUp</span>
                <span class="method-start">853078 ms</span>
              </div> <!-- configuration-class before -->
              <div class="configuration-method before">
                <span class="method-name">afterClass(public static void testScripts.deploymentTest.VerifyingInstallpackageURL() throws java.lang.Exceptio...)</span>
                <span class="method-start">853086 ms</span>
              </div> <!-- configuration-method before -->
              <div class="test-method">
                <span class="method-name">VerifyingInstallpackageURL</span>
                <span class="method-start">853087 ms</span>
              </div> <!-- test-method -->
              <div class="configuration-method after">
                <span class="method-name">afterMethod([TestResult name=VerifyingInstallpackageURL status=SUCCESS method=deploymentTest.VerifyingInstallpac...)</span>
                <span class="method-start">976720 ms</span>
              </div> <!-- configuration-method after -->
              <div class="configuration-class after">
                <span class="method-name">afterclass</span>
                <span class="method-start">976721 ms</span>
              </div> <!-- configuration-class after -->
            </div> <!-- chronological-class -->
            <div class="chronological-class">
              <div class="chronological-class-name">testScripts.ProdcutFamilyPicklistValuesTest</div> <!-- chronological-class-name -->
              <div class="configuration-class before">
                <span class="method-name">setUp</span>
                <span class="method-start">976722 ms</span>
              </div> <!-- configuration-class before -->
              <div class="configuration-method before">
                <span class="method-name">afterClass(public void testScripts.ProdcutFamilyPicklistValuesTest.VerifyingAddReqPickListValuesToProductFamily...)</span>
                <span class="method-start">976729 ms</span>
              </div> <!-- configuration-method before -->
              <div class="test-method">
                <img src="failed.png">
                </img>
                <span class="method-name">VerifyingAddReqPickListValuesToProductFamilyAfterpostDeployment</span>
                <span class="method-start">976730 ms</span>
              </div> <!-- test-method -->
              <div class="configuration-method after">
                <span class="method-name">afterMethod([TestResult name=VerifyingAddReqPickListValuesToProductFamilyAfterpostDeployment status=FAILURE meth...)</span>
                <span class="method-start">1151409 ms</span>
              </div> <!-- configuration-method after -->
            </div> <!-- chronological-class -->
            <div class="chronological-class">
              <div class="chronological-class-name">testScripts.OrderStatusPicklistAddTest</div> <!-- chronological-class-name -->
              <div class="configuration-class before">
                <span class="method-name">setUp</span>
                <span class="method-start">1151589 ms</span>
              </div> <!-- configuration-class before -->
            </div> <!-- chronological-class -->
            <div class="chronological-class">
              <div class="chronological-class-name">testScripts.ProdcutFamilyPicklistValuesTest</div> <!-- chronological-class-name -->
              <div class="configuration-class after">
                <span class="method-name">afterclass</span>
                <span class="method-start">1151589 ms</span>
              </div> <!-- configuration-class after -->
            </div> <!-- chronological-class -->
            <div class="chronological-class">
              <div class="chronological-class-name">testScripts.OrderStatusPicklistAddTest</div> <!-- chronological-class-name -->
              <div class="test-method">
                <img src="failed.png">
                </img>
                <span class="method-name">VerifyingAddReqPickListValuesToorderStatusAfterpostDeployment</span>
                <span class="method-start">1151591 ms</span>
              </div> <!-- test-method -->
              <div class="configuration-method before">
                <span class="method-name">afterClass(public void testScripts.OrderStatusPicklistAddTest.VerifyingAddReqPickListValuesToorderStatusAfterpo...)</span>
                <span class="method-start">1151591 ms</span>
              </div> <!-- configuration-method before -->
              <div class="configuration-method after">
                <span class="method-name">afterMethod([TestResult name=VerifyingAddReqPickListValuesToorderStatusAfterpostDeployment status=FAILURE method...)</span>
                <span class="method-start">1272949 ms</span>
              </div> <!-- configuration-method after -->
              <div class="configuration-class after">
                <span class="method-name">afterclass</span>
                <span class="method-start">1273210 ms</span>
              </div> <!-- configuration-class after -->
            </div> <!-- chronological-class -->
            <div class="chronological-class">
              <div class="chronological-class-name">testScripts.orderSummeryStatusPicklistAddTest</div> <!-- chronological-class-name -->
              <div class="configuration-class before">
                <span class="method-name">setUp</span>
                <span class="method-start">1273211 ms</span>
              </div> <!-- configuration-class before -->
              <div class="configuration-method before">
                <span class="method-name">afterClass(public void testScripts.orderSummeryStatusPicklistAddTest.VerifyingAddReqPickListValuesToOrderSummer...)</span>
                <span class="method-start">1273214 ms</span>
              </div> <!-- configuration-method before -->
              <div class="test-method">
                <img src="failed.png">
                </img>
                <span class="method-name">VerifyingAddReqPickListValuesToOrderSummeryAfterpostDeployment</span>
                <span class="method-start">1273215 ms</span>
              </div> <!-- test-method -->
              <div class="configuration-method after">
                <span class="method-name">afterMethod([TestResult name=VerifyingAddReqPickListValuesToOrderSummeryAfterpostDeployment status=FAILURE metho...)</span>
                <span class="method-start">1394351 ms</span>
              </div> <!-- configuration-method after -->
              <div class="configuration-class after">
                <span class="method-name">afterclass</span>
                <span class="method-start">1394516 ms</span>
              </div> <!-- configuration-class after -->
            </div> <!-- chronological-class -->
            <div class="chronological-class">
              <div class="chronological-class-name">testScripts.checkOrderSummerieswithStoreFront</div> <!-- chronological-class-name -->
              <div class="configuration-class before">
                <span class="method-name">setUp</span>
                <span class="method-start">1394516 ms</span>
              </div> <!-- configuration-class before -->
              <div class="test-method">
                <img src="failed.png">
                </img>
                <span class="method-name">VerifyingOrderSummeriesWithStoreFornt</span>
                <span class="method-start">1394520 ms</span>
              </div> <!-- test-method -->
              <div class="configuration-method before">
                <span class="method-name">afterClass(public void testScripts.checkOrderSummerieswithStoreFront.VerifyingOrderSummeriesWithStoreFornt() th...)</span>
                <span class="method-start">1394520 ms</span>
              </div> <!-- configuration-method before -->
              <div class="configuration-method after">
                <span class="method-name">afterMethod([TestResult name=VerifyingOrderSummeriesWithStoreFornt status=FAILURE method=checkOrderSummerieswith...)</span>
                <span class="method-start">1394535 ms</span>
              </div> <!-- configuration-method after -->
              <div class="configuration-class after">
                <span class="method-name">afterclass</span>
                <span class="method-start">1394685 ms</span>
              </div> <!-- configuration-class after -->
            </div> <!-- chronological-class -->
            <div class="chronological-class">
              <div class="chronological-class-name">browser.launchingforCCBrowser</div> <!-- chronological-class-name -->
              <div class="configuration-suite after">
                <span class="method-name">tearDown</span>
                <span class="method-start">1394727 ms</span>
              </div> <!-- configuration-suite after -->
          </div> <!-- main-panel-content rounded-window-bottom -->
        </div> <!-- panel -->
      </div> <!-- main-panel-root -->
    </div> <!-- wrapper -->
  </body>
<script type="text/javascript" src="testng-reports2.js"></script>
</html>
