<?xml version="1.0" encoding="UTF-8"?>
<!-- Generated by org.testng.reporters.JUnitXMLReporter -->
<testsuite ignored="2" hostname="Upendra" failures="2" tests="17" name="Order Regression" time="2034.079" errors="0" timestamp="2024-02-20T15:06:47 IST">
  <testcase classname="browser.launchBrowsering" name="VerifingHomePageLaunching" time="11.292"/>
  <testcase classname="testScripts.OrderRegressionTest" name="VerifyingOrderIsPlacingWithCreditCardInRegisterUser" time="325.15"/>
  <testcase classname="testScripts.OrderRegressionTest" name="VerifyingOrderIsPlacingWithGiftCardInRegisterUser" time="234.346"/>
  <testcase classname="testScripts.OrderRegressionTest" name="VerifyingOrderIsPlacingWithCombinationOfGcAndCreditCardInRegisterUser" time="266.962"/>
  <testcase classname="testScripts.OrderRegressionTest" name="VerifyingOrderIsPlacingWithPaypalFromCheckoutPageInRegisterUser" time="206.419"/>
  <testcase classname="testScripts.OrderRegressionTest" name="VerifyingOrderIsPlacingWithCombinationOfGcAndPaypalInRegisterUser" time="215.138"/>
  <testcase classname="testScripts.OrderRegressionTest" name="VerifyingOrderIsPlacingWithMiniCartPaypalInRegisterUser" time="52.952"/>
  <testcase classname="testScripts.OrderRegressionTest" name="VerifyingOrderIsPlacingWithCartPagePaypalInRegisterUser" time="44.71"/>
  <testcase classname="testScripts.OrderRegressionTest" name="VerifyingOrderIsPlacingWithPaypalBuyNowInPdpPageInRegisterUser" time="75.73"/>
  <testcase classname="testScripts.OrderRegressionTest" name="verifyingOrderIsPlacingWithCreditCardInGuestUser" time="218.459">
    <failure type="org.openqa.selenium.NoSuchElementException" message="no such element: Unable to locate element: {&amp;quot;method&amp;quot;:&amp;quot;xpath&amp;quot;,&amp;quot;selector&amp;quot;:&amp;quot;//h2[@class=&amp;apos;order-thank-you-msg&amp;apos;]&amp;quot;}
  (Session info: chrome=121.0.6167.185)
For documentation on this error, please visit: https://www.selenium.dev/documentation/webdriver/troubleshooting/errors#no-such-element-exception
Build info: version: &amp;apos;4.16.1&amp;apos;, revision: &amp;apos;9b4c83354e&amp;apos;
System info: os.name: &amp;apos;Windows 11&amp;apos;, os.arch: &amp;apos;amd64&amp;apos;, os.version: &amp;apos;10.0&amp;apos;, java.version: &amp;apos;17.0.8.1&amp;apos;
Driver info: org.openqa.selenium.chrome.ChromeDriver
Command: [3e8ea2cdb31e9e1d90bc2a13009e5631, findElement {using=xpath, value=//h2[@class=&amp;apos;order-thank-you-msg&amp;apos;]}]
Capabilities {acceptInsecureCerts: false, browserName: chrome, browserVersion: 121.0.6167.185, chrome: {chromedriverVersion: 121.0.6167.184 (057a8ae7deb..., userDataDir: C:\Users\UPENDR~1\AppData\L...}, fedcm:accounts: true, goog:chromeOptions: {debuggerAddress: localhost:57455}, networkConnectionEnabled: false, pageLoadStrategy: normal, platformName: windows, proxy: Proxy(), se:cdp: ws://localhost:57455/devtoo..., se:cdpVersion: 121.0.6167.185, setWindowRect: true, strictFileInteractability: false, timeouts: {implicit: 0, pageLoad: 300000, script: 30000}, unhandledPromptBehavior: dismiss and notify, webauthn:extension:credBlob: true, webauthn:extension:largeBlob: true, webauthn:extension:minPinLength: true, webauthn:extension:prf: true, webauthn:virtualAuthenticators: true}
Session ID: 3e8ea2cdb31e9e1d90bc2a13009e5631">
      <![CDATA[org.openqa.selenium.NoSuchElementException: no such element: Unable to locate element: {"method":"xpath","selector":"//h2[@class='order-thank-you-msg']"}
  (Session info: chrome=121.0.6167.185)
For documentation on this error, please visit: https://www.selenium.dev/documentation/webdriver/troubleshooting/errors#no-such-element-exception
Build info: version: '4.16.1', revision: '9b4c83354e'
System info: os.name: 'Windows 11', os.arch: 'amd64', os.version: '10.0', java.version: '17.0.8.1'
Driver info: org.openqa.selenium.chrome.ChromeDriver
Command: [3e8ea2cdb31e9e1d90bc2a13009e5631, findElement {using=xpath, value=//h2[@class='order-thank-you-msg']}]
Capabilities {acceptInsecureCerts: false, browserName: chrome, browserVersion: 121.0.6167.185, chrome: {chromedriverVersion: 121.0.6167.184 (057a8ae7deb..., userDataDir: C:\Users\UPENDR~1\AppData\L...}, fedcm:accounts: true, goog:chromeOptions: {debuggerAddress: localhost:57455}, networkConnectionEnabled: false, pageLoadStrategy: normal, platformName: windows, proxy: Proxy(), se:cdp: ws://localhost:57455/devtoo..., se:cdpVersion: 121.0.6167.185, setWindowRect: true, strictFileInteractability: false, timeouts: {implicit: 0, pageLoad: 300000, script: 30000}, unhandledPromptBehavior: dismiss and notify, webauthn:extension:credBlob: true, webauthn:extension:largeBlob: true, webauthn:extension:minPinLength: true, webauthn:extension:prf: true, webauthn:virtualAuthenticators: true}
Session ID: 3e8ea2cdb31e9e1d90bc2a13009e5631
at org.openqa.selenium.remote.codec.w3c.W3CHttpResponseCodec.createException(W3CHttpResponseCodec.java:200)
at org.openqa.selenium.remote.codec.w3c.W3CHttpResponseCodec.decode(W3CHttpResponseCodec.java:133)
at org.openqa.selenium.remote.codec.w3c.W3CHttpResponseCodec.decode(W3CHttpResponseCodec.java:52)
at org.openqa.selenium.remote.HttpCommandExecutor.execute(HttpCommandExecutor.java:191)
at org.openqa.selenium.remote.service.DriverCommandExecutor.invokeExecute(DriverCommandExecutor.java:200)
at org.openqa.selenium.remote.service.DriverCommandExecutor.execute(DriverCommandExecutor.java:175)
at org.openqa.selenium.remote.RemoteWebDriver.execute(RemoteWebDriver.java:523)
at org.openqa.selenium.remote.ElementLocation$ElementFinder$2.findElement(ElementLocation.java:165)
at org.openqa.selenium.remote.ElementLocation.findElement(ElementLocation.java:59)
at org.openqa.selenium.remote.RemoteWebDriver.findElement(RemoteWebDriver.java:360)
at org.openqa.selenium.remote.RemoteWebDriver.findElement(RemoteWebDriver.java:354)
at validations.PaymentPageValidation.VerifiedThatPlaceOrderClick(PaymentPageValidation.java:124)
at tasks.ReviewOrderPageTask.placeOrder(ReviewOrderPageTask.java:116)
at tasks.PlaceOrderWithDifferentPaymentsInGuestuser.orderPlacingWithCreditCard(PlaceOrderWithDifferentPaymentsInGuestuser.java:19)
at testScripts.OrderRegressionTest.verifyingOrderIsPlacingWithCreditCardInGuestUser(OrderRegressionTest.java:52)
at java.base/java.util.ArrayList.forEach(ArrayList.java:1511)
... Removed 32 stack frames]]>
    </failure>
  </testcase> <!-- verifyingOrderIsPlacingWithCreditCardInGuestUser -->
  <testcase classname="testScripts.OrderRegressionTest" name="verifyingOrderIsPlacingWithGiftCardInGuestUser" time="36.917"/>
  <testcase classname="testScripts.OrderRegressionTest" name="verifyingOrderIsPlacingWithPaypalFromCheckoutPageInGuestUser" time="167.619"/>
  <testcase classname="testScripts.OrderRegressionTest" name="verifyingOrderIsPlacingWithCombinationOfGcAndCreditCardInGuestUser" time="54.384">
    <failure type="org.openqa.selenium.NoSuchElementException" message="no such element: Unable to locate element: {&amp;quot;method&amp;quot;:&amp;quot;xpath&amp;quot;,&amp;quot;selector&amp;quot;:&amp;quot;//h2[@class=&amp;apos;order-thank-you-msg&amp;apos;]&amp;quot;}
  (Session info: chrome=121.0.6167.185)
For documentation on this error, please visit: https://www.selenium.dev/documentation/webdriver/troubleshooting/errors#no-such-element-exception
Build info: version: &amp;apos;4.16.1&amp;apos;, revision: &amp;apos;9b4c83354e&amp;apos;
System info: os.name: &amp;apos;Windows 11&amp;apos;, os.arch: &amp;apos;amd64&amp;apos;, os.version: &amp;apos;10.0&amp;apos;, java.version: &amp;apos;17.0.8.1&amp;apos;
Driver info: org.openqa.selenium.chrome.ChromeDriver
Command: [3e8ea2cdb31e9e1d90bc2a13009e5631, findElement {using=xpath, value=//h2[@class=&amp;apos;order-thank-you-msg&amp;apos;]}]
Capabilities {acceptInsecureCerts: false, browserName: chrome, browserVersion: 121.0.6167.185, chrome: {chromedriverVersion: 121.0.6167.184 (057a8ae7deb..., userDataDir: C:\Users\UPENDR~1\AppData\L...}, fedcm:accounts: true, goog:chromeOptions: {debuggerAddress: localhost:57455}, networkConnectionEnabled: false, pageLoadStrategy: normal, platformName: windows, proxy: Proxy(), se:cdp: ws://localhost:57455/devtoo..., se:cdpVersion: 121.0.6167.185, setWindowRect: true, strictFileInteractability: false, timeouts: {implicit: 0, pageLoad: 300000, script: 30000}, unhandledPromptBehavior: dismiss and notify, webauthn:extension:credBlob: true, webauthn:extension:largeBlob: true, webauthn:extension:minPinLength: true, webauthn:extension:prf: true, webauthn:virtualAuthenticators: true}
Session ID: 3e8ea2cdb31e9e1d90bc2a13009e5631">
      <![CDATA[org.openqa.selenium.NoSuchElementException: no such element: Unable to locate element: {"method":"xpath","selector":"//h2[@class='order-thank-you-msg']"}
  (Session info: chrome=121.0.6167.185)
For documentation on this error, please visit: https://www.selenium.dev/documentation/webdriver/troubleshooting/errors#no-such-element-exception
Build info: version: '4.16.1', revision: '9b4c83354e'
System info: os.name: 'Windows 11', os.arch: 'amd64', os.version: '10.0', java.version: '17.0.8.1'
Driver info: org.openqa.selenium.chrome.ChromeDriver
Command: [3e8ea2cdb31e9e1d90bc2a13009e5631, findElement {using=xpath, value=//h2[@class='order-thank-you-msg']}]
Capabilities {acceptInsecureCerts: false, browserName: chrome, browserVersion: 121.0.6167.185, chrome: {chromedriverVersion: 121.0.6167.184 (057a8ae7deb..., userDataDir: C:\Users\UPENDR~1\AppData\L...}, fedcm:accounts: true, goog:chromeOptions: {debuggerAddress: localhost:57455}, networkConnectionEnabled: false, pageLoadStrategy: normal, platformName: windows, proxy: Proxy(), se:cdp: ws://localhost:57455/devtoo..., se:cdpVersion: 121.0.6167.185, setWindowRect: true, strictFileInteractability: false, timeouts: {implicit: 0, pageLoad: 300000, script: 30000}, unhandledPromptBehavior: dismiss and notify, webauthn:extension:credBlob: true, webauthn:extension:largeBlob: true, webauthn:extension:minPinLength: true, webauthn:extension:prf: true, webauthn:virtualAuthenticators: true}
Session ID: 3e8ea2cdb31e9e1d90bc2a13009e5631
at org.openqa.selenium.remote.codec.w3c.W3CHttpResponseCodec.createException(W3CHttpResponseCodec.java:200)
at org.openqa.selenium.remote.codec.w3c.W3CHttpResponseCodec.decode(W3CHttpResponseCodec.java:133)
at org.openqa.selenium.remote.codec.w3c.W3CHttpResponseCodec.decode(W3CHttpResponseCodec.java:52)
at org.openqa.selenium.remote.HttpCommandExecutor.execute(HttpCommandExecutor.java:191)
at org.openqa.selenium.remote.service.DriverCommandExecutor.invokeExecute(DriverCommandExecutor.java:200)
at org.openqa.selenium.remote.service.DriverCommandExecutor.execute(DriverCommandExecutor.java:175)
at org.openqa.selenium.remote.RemoteWebDriver.execute(RemoteWebDriver.java:523)
at org.openqa.selenium.remote.ElementLocation$ElementFinder$2.findElement(ElementLocation.java:165)
at org.openqa.selenium.remote.ElementLocation.findElement(ElementLocation.java:59)
at org.openqa.selenium.remote.RemoteWebDriver.findElement(RemoteWebDriver.java:360)
at org.openqa.selenium.remote.RemoteWebDriver.findElement(RemoteWebDriver.java:354)
at validations.PaymentPageValidation.VerifiedThatPlaceOrderClick(PaymentPageValidation.java:124)
at tasks.ReviewOrderPageTask.placeOrder(ReviewOrderPageTask.java:116)
at tasks.PlaceOrderWithDifferentPaymentsInGuestuser.orderPlacingWithCombinationOfGcAndCreditCard(PlaceOrderWithDifferentPaymentsInGuestuser.java:37)
at testScripts.OrderRegressionTest.verifyingOrderIsPlacingWithCombinationOfGcAndCreditCardInGuestUser(OrderRegressionTest.java:61)
at java.base/java.util.ArrayList.forEach(ArrayList.java:1511)
... Removed 32 stack frames]]>
    </failure>
  </testcase> <!-- verifyingOrderIsPlacingWithCombinationOfGcAndCreditCardInGuestUser -->
  <testcase classname="testScripts.OrderRegressionTest" name="verifyingOrderIsPlacingWithCombinationOfGcAndPaypalInGuestUser" time="7.738"/>
  <testcase classname="testScripts.OrderRegressionTest" name="verifyingOrderIsPlacingWithMiniCartPaypalInGuestUser" time="21.858"/>
  <testcase classname="testScripts.OrderRegressionTest" name="verifyingOrderIsPlacingWithCartPagePaypalInGuestUser" time="33.187"/>
  <testcase classname="testScripts.OrderRegressionTest" name="verifyingOrderIsPlacingWithPaypalBuyNowInPdpPageInGuestUser" time="60.471"/>
  <testcase classname="baseClass.baseClass" name="@BeforeSuite setUpforReport" time="0.0">
    <ignored/>
  </testcase> <!-- @BeforeSuite setUpforReport -->
  <testcase classname="baseClass.baseClass" name="@AfterSuite tearDown" time="0.0">
    <ignored/>
  </testcase> <!-- @AfterSuite tearDown -->
</testsuite> <!-- Order Regression -->
