<?xml version="1.0" encoding="UTF-8"?>
<!-- Generated by org.testng.reporters.JUnitXMLReporter -->
<testsuite ignored="90" hostname="DESKTOP-P9MM3AH" failures="16" tests="414" name="Providio Regression Test" time="13208.977" errors="0" timestamp="2024-02-28T22:00:13 IST">
  <testcase classname="browser.launchBrowsering" name="VerifingHomePageLaunching" time="8.105"/>
  <testcase classname="testScripts.CreateAccountPageTest" name="VerifingCreateAccountLinkInLoginPage" time="13.682"/>
  <testcase classname="testScripts.CreateAccountPageTest" name="VerifingEmptyFormInCreateAccountPage" time="9.328"/>
  <testcase classname="testScripts.CreateAccountPageTest" name="VerifyingErrorMessagesEnterFNameInCreatingAcc" time="12.639"/>
  <testcase classname="testScripts.CreateAccountPageTest" name="VerifyingErrorMessagesEnter_FName_LNameInCreatingAcc" time="16.772"/>
  <testcase classname="testScripts.CreateAccountPageTest" name="VerifyingErrorMessagesEnter_FName_LName_PhoneInCreatingAcc" time="17.966"/>
  <testcase classname="testScripts.CreateAccountPageTest" name="VerifyingErrorMessagesEnter_FName_LName_Phone_EmailInCreatingAcc" time="19.199"/>
  <testcase classname="testScripts.CreateAccountPageTest" name="VerifyingErrorMessagesEnter_FName_LName_Phone_Email_CEmailInCreatingAcc" time="20.359"/>
  <testcase classname="testScripts.CreateAccountPageTest" name="VerifyingErrorMessagesEnter_FName_LName_Phone_Email_CEmail_PWDsInCreatingAcc" time="21.523"/>
  <testcase classname="testScripts.CreateAccountPageTest" name="VerifyingErrorMessageInvalidPhoneNumberInCreatingAccountPage" time="17.655"/>
  <testcase classname="testScripts.CreateAccountPageTest" name="VerifyingErrorMessageInvalidEmailInCreatingAccountPage" time="17.612"/>
  <testcase classname="testScripts.CreateAccountPageTest" name="VerifyingErrorMessageMailAlreadyExistsInCreatingAccountPage" time="17.775"/>
  <testcase classname="testScripts.CreateAccountPageTest" name="VerifyingErrorMessageEMailMissMatchInCreatingAccountPage" time="17.861"/>
  <testcase classname="testScripts.CreateAccountPageTest" name="VerifyingErrorMessagePasswordMissMatchInCreatingAccountPage" time="17.562"/>
  <testcase classname="testScripts.CreateAccountPageTest" name="VerifyingErrorMessagePasswordStrengthInCreatingAccountPage" time="19.575"/>
  <testcase classname="testScripts.CreateAccountPageTest" name="VerifyingCrateAccountwithValidDetatisOnCreatingAccountPage" time="20.679"/>
  <testcase classname="testScripts.LoginPageTest" name="VerifyingLoginFailureWithEmptyEmailAndPassword" time="43.084"/>
  <testcase classname="testScripts.LoginPageTest" name="VerifyingLoginFailureWithIncorrectCredentials" time="11.641"/>
  <testcase classname="testScripts.LoginPageTest" name="VerifyingLoginFailureWithInvalidEmailFormat" time="7.579"/>
  <testcase classname="testScripts.LoginPageTest" name="VerifyingLoginFailureWithEmptyEmail" time="7.634"/>
  <testcase classname="testScripts.LoginPageTest" name="VerifyingLoginFailureWithEmptyPassword" time="7.566"/>
  <testcase classname="testScripts.LoginPageTest" name="VerifyingLoginWithValidCredentials" time="8.777"/>
  <testcase classname="testScripts.LogOutTest" name="verifyLogout" time="12.272"/>
  <testcase classname="testScripts.SearchFunctionalityTest" name="VerifyingTheClickOnSearchBar" time="12.28"/>
  <testcase classname="testScripts.SearchFunctionalityTest" name="VerifyingWhetherAbleToEnterTheDataInSearchBar" time="7.475"/>
  <testcase classname="testScripts.SearchFunctionalityTest" name="VerifyingWhetherUserAbleToSeeTheSuggestionsWhenThreeCharactersEnterInTheSearchBar" time="9.319"/>
  <testcase classname="testScripts.SearchFunctionalityTest" name="VerifyingWhetherTheErrorMessageOrSearchTipsAreDisplayingWhenUserClicksOnSearchIcon" time="7.297"/>
  <testcase classname="testScripts.SearchFunctionalityTest" name="VerifyingWhetherTheCharactersOrDataAreRemovedAfterClickingOnRemoveSymbol" time="8.334"/>
  <testcase classname="testScripts.SearchFunctionalityTest" name="VerifyingWhetherSearchedProductIsRedirectingToPDP_Page" time="21.822"/>
  <testcase classname="testScripts.SearchFunctionalityTest" name="VerifyingWhetherSearchedProductIsRedirectingToCategory_Page" time="23.284"/>
  <testcase classname="testScripts.HomePageTests" name="VerifingMegaMenuSelectionInHomePage" time="11.957"/>
  <testcase classname="testScripts.HomePageTests" name="VerifingMegaMenuCLPSelectionInHomePage" time="21.839"/>
  <testcase classname="testScripts.HomePageTests" name="VerifingWishListLinkInHomePage" time="9.803"/>
  <testcase classname="testScripts.HomePageTests" name="VerifingSignInLinkInHomePage" time="9.989"/>
  <testcase classname="testScripts.HomePageTests" name="VerifingMIniCartBtnClickInHomePage" time="74.249"/>
  <testcase classname="testScripts.ClpPageTests" name="VerifingClpPageLinkInHomepageforCLPpageView" time="21.986"/>
  <testcase classname="testScripts.ClpPageTests" name="VerifingClpPageAddToWishListINCLP" time="7.474"/>
  <testcase classname="testScripts.ClpPageTests" name="VerifingClpPageRemoveFromWishListINCLP" time="15.926"/>
  <testcase classname="testScripts.ClpPageTests" name="VerifingViewFullDetailsInQuickshopModal_CLP_InPLP" time="19.91"/>
  <testcase classname="testScripts.ClpPageTests" name="VerifingCloseBtnInQuickshopModal_CLP_InPLP" time="37.697"/>
  <testcase classname="testScripts.ClpPageTests" name="VerifingCustomInputQuantityInQuickshopModal_CLP_InPLP" time="21.059"/>
  <testcase classname="testScripts.ClpPageTests" name="VerifingAttributesInQuickshopModal_CLP_InPLP" time="59.444"/>
  <testcase classname="testScripts.ClpPageTests" name="VerifingAddtoCartInQuickshopModal_CLP_InPLP" time="59.483"/>
  <testcase classname="testScripts.ClpPageTests" name="VerifingClpPageProductLinkINCLP" time="9.728"/>
  <testcase classname="testScripts.FooterSectionTests" name="VerifingGiftCardLinkInFooter" time="12.939"/>
  <testcase classname="testScripts.ContactUsPageTests" name="VerifingContactUsFuncitonalityInContactUs" time="15.212"/>
  <testcase classname="testScripts.ProductListingPageTest" name="VerifingSortByFunctionalityInPLP" time="19.911"/>
  <testcase classname="testScripts.ProductListingPageTest" name="VerifingFiltersFunctionalityInPLP" time="5.174"/>
  <testcase classname="testScripts.ProductListingPageTest" name="VerifingResetFunctionalityInPLP" time="20.343"/>
  <testcase classname="testScripts.ProductListingPageTest" name="VerifingaddToWishListFunctionalityInPLP" time="9.283"/>
  <testcase classname="testScripts.ProductListingPageTest" name="VerifingRemoveFromWishListFunctionalityInPLP" time="22.912"/>
  <testcase classname="testScripts.ProductListingPageTest" name="VerifingBreadCrumbsFunctionalityInPLP" time="9.738"/>
  <testcase classname="testScripts.ProductListingPageTest" name="VerifingQuickshopBtnFunctionalityInPLP" time="30.956"/>
  <testcase classname="testScripts.ProductListingPageTest" name="VerifingAttributesInQuickshopModalInPLP" time="76.641"/>
  <testcase classname="testScripts.ProductListingPageTest" name="VerifingCustomInputQuantityInQuickshopModalInPLP" time="4.383"/>
  <testcase classname="testScripts.ProductListingPageTest" name="VerifingCloseBtnInQuickshopModalInPLP" time="5.264"/>
  <testcase classname="testScripts.ProductListingPageTest" name="VerifingViewFullDetailsInQuickshopModalInPLP" time="4.792"/>
  <testcase classname="testScripts.ProductListingPageTest" name="VerifingAddtoCartInQuickshopModalInPLP" time="62.449"/>
  <testcase classname="testScripts.ProductListingPageTest" name="VerifingProductLinkFunctionalityInPLP" time="13.754"/>
  <testcase classname="testScripts.ProductDetailPageTest" name="VerifingWishlistFunctionalityInPDP" time="6.35"/>
  <testcase classname="testScripts.ProductDetailPageTest" name="VerifingAttriubuteSelectionFunctionalityInPDP" time="29.319"/>
  <testcase classname="testScripts.ProductDetailPageTest" name="VerifingbreadCrumbsFunctionalityInPDP" time="9.077"/>
  <testcase classname="testScripts.ProductDetailPageTest" name="VerifingAddtoCartFunctionalityInPDP" time="61.632"/>
  <testcase classname="testScripts.ProductDetailPageTest" name="VerifingNextbuttonCaurosalFunctionalityInPDP" time="7.272"/>
  <testcase classname="testScripts.ProductDetailPageTest" name="VerifingCustomInputFunctionalityInPDP" time="4.315"/>
  <testcase classname="testScripts.ProductDetailPageTest" name="VerifingProductDetailsInPDP" time="0.048"/>
  <testcase classname="testScripts.ProductDetailPageTest" name="VerifingWithoutEnteringDetailsandSubmitTheReivewFormInPDP" time="2.073"/>
  <testcase classname="testScripts.ProductDetailPageTest" name="VerifingWithEnteringRatingandSubmitFormInPDP" time="2.107"/>
  <testcase classname="testScripts.ProductDetailPageTest" name="VerifingWithEnteringRatingHeadingandSubmitFormInPDP" time="2.069"/>
  <testcase classname="testScripts.ProductDetailPageTest" name="VerifingWithEnteringRatingHeadingcommentsandSubmitFormInPDP" time="2.088"/>
  <testcase classname="testScripts.ProductDetailPageTest" name="VerifingWithEnteringRatingHeadingcommentnicknamesandSubmitFormInPDP" time="2.091"/>
  <testcase classname="testScripts.ProductDetailPageTest" name="VerifingWriteaReviewFunctionalityInPDP" time="2.078"/>
  <testcase classname="testScripts.ProductDetailPageTest" name="VerifyingYoptoReviesFormInPDP" time="9.401"/>
  <testcase classname="testScripts.ProductDetailPageTest" name="VerifyingYoptoReviesEmptyFormInPDP" time="9.63"/>
  <testcase classname="testScripts.ProductDetailPageTest" name="VerifyingYoptoReviesFormwithStarSelectionInPDP" time="18.718"/>
  <testcase classname="testScripts.ProductDetailPageTest" name="VerifyingYoptoReviesFormwithStarSelectionandTitleInPDP" time="18.009"/>
  <testcase classname="testScripts.ProductDetailPageTest" name="VerifyingYoptoReviesFormwithStarSelection_Title_ContentInPDP" time="18.946"/>
  <testcase classname="testScripts.ProductDetailPageTest" name="VerifyingYoptoReviesFormwithStarSelection_Title_Content_UserNameInPDP" time="20.242"/>
  <testcase classname="testScripts.ProductDetailPageTest" name="VerifyingYoptoReviesValidDetailsandSubmitFormInPDP" time="21.448"/>
  <testcase classname="testScripts.ProductDetailPageTest" name="VerifyingYoptoReviesFiltersInPDP" time="0.025"/>
  <testcase classname="testScripts.ProductDetailPageTest" name="VerifyingYoptoReviesInvalidSearchInPDP" time="4.36"/>
  <testcase classname="testScripts.ProductDetailPageTest" name="VerifyingYoptoReviesValidSearchInPDP" time="4.412"/>
  <testcase classname="testScripts.ProductDetailPageTest" name="VerifyingYoptoReviesClearSearchInPDP" time="13.733"/>
  <testcase classname="testScripts.ProductDetailPageTest" name="VerifyingYoptoReviesRatingFilterInPDP" time="16.557"/>
  <testcase classname="testScripts.ProductDetailPageTest" name="VerifyingYoptoReviesRatingandImagesFilterInPDP" time="30.94"/>
  <testcase classname="testScripts.ProductDetailPageTest" name="VerifyingYoptoReviesFooterInPDP" time="0.073"/>
  <testcase classname="testScripts.ProductDetailPageTest" name="VerifyingYoptoReviesAskaQuestionFormInPDP" time="7.441"/>
  <testcase classname="testScripts.ProductDetailPageTest" name="VerifyingYoptoReviesAskaQuestionEmptyFormInPDP" time="9.335"/>
  <testcase classname="testScripts.ProductDetailPageTest" name="VerifyingYoptoReviesAskaQuestion_Question_FormInPDP" time="10.69"/>
  <testcase classname="testScripts.ProductDetailPageTest" name="VerifyingYoptoReviesAskaQuestion_Question_UserName_FormInPDP" time="11.949"/>
  <testcase classname="testScripts.ProductDetailPageTest" name="VerifyingYoptoReviesAskaQuestionValidDetailsFormInPDP" time="13.016"/>
  <testcase classname="testScripts.BuyNowTest" name="VerifyingPlaceOrderWithBuyNowButton" time="110.509"/>
  <testcase classname="testScripts.BuyNowTest" name="VerifyingPlaceOrderWithBuyNowPopUp" time="73.683"/>
  <testcase classname="testScripts.MiniCartPageTests" name="VerifingRemoveBtnInMiniCart" time="20.655"/>
  <testcase classname="testScripts.MiniCartPageTests" name="VerifingCustomInputInMiniCart" time="79.495"/>
  <testcase classname="testScripts.MiniCartPageTests" name="VerifingCloseBtnInMiniCart" time="7.255"/>
  <testcase classname="testScripts.MiniCartPageTests" name="VerifingViewCartBtnClickInMiniCart" time="21.315"/>
  <testcase classname="testScripts.MiniCartPageTests" name="VerifingCheckOutBtnClickInMiniCart" time="30.427"/>
  <testcase classname="testScripts.ViewCartPageTests" name="VerifingContinueShoppingLinkInViewCart" time="29.3"/>
  <testcase classname="testScripts.ViewCartPageTests" name="VerifingAttributesinEditPOPUpInViewCart" time="62.665"/>
  <testcase classname="testScripts.ViewCartPageTests" name="VerifingCustomInputInEditPOPUPInViewCart" time="0.074">
    <failure type="org.openqa.selenium.ElementNotInteractableException" message="element not interactable
  (Session info: chrome=122.0.6261.94)
Build info: version: &amp;apos;4.16.1&amp;apos;, revision: &amp;apos;9b4c83354e&amp;apos;
System info: os.name: &amp;apos;Windows 10&amp;apos;, os.arch: &amp;apos;amd64&amp;apos;, os.version: &amp;apos;10.0&amp;apos;, java.version: &amp;apos;17.0.7&amp;apos;
Driver info: org.openqa.selenium.chrome.ChromeDriver
Command: [b4f6aff2e330efb0435e57e4011deec5, clearElement {id=f.AAEDEABB573ADAD8F41DFB2280592C31.d.BD924A66BF25FEDA33FF6EE46DB80BFF.e.4640}]
Capabilities {acceptInsecureCerts: false, browserName: chrome, browserVersion: 122.0.6261.94, chrome: {chromedriverVersion: 122.0.6261.94 (880dbf29479c..., userDataDir: C:\Users\UPENDR~1\AppData\L...}, fedcm:accounts: true, goog:chromeOptions: {debuggerAddress: localhost:61945}, networkConnectionEnabled: false, pageLoadStrategy: normal, platformName: windows, proxy: Proxy(), se:cdp: ws://localhost:61945/devtoo..., se:cdpVersion: 122.0.6261.94, setWindowRect: true, strictFileInteractability: false, timeouts: {implicit: 0, pageLoad: 300000, script: 30000}, unhandledPromptBehavior: dismiss and notify, webauthn:extension:credBlob: true, webauthn:extension:largeBlob: true, webauthn:extension:minPinLength: true, webauthn:extension:prf: true, webauthn:virtualAuthenticators: true}
Element: [[ChromeDriver: chrome on windows (b4f6aff2e330efb0435e57e4011deec5)] -&amp;gt; xpath: (//input[@class=&amp;apos;quantity cartCustomQty&amp;apos;])[1]]
Session ID: b4f6aff2e330efb0435e57e4011deec5">
      <![CDATA[org.openqa.selenium.ElementNotInteractableException: element not interactable
  (Session info: chrome=122.0.6261.94)
Build info: version: '4.16.1', revision: '9b4c83354e'
System info: os.name: 'Windows 10', os.arch: 'amd64', os.version: '10.0', java.version: '17.0.7'
Driver info: org.openqa.selenium.chrome.ChromeDriver
Command: [b4f6aff2e330efb0435e57e4011deec5, clearElement {id=f.AAEDEABB573ADAD8F41DFB2280592C31.d.BD924A66BF25FEDA33FF6EE46DB80BFF.e.4640}]
Capabilities {acceptInsecureCerts: false, browserName: chrome, browserVersion: 122.0.6261.94, chrome: {chromedriverVersion: 122.0.6261.94 (880dbf29479c..., userDataDir: C:\Users\UPENDR~1\AppData\L...}, fedcm:accounts: true, goog:chromeOptions: {debuggerAddress: localhost:61945}, networkConnectionEnabled: false, pageLoadStrategy: normal, platformName: windows, proxy: Proxy(), se:cdp: ws://localhost:61945/devtoo..., se:cdpVersion: 122.0.6261.94, setWindowRect: true, strictFileInteractability: false, timeouts: {implicit: 0, pageLoad: 300000, script: 30000}, unhandledPromptBehavior: dismiss and notify, webauthn:extension:credBlob: true, webauthn:extension:largeBlob: true, webauthn:extension:minPinLength: true, webauthn:extension:prf: true, webauthn:virtualAuthenticators: true}
Element: [[ChromeDriver: chrome on windows (b4f6aff2e330efb0435e57e4011deec5)] -> xpath: (//input[@class='quantity cartCustomQty'])[1]]
Session ID: b4f6aff2e330efb0435e57e4011deec5
at org.openqa.selenium.remote.codec.w3c.W3CHttpResponseCodec.createException(W3CHttpResponseCodec.java:200)
at org.openqa.selenium.remote.codec.w3c.W3CHttpResponseCodec.decode(W3CHttpResponseCodec.java:133)
at org.openqa.selenium.remote.codec.w3c.W3CHttpResponseCodec.decode(W3CHttpResponseCodec.java:52)
at org.openqa.selenium.remote.HttpCommandExecutor.execute(HttpCommandExecutor.java:191)
at org.openqa.selenium.remote.service.DriverCommandExecutor.invokeExecute(DriverCommandExecutor.java:200)
at org.openqa.selenium.remote.service.DriverCommandExecutor.execute(DriverCommandExecutor.java:175)
at org.openqa.selenium.remote.RemoteWebDriver.execute(RemoteWebDriver.java:523)
at org.openqa.selenium.remote.RemoteWebElement.execute(RemoteWebElement.java:224)
at org.openqa.selenium.remote.RemoteWebElement.clear(RemoteWebElement.java:130)
at org.openqa.selenium.support.pagefactory.internal.LocatingElementHandler.invoke(LocatingElementHandler.java:51)
at jdk.proxy2/jdk.proxy2.$Proxy17.clear(Unknown Source)
at functionality.Actionsss.clearText(Actionsss.java:112)
at tasks.ViewCartPageTasks.customInputinEditPage(ViewCartPageTasks.java:99)
at testScripts.ViewCartPageTests.VerifingCustomInputInEditPOPUPInViewCart(ViewCartPageTests.java:37)
at java.base/java.util.ArrayList.forEach(ArrayList.java:1511)
... Removed 34 stack frames]]>
    </failure>
  </testcase> <!-- VerifingCustomInputInEditPOPUPInViewCart -->
  <testcase classname="testScripts.ViewCartPageTests" name="VerifingEditPOPUPUpdateBtnInViewCart" time="6.27"/>
  <testcase classname="testScripts.ViewCartPageTests" name="VerifingEditBtnInViewCart" time="7.326">
    <failure type="org.openqa.selenium.NoSuchElementException" message="no such element: Unable to locate element: {&amp;quot;method&amp;quot;:&amp;quot;xpath&amp;quot;,&amp;quot;selector&amp;quot;:&amp;quot;//div[contains(@class, &amp;apos;product-quickview&amp;apos;)]&amp;quot;}
  (Session info: chrome=122.0.6261.94)
For documentation on this error, please visit: https://www.selenium.dev/documentation/webdriver/troubleshooting/errors#no-such-element-exception
Build info: version: &amp;apos;4.16.1&amp;apos;, revision: &amp;apos;9b4c83354e&amp;apos;
System info: os.name: &amp;apos;Windows 10&amp;apos;, os.arch: &amp;apos;amd64&amp;apos;, os.version: &amp;apos;10.0&amp;apos;, java.version: &amp;apos;17.0.7&amp;apos;
Driver info: org.openqa.selenium.chrome.ChromeDriver
Command: [b4f6aff2e330efb0435e57e4011deec5, findElement {using=xpath, value=//div[contains(@class, &amp;apos;product-quickview&amp;apos;)]}]
Capabilities {acceptInsecureCerts: false, browserName: chrome, browserVersion: 122.0.6261.94, chrome: {chromedriverVersion: 122.0.6261.94 (880dbf29479c..., userDataDir: C:\Users\UPENDR~1\AppData\L...}, fedcm:accounts: true, goog:chromeOptions: {debuggerAddress: localhost:61945}, networkConnectionEnabled: false, pageLoadStrategy: normal, platformName: windows, proxy: Proxy(), se:cdp: ws://localhost:61945/devtoo..., se:cdpVersion: 122.0.6261.94, setWindowRect: true, strictFileInteractability: false, timeouts: {implicit: 0, pageLoad: 300000, script: 30000}, unhandledPromptBehavior: dismiss and notify, webauthn:extension:credBlob: true, webauthn:extension:largeBlob: true, webauthn:extension:minPinLength: true, webauthn:extension:prf: true, webauthn:virtualAuthenticators: true}
Session ID: b4f6aff2e330efb0435e57e4011deec5">
      <![CDATA[org.openqa.selenium.NoSuchElementException: no such element: Unable to locate element: {"method":"xpath","selector":"//div[contains(@class, 'product-quickview')]"}
  (Session info: chrome=122.0.6261.94)
For documentation on this error, please visit: https://www.selenium.dev/documentation/webdriver/troubleshooting/errors#no-such-element-exception
Build info: version: '4.16.1', revision: '9b4c83354e'
System info: os.name: 'Windows 10', os.arch: 'amd64', os.version: '10.0', java.version: '17.0.7'
Driver info: org.openqa.selenium.chrome.ChromeDriver
Command: [b4f6aff2e330efb0435e57e4011deec5, findElement {using=xpath, value=//div[contains(@class, 'product-quickview')]}]
Capabilities {acceptInsecureCerts: false, browserName: chrome, browserVersion: 122.0.6261.94, chrome: {chromedriverVersion: 122.0.6261.94 (880dbf29479c..., userDataDir: C:\Users\UPENDR~1\AppData\L...}, fedcm:accounts: true, goog:chromeOptions: {debuggerAddress: localhost:61945}, networkConnectionEnabled: false, pageLoadStrategy: normal, platformName: windows, proxy: Proxy(), se:cdp: ws://localhost:61945/devtoo..., se:cdpVersion: 122.0.6261.94, setWindowRect: true, strictFileInteractability: false, timeouts: {implicit: 0, pageLoad: 300000, script: 30000}, unhandledPromptBehavior: dismiss and notify, webauthn:extension:credBlob: true, webauthn:extension:largeBlob: true, webauthn:extension:minPinLength: true, webauthn:extension:prf: true, webauthn:virtualAuthenticators: true}
Session ID: b4f6aff2e330efb0435e57e4011deec5
at org.openqa.selenium.remote.codec.w3c.W3CHttpResponseCodec.createException(W3CHttpResponseCodec.java:200)
at org.openqa.selenium.remote.codec.w3c.W3CHttpResponseCodec.decode(W3CHttpResponseCodec.java:133)
at org.openqa.selenium.remote.codec.w3c.W3CHttpResponseCodec.decode(W3CHttpResponseCodec.java:52)
at org.openqa.selenium.remote.HttpCommandExecutor.execute(HttpCommandExecutor.java:191)
at org.openqa.selenium.remote.service.DriverCommandExecutor.invokeExecute(DriverCommandExecutor.java:200)
at org.openqa.selenium.remote.service.DriverCommandExecutor.execute(DriverCommandExecutor.java:175)
at org.openqa.selenium.remote.RemoteWebDriver.execute(RemoteWebDriver.java:523)
at org.openqa.selenium.remote.ElementLocation$ElementFinder$2.findElement(ElementLocation.java:165)
at org.openqa.selenium.remote.ElementLocation.findElement(ElementLocation.java:59)
at org.openqa.selenium.remote.RemoteWebDriver.findElement(RemoteWebDriver.java:360)
at org.openqa.selenium.remote.RemoteWebDriver.findElement(RemoteWebDriver.java:354)
at validations.ViewCartPageValidations.VerifyEditBtnClick(ViewCartPageValidations.java:30)
at tasks.ViewCartPageTasks.editBtn(ViewCartPageTasks.java:71)
at testScripts.ViewCartPageTests.VerifingEditBtnInViewCart(ViewCartPageTests.java:25)
at java.base/java.util.ArrayList.forEach(ArrayList.java:1511)
... Removed 32 stack frames]]>
    </failure>
  </testcase> <!-- VerifingEditBtnInViewCart -->
  <testcase classname="testScripts.ViewCartPageTests" name="VerifingEditPOPUPCloseBtnInViewCart" time="7.324">
    <failure type="org.openqa.selenium.NoSuchElementException" message="no such element: Unable to locate element: {&amp;quot;method&amp;quot;:&amp;quot;xpath&amp;quot;,&amp;quot;selector&amp;quot;:&amp;quot;//div[contains(@class, &amp;apos;product-quickview&amp;apos;)]&amp;quot;}
  (Session info: chrome=122.0.6261.94)
For documentation on this error, please visit: https://www.selenium.dev/documentation/webdriver/troubleshooting/errors#no-such-element-exception
Build info: version: &amp;apos;4.16.1&amp;apos;, revision: &amp;apos;9b4c83354e&amp;apos;
System info: os.name: &amp;apos;Windows 10&amp;apos;, os.arch: &amp;apos;amd64&amp;apos;, os.version: &amp;apos;10.0&amp;apos;, java.version: &amp;apos;17.0.7&amp;apos;
Driver info: org.openqa.selenium.chrome.ChromeDriver
Command: [b4f6aff2e330efb0435e57e4011deec5, findElement {using=xpath, value=//div[contains(@class, &amp;apos;product-quickview&amp;apos;)]}]
Capabilities {acceptInsecureCerts: false, browserName: chrome, browserVersion: 122.0.6261.94, chrome: {chromedriverVersion: 122.0.6261.94 (880dbf29479c..., userDataDir: C:\Users\UPENDR~1\AppData\L...}, fedcm:accounts: true, goog:chromeOptions: {debuggerAddress: localhost:61945}, networkConnectionEnabled: false, pageLoadStrategy: normal, platformName: windows, proxy: Proxy(), se:cdp: ws://localhost:61945/devtoo..., se:cdpVersion: 122.0.6261.94, setWindowRect: true, strictFileInteractability: false, timeouts: {implicit: 0, pageLoad: 300000, script: 30000}, unhandledPromptBehavior: dismiss and notify, webauthn:extension:credBlob: true, webauthn:extension:largeBlob: true, webauthn:extension:minPinLength: true, webauthn:extension:prf: true, webauthn:virtualAuthenticators: true}
Session ID: b4f6aff2e330efb0435e57e4011deec5">
      <![CDATA[org.openqa.selenium.NoSuchElementException: no such element: Unable to locate element: {"method":"xpath","selector":"//div[contains(@class, 'product-quickview')]"}
  (Session info: chrome=122.0.6261.94)
For documentation on this error, please visit: https://www.selenium.dev/documentation/webdriver/troubleshooting/errors#no-such-element-exception
Build info: version: '4.16.1', revision: '9b4c83354e'
System info: os.name: 'Windows 10', os.arch: 'amd64', os.version: '10.0', java.version: '17.0.7'
Driver info: org.openqa.selenium.chrome.ChromeDriver
Command: [b4f6aff2e330efb0435e57e4011deec5, findElement {using=xpath, value=//div[contains(@class, 'product-quickview')]}]
Capabilities {acceptInsecureCerts: false, browserName: chrome, browserVersion: 122.0.6261.94, chrome: {chromedriverVersion: 122.0.6261.94 (880dbf29479c..., userDataDir: C:\Users\UPENDR~1\AppData\L...}, fedcm:accounts: true, goog:chromeOptions: {debuggerAddress: localhost:61945}, networkConnectionEnabled: false, pageLoadStrategy: normal, platformName: windows, proxy: Proxy(), se:cdp: ws://localhost:61945/devtoo..., se:cdpVersion: 122.0.6261.94, setWindowRect: true, strictFileInteractability: false, timeouts: {implicit: 0, pageLoad: 300000, script: 30000}, unhandledPromptBehavior: dismiss and notify, webauthn:extension:credBlob: true, webauthn:extension:largeBlob: true, webauthn:extension:minPinLength: true, webauthn:extension:prf: true, webauthn:virtualAuthenticators: true}
Session ID: b4f6aff2e330efb0435e57e4011deec5
at org.openqa.selenium.remote.codec.w3c.W3CHttpResponseCodec.createException(W3CHttpResponseCodec.java:200)
at org.openqa.selenium.remote.codec.w3c.W3CHttpResponseCodec.decode(W3CHttpResponseCodec.java:133)
at org.openqa.selenium.remote.codec.w3c.W3CHttpResponseCodec.decode(W3CHttpResponseCodec.java:52)
at org.openqa.selenium.remote.HttpCommandExecutor.execute(HttpCommandExecutor.java:191)
at org.openqa.selenium.remote.service.DriverCommandExecutor.invokeExecute(DriverCommandExecutor.java:200)
at org.openqa.selenium.remote.service.DriverCommandExecutor.execute(DriverCommandExecutor.java:175)
at org.openqa.selenium.remote.RemoteWebDriver.execute(RemoteWebDriver.java:523)
at org.openqa.selenium.remote.ElementLocation$ElementFinder$2.findElement(ElementLocation.java:165)
at org.openqa.selenium.remote.ElementLocation.findElement(ElementLocation.java:59)
at org.openqa.selenium.remote.RemoteWebDriver.findElement(RemoteWebDriver.java:360)
at org.openqa.selenium.remote.RemoteWebDriver.findElement(RemoteWebDriver.java:354)
at validations.ViewCartPageValidations.VerifyEditBtnClick(ViewCartPageValidations.java:30)
at tasks.ViewCartPageTasks.editBtn(ViewCartPageTasks.java:71)
at tasks.ViewCartPageTasks.editPage(ViewCartPageTasks.java:50)
at tasks.ViewCartPageTasks.closeBtnInEditPOPUP(ViewCartPageTasks.java:75)
at testScripts.ViewCartPageTests.VerifingEditPOPUPCloseBtnInViewCart(ViewCartPageTests.java:43)
at java.base/java.util.ArrayList.forEach(ArrayList.java:1511)
... Removed 31 stack frames]]>
    </failure>
  </testcase> <!-- VerifingEditPOPUPCloseBtnInViewCart -->
  <testcase classname="testScripts.ViewCartPageTests" name="VerifingCustomInputInViewCart" time="1.154">
    <failure type="org.openqa.selenium.ElementNotInteractableException" message="element not interactable
  (Session info: chrome=122.0.6261.94)
Build info: version: &amp;apos;4.16.1&amp;apos;, revision: &amp;apos;9b4c83354e&amp;apos;
System info: os.name: &amp;apos;Windows 10&amp;apos;, os.arch: &amp;apos;amd64&amp;apos;, os.version: &amp;apos;10.0&amp;apos;, java.version: &amp;apos;17.0.7&amp;apos;
Driver info: org.openqa.selenium.chrome.ChromeDriver
Command: [b4f6aff2e330efb0435e57e4011deec5, clearElement {id=f.AAEDEABB573ADAD8F41DFB2280592C31.d.BD924A66BF25FEDA33FF6EE46DB80BFF.e.4640}]
Capabilities {acceptInsecureCerts: false, browserName: chrome, browserVersion: 122.0.6261.94, chrome: {chromedriverVersion: 122.0.6261.94 (880dbf29479c..., userDataDir: C:\Users\UPENDR~1\AppData\L...}, fedcm:accounts: true, goog:chromeOptions: {debuggerAddress: localhost:61945}, networkConnectionEnabled: false, pageLoadStrategy: normal, platformName: windows, proxy: Proxy(), se:cdp: ws://localhost:61945/devtoo..., se:cdpVersion: 122.0.6261.94, setWindowRect: true, strictFileInteractability: false, timeouts: {implicit: 0, pageLoad: 300000, script: 30000}, unhandledPromptBehavior: dismiss and notify, webauthn:extension:credBlob: true, webauthn:extension:largeBlob: true, webauthn:extension:minPinLength: true, webauthn:extension:prf: true, webauthn:virtualAuthenticators: true}
Element: [[ChromeDriver: chrome on windows (b4f6aff2e330efb0435e57e4011deec5)] -&amp;gt; xpath: (//input[@class=&amp;apos;quantity cartCustomQty&amp;apos;])[1]]
Session ID: b4f6aff2e330efb0435e57e4011deec5">
      <![CDATA[org.openqa.selenium.ElementNotInteractableException: element not interactable
  (Session info: chrome=122.0.6261.94)
Build info: version: '4.16.1', revision: '9b4c83354e'
System info: os.name: 'Windows 10', os.arch: 'amd64', os.version: '10.0', java.version: '17.0.7'
Driver info: org.openqa.selenium.chrome.ChromeDriver
Command: [b4f6aff2e330efb0435e57e4011deec5, clearElement {id=f.AAEDEABB573ADAD8F41DFB2280592C31.d.BD924A66BF25FEDA33FF6EE46DB80BFF.e.4640}]
Capabilities {acceptInsecureCerts: false, browserName: chrome, browserVersion: 122.0.6261.94, chrome: {chromedriverVersion: 122.0.6261.94 (880dbf29479c..., userDataDir: C:\Users\UPENDR~1\AppData\L...}, fedcm:accounts: true, goog:chromeOptions: {debuggerAddress: localhost:61945}, networkConnectionEnabled: false, pageLoadStrategy: normal, platformName: windows, proxy: Proxy(), se:cdp: ws://localhost:61945/devtoo..., se:cdpVersion: 122.0.6261.94, setWindowRect: true, strictFileInteractability: false, timeouts: {implicit: 0, pageLoad: 300000, script: 30000}, unhandledPromptBehavior: dismiss and notify, webauthn:extension:credBlob: true, webauthn:extension:largeBlob: true, webauthn:extension:minPinLength: true, webauthn:extension:prf: true, webauthn:virtualAuthenticators: true}
Element: [[ChromeDriver: chrome on windows (b4f6aff2e330efb0435e57e4011deec5)] -> xpath: (//input[@class='quantity cartCustomQty'])[1]]
Session ID: b4f6aff2e330efb0435e57e4011deec5
at org.openqa.selenium.remote.codec.w3c.W3CHttpResponseCodec.createException(W3CHttpResponseCodec.java:200)
at org.openqa.selenium.remote.codec.w3c.W3CHttpResponseCodec.decode(W3CHttpResponseCodec.java:133)
at org.openqa.selenium.remote.codec.w3c.W3CHttpResponseCodec.decode(W3CHttpResponseCodec.java:52)
at org.openqa.selenium.remote.HttpCommandExecutor.execute(HttpCommandExecutor.java:191)
at org.openqa.selenium.remote.service.DriverCommandExecutor.invokeExecute(DriverCommandExecutor.java:200)
at org.openqa.selenium.remote.service.DriverCommandExecutor.execute(DriverCommandExecutor.java:175)
at org.openqa.selenium.remote.RemoteWebDriver.execute(RemoteWebDriver.java:523)
at org.openqa.selenium.remote.RemoteWebElement.execute(RemoteWebElement.java:224)
at org.openqa.selenium.remote.RemoteWebElement.clear(RemoteWebElement.java:130)
at org.openqa.selenium.support.pagefactory.internal.LocatingElementHandler.invoke(LocatingElementHandler.java:51)
at jdk.proxy2/jdk.proxy2.$Proxy17.clear(Unknown Source)
at functionality.Actionsss.clearText(Actionsss.java:112)
at tasks.ViewCartPageTasks.customInput(ViewCartPageTasks.java:128)
at testScripts.ViewCartPageTests.VerifingCustomInputInViewCart(ViewCartPageTests.java:61)
at java.base/java.util.ArrayList.forEach(ArrayList.java:1511)
... Removed 34 stack frames]]>
    </failure>
  </testcase> <!-- VerifingCustomInputInViewCart -->
  <testcase classname="testScripts.ViewCartPageTests" name="VerifingMoveToWishlistLinkInViewCart" time="5.345">
    <failure type="org.openqa.selenium.NoSuchElementException" message="no such element: Unable to locate element: {&amp;quot;method&amp;quot;:&amp;quot;xpath&amp;quot;,&amp;quot;selector&amp;quot;:&amp;quot;//h1[contains(@class, &amp;apos;page-title&amp;apos;)]&amp;quot;}
  (Session info: chrome=122.0.6261.94)
For documentation on this error, please visit: https://www.selenium.dev/documentation/webdriver/troubleshooting/errors#no-such-element-exception
Build info: version: &amp;apos;4.16.1&amp;apos;, revision: &amp;apos;9b4c83354e&amp;apos;
System info: os.name: &amp;apos;Windows 10&amp;apos;, os.arch: &amp;apos;amd64&amp;apos;, os.version: &amp;apos;10.0&amp;apos;, java.version: &amp;apos;17.0.7&amp;apos;
Driver info: org.openqa.selenium.chrome.ChromeDriver
Command: [b4f6aff2e330efb0435e57e4011deec5, findElement {using=xpath, value=//h1[contains(@class, &amp;apos;page-title&amp;apos;)]}]
Capabilities {acceptInsecureCerts: false, browserName: chrome, browserVersion: 122.0.6261.94, chrome: {chromedriverVersion: 122.0.6261.94 (880dbf29479c..., userDataDir: C:\Users\UPENDR~1\AppData\L...}, fedcm:accounts: true, goog:chromeOptions: {debuggerAddress: localhost:61945}, networkConnectionEnabled: false, pageLoadStrategy: normal, platformName: windows, proxy: Proxy(), se:cdp: ws://localhost:61945/devtoo..., se:cdpVersion: 122.0.6261.94, setWindowRect: true, strictFileInteractability: false, timeouts: {implicit: 0, pageLoad: 300000, script: 30000}, unhandledPromptBehavior: dismiss and notify, webauthn:extension:credBlob: true, webauthn:extension:largeBlob: true, webauthn:extension:minPinLength: true, webauthn:extension:prf: true, webauthn:virtualAuthenticators: true}
Session ID: b4f6aff2e330efb0435e57e4011deec5">
      <![CDATA[org.openqa.selenium.NoSuchElementException: no such element: Unable to locate element: {"method":"xpath","selector":"//h1[contains(@class, 'page-title')]"}
  (Session info: chrome=122.0.6261.94)
For documentation on this error, please visit: https://www.selenium.dev/documentation/webdriver/troubleshooting/errors#no-such-element-exception
Build info: version: '4.16.1', revision: '9b4c83354e'
System info: os.name: 'Windows 10', os.arch: 'amd64', os.version: '10.0', java.version: '17.0.7'
Driver info: org.openqa.selenium.chrome.ChromeDriver
Command: [b4f6aff2e330efb0435e57e4011deec5, findElement {using=xpath, value=//h1[contains(@class, 'page-title')]}]
Capabilities {acceptInsecureCerts: false, browserName: chrome, browserVersion: 122.0.6261.94, chrome: {chromedriverVersion: 122.0.6261.94 (880dbf29479c..., userDataDir: C:\Users\UPENDR~1\AppData\L...}, fedcm:accounts: true, goog:chromeOptions: {debuggerAddress: localhost:61945}, networkConnectionEnabled: false, pageLoadStrategy: normal, platformName: windows, proxy: Proxy(), se:cdp: ws://localhost:61945/devtoo..., se:cdpVersion: 122.0.6261.94, setWindowRect: true, strictFileInteractability: false, timeouts: {implicit: 0, pageLoad: 300000, script: 30000}, unhandledPromptBehavior: dismiss and notify, webauthn:extension:credBlob: true, webauthn:extension:largeBlob: true, webauthn:extension:minPinLength: true, webauthn:extension:prf: true, webauthn:virtualAuthenticators: true}
Session ID: b4f6aff2e330efb0435e57e4011deec5
at org.openqa.selenium.remote.codec.w3c.W3CHttpResponseCodec.createException(W3CHttpResponseCodec.java:200)
at org.openqa.selenium.remote.codec.w3c.W3CHttpResponseCodec.decode(W3CHttpResponseCodec.java:133)
at org.openqa.selenium.remote.codec.w3c.W3CHttpResponseCodec.decode(W3CHttpResponseCodec.java:52)
at org.openqa.selenium.remote.HttpCommandExecutor.execute(HttpCommandExecutor.java:191)
at org.openqa.selenium.remote.service.DriverCommandExecutor.invokeExecute(DriverCommandExecutor.java:200)
at org.openqa.selenium.remote.service.DriverCommandExecutor.execute(DriverCommandExecutor.java:175)
at org.openqa.selenium.remote.RemoteWebDriver.execute(RemoteWebDriver.java:523)
at org.openqa.selenium.remote.ElementLocation$ElementFinder$2.findElement(ElementLocation.java:165)
at org.openqa.selenium.remote.ElementLocation.findElement(ElementLocation.java:59)
at org.openqa.selenium.remote.RemoteWebDriver.findElement(RemoteWebDriver.java:360)
at org.openqa.selenium.remote.RemoteWebDriver.findElement(RemoteWebDriver.java:354)
at validations.ViewCartPageValidations.verifyViewCartWishlistLink(ViewCartPageValidations.java:135)
at tasks.ViewCartPageTasks.movetoWishList(ViewCartPageTasks.java:115)
at testScripts.ViewCartPageTests.VerifingMoveToWishlistLinkInViewCart(ViewCartPageTests.java:55)
at java.base/java.util.ArrayList.forEach(ArrayList.java:1511)
... Removed 31 stack frames]]>
    </failure>
  </testcase> <!-- VerifingMoveToWishlistLinkInViewCart -->
  <testcase classname="testScripts.ViewCartPageTests" name="VerifingEmptyPromoCodeInViewCart" time="2.124">
    <failure type="java.lang.NumberFormatException" message="For input string: &amp;quot;&amp;quot;">
      <![CDATA[java.lang.NumberFormatException: For input string: ""
at java.base/java.lang.NumberFormatException.forInputString(NumberFormatException.java:67)
at java.base/java.lang.Integer.parseInt(Integer.java:678)
at java.base/java.lang.Integer.parseInt(Integer.java:786)
at tasks.MiniCartPageTasks.miniCartValue(MiniCartPageTasks.java:26)
at tasks.HomePageTasks.miniCartBtnClick(HomePageTasks.java:100)
at tasks.ViewCartPageTasks.viewCartpage(ViewCartPageTasks.java:38)
at tasks.ViewCartPageTasks.emptyandClickApplyBtn(ViewCartPageTasks.java:141)
at testScripts.ViewCartPageTests.VerifingEmptyPromoCodeInViewCart(ViewCartPageTests.java:73)
at java.base/java.util.ArrayList.forEach(ArrayList.java:1511)
... Removed 27 stack frames]]>
    </failure>
  </testcase> <!-- VerifingEmptyPromoCodeInViewCart -->
  <testcase classname="testScripts.ViewCartPageTests" name="VerifingInvalidPromoCodeInViewCart" time="28.288"/>
  <testcase classname="testScripts.ViewCartPageTests" name="VerifingRemoveInViewCart" time="7.297"/>
  <testcase classname="testScripts.ViewCartPageTests" name="VerifingSelectShippingMethodInViewCart" time="8.212"/>
  <testcase classname="testScripts.ViewCartPageTests" name="VerifingCheckOutBtnClickInViewCart" time="8.308"/>
  <testcase classname="testScripts.CheckOutPageTests" name="VerifingClickonBacktoCartInCheckOutPage" time="10.711"/>
  <testcase classname="testScripts.CheckOutPageTests" name="VerifingProductlinkInCheckOutPage" time="51.884"/>
  <testcase classname="testScripts.CheckOutPageTests" name="VerifingForgotPasswordLinkInCheckOutPage" time="47.362"/>
  <testcase classname="testScripts.CheckOutPageTests" name="VerifingEmptyEmailInPOPUPForgotPasswordInCheckOutPage" time="7.213"/>
  <testcase classname="testScripts.CheckOutPageTests" name="VerifingInvaidEmailInPOPUPForgotPasswordInCheckOutPage" time="10.442"/>
  <testcase classname="testScripts.CheckOutPageTests" name="VerifingValidEmailInPOPUPForgotPasswordInCheckOutPage" time="13.524"/>
  <testcase classname="testScripts.CheckOutPageTests" name="VerifingEmptyEmailandPasswordInCheckOutPage" time="7.323"/>
  <testcase classname="testScripts.CheckOutPageTests" name="VerifingInvalidEmailandEmptyPasswordInCheckOutPage" time="10.559"/>
  <testcase classname="testScripts.CheckOutPageTests" name="VerifingInvalidEmailandInvalidPasswordInCheckOutPage" time="11.611"/>
  <testcase classname="testScripts.CheckOutPageTests" name="VerifingemptyEmailandInvalidPasswordInCheckOutPage" time="10.488"/>
  <testcase classname="testScripts.CheckOutPageTests" name="VerifingValidEmailandPasswordInCheckOutPage" time="26.815"/>
  <testcase classname="testScripts.CheckOutPageTests" name="VerifingSignUpLinkInCheckOutPage" time="118.417"/>
  <testcase classname="testScripts.CheckOutPageTests" name="VerifyingErrorMessagesWithoutEnteringAnyDetailsInCreatingAccOnCheckOutpage" time="7.259"/>
  <testcase classname="testScripts.CheckOutPageTests" name="VerifyingErrorMessagesEnterFNameInCreatingAccOnCheckOutpage" time="12.562"/>
  <testcase classname="testScripts.CheckOutPageTests" name="VerifyingErrorMessagesEnter_FName_LNameInCreatingAccOnCheckOutpage" time="16.728"/>
  <testcase classname="testScripts.CheckOutPageTests" name="VerifyingErrorMessagesEnter_FName_LName_PhoneInCreatingAccOnCheckOutpage" time="17.808"/>
  <testcase classname="testScripts.CheckOutPageTests" name="VerifyingErrorMessagesEnter_FName_LName_Phone_EmailInCreatingAccOnCheckOutpage" time="19.229"/>
  <testcase classname="testScripts.CheckOutPageTests" name="VerifyingErrorMessagesEnter_FName_LName_Phone_Email_CEmailInCreatingAccOnCheckOutpage" time="20.263"/>
  <testcase classname="testScripts.CheckOutPageTests" name="VerifyingErrorMessagesEnter_FName_LName_Phone_Email_CEmail_PWDsInCreatingAccOnCheckOutpage" time="21.484"/>
  <testcase classname="testScripts.CheckOutPageTests" name="VerifyingErrorMessageInvalidPhoneNumberInCreatingAccOnCheckOutpage" time="15.516"/>
  <testcase classname="testScripts.CheckOutPageTests" name="VerifyingErrorMessageMailAlreadyExistsInCreatingAccOnCheckOutpage" time="15.589"/>
  <testcase classname="testScripts.CheckOutPageTests" name="VerifyingErrorMessageEMailMissMatchInCreatingAccOnCheckOutpage" time="15.59"/>
  <testcase classname="testScripts.CheckOutPageTests" name="VerifyingErrorMessagePasswordStrengthInCreatingAccOnCheckOutpage" time="17.472"/>
  <testcase classname="testScripts.CheckOutPageTests" name="VerifyingErrorMessagePasswordMissMatchInCreatingAccOnCheckOutpage" time="15.495"/>
  <testcase classname="testScripts.CheckOutPageTests" name="VerifyingCrateAccountwithValidDetatisOnCheckOutpage" time="20.581"/>
  <testcase classname="testScripts.CheckOutPageTests" name="VerifingClickonGuestCheckoutBtnInCheckOutPage" time="127.586"/>
  <testcase classname="testScripts.CheckOutPageTests" name="VerifingEmptyEmailInputandClickonContinueAsGuestBtnInCheckOutPage" time="8.399"/>
  <testcase classname="testScripts.CheckOutPageTests" name="VerifingInvaidEmailInputandClickonContinueAsGuestBtnInCheckOutPage" time="9.587"/>
  <testcase classname="testScripts.CheckOutPageTests" name="VerifingGuestLoginFuncitonalityInCheckOutPage" time="10.73"/>
  <testcase classname="testScripts.ShippingAddressPageTests" name="VerifyingShippingAddressPageLoadingInShippingPage" time="0.066"/>
  <testcase classname="testScripts.ShippingAddressPageTests" name="VerifyingGetCustomerInformationInShippingAddressPage" time="0.066"/>
  <testcase classname="testScripts.ShippingAddressPageTests" name="VerifyingEditCustomerEmailInShippingAddressPage" time="11.617"/>
  <testcase classname="testScripts.ShippingAddressPageTests" name="VerifyingProductClickInShippingAddressPage" time="9.81"/>
  <testcase classname="testScripts.ShippingAddressPageTests" name="VerifyingBackToCartInShippingAddressPage" time="63.173"/>
  <testcase classname="testScripts.ShippingAddressPageTests" name="VerifyingShippingAddressFormInShippingAddressPage" time="53.26"/>
  <testcase classname="testScripts.ShippingAddressPageTests" name="VerifyingEtgLogoInShippingAddressPage" time="0.078"/>
  <testcase classname="testScripts.ShippingAddressPageTests" name="VerifyingNextPaymentButtonInShippingAddressPage" time="0.065"/>
  <testcase classname="testScripts.ShippingAddressPageTests" name="VerifyingOrderSummeryInShippingAddressPage" time="0.066"/>
  <testcase classname="testScripts.ShippingAddressPageTests" name="VerifyingEmptyFormInShippingAddressPage" time="9.654"/>
  <testcase classname="testScripts.ShippingAddressPageTests" name="VerifyingFirstNameFieldErrorInShippingAddressPage" time="33.167"/>
  <testcase classname="testScripts.ShippingAddressPageTests" name="VerifyingLastNameFieldErrorInShippingAddressPage" time="33.352"/>
  <testcase classname="testScripts.ShippingAddressPageTests" name="VerifyingAddressFieldErrorInShippingAddressPage" time="24.819"/>
  <testcase classname="testScripts.ShippingAddressPageTests" name="VerifyingPhoneNumberFieldErrorInShippingAddressPage" time="33.131"/>
  <testcase classname="testScripts.ShippingAddressPageTests" name="VerifyingValidShippingAddressInShippingAddressPage" time="22.27"/>
  <testcase classname="testScripts.ShippingAddressPageTests" name="VerifyingShippingAddressRegUserInShippingAddressPage" time="48.896"/>
  <testcase classname="testScripts.ShippingAddressPageTests" name="VerifyingValidShippingAddressRegUserInShippingAddressPage" time="75.638"/>
  <testcase classname="testScripts.ShippingAddressPageTests" name="VerifyingUpdateShippingAddressRegUserInShippingAddressPage" time="157.117"/>
  <testcase classname="testScripts.ShippingAddressPageTests" name="VerifyingSelectExistiongShippingAddressRegUserInShippingAddressPage" time="165.477"/>
  <testcase classname="testScripts.PaymentPageGiftCerificationTests" name="VerifyingEmptyGiftInPaymentPage" time="173.8"/>
  <testcase classname="testScripts.PaymentPageGiftCerificationTests" name="VerifyingInvalidGcErrorMsgInPaymentPage" time="9.601"/>
  <testcase classname="testScripts.PaymentPageGiftCerificationTests" name="VerifyingInsufficientGcInPaymentPage" time="9.554"/>
  <testcase classname="testScripts.PaymentPageGiftCerificationTests" name="VerifyingDifferentGcUserInPaymentPage" time="9.507"/>
  <testcase classname="testScripts.PaymentPageGiftCerificationTests" name="VerifyingRemoveGcInPaymentPage" time="6.454"/>
  <testcase classname="testScripts.PaymentPageGiftCerificationTests" name="VerifyingGiftCardsCheckBalanceEmptyInputInPaymentPage" time="7.437"/>
  <testcase classname="testScripts.PaymentPageGiftCerificationTests" name="VerifyingGiftCardsCheckBalanceInvalidInputInPaymentPage" time="10.562"/>
  <testcase classname="testScripts.PaymentPageGiftCerificationTests" name="VerifyingGiftCardsCheckBalanceInsufficientInputInPaymentPage" time="10.472"/>
  <testcase classname="testScripts.PaymentPageGiftCerificationTests" name="VerifyingGiftCardsCheckBalanceValidInputInPaymentPage" time="10.578"/>
  <testcase classname="testScripts.PaymentPageGiftCerificationTests" name="VerifyingSuccesMessageForValidGcApplied" time="11.523"/>
  <testcase classname="testScripts.PaymentPageTests" name="VerifyingTheCustomerInfoInPaymntPage" time="2.101"/>
  <testcase classname="testScripts.PaymentPageTests" name="VerifyingPaginationOfProductsInPaymentPage" time="11.716"/>
  <testcase classname="testScripts.PaymentPageTests" name="VerifyingOrderSummaryDisplayInPaymentPage" time="87.525"/>
  <testcase classname="testScripts.PaymentPageTests" name="VerifyingEtgLogoDisplayInPaymentPage" time="2.121"/>
  <testcase classname="testScripts.PaymentPageTests" name="VerifyingPaymentInfoDisplayInPaymentPage" time="2.136"/>
  <testcase classname="testScripts.PaymentPageTests" name="VerifyingBackToCartInPaymentPage" time="10.512"/>
  <testcase classname="testScripts.PaymentPageTests" name="VerifyingGiftMessage" time="111.631"/>
  <testcase classname="testScripts.PaymentPageTests" name="VerifyingEditCustomerInfoFromPaymentPageAndPlaceOrder" time="156.881"/>
  <testcase classname="testScripts.PaymentPageTests" name="VerifyingUpdateBillingAddressAndPlaceOrder" time="235.53"/>
  <testcase classname="testScripts.PaymentPageTests" name="VerifyingAddNewBillingAddressFromPaymentPageAndPlaceOrder" time="118.73"/>
  <testcase classname="testScripts.PaymentPageTests" name="VerifyingAllTheErrorsInCreditCard" time="98.572">
    <failure type="org.openqa.selenium.NoSuchElementException" message="no such element: Unable to locate element: {&amp;quot;method&amp;quot;:&amp;quot;xpath&amp;quot;,&amp;quot;selector&amp;quot;:&amp;quot;//p[contains(text(),&amp;apos;Please enter valid credit card details.&amp;apos;)]&amp;quot;}
  (Session info: chrome=122.0.6261.94)
For documentation on this error, please visit: https://www.selenium.dev/documentation/webdriver/troubleshooting/errors#no-such-element-exception
Build info: version: &amp;apos;4.16.1&amp;apos;, revision: &amp;apos;9b4c83354e&amp;apos;
System info: os.name: &amp;apos;Windows 10&amp;apos;, os.arch: &amp;apos;amd64&amp;apos;, os.version: &amp;apos;10.0&amp;apos;, java.version: &amp;apos;17.0.7&amp;apos;
Driver info: org.openqa.selenium.chrome.ChromeDriver
Command: [b4f6aff2e330efb0435e57e4011deec5, findElement {using=xpath, value=//p[contains(text(),&amp;apos;Please enter valid credit card details.&amp;apos;)]}]
Capabilities {acceptInsecureCerts: false, browserName: chrome, browserVersion: 122.0.6261.94, chrome: {chromedriverVersion: 122.0.6261.94 (880dbf29479c..., userDataDir: C:\Users\UPENDR~1\AppData\L...}, fedcm:accounts: true, goog:chromeOptions: {debuggerAddress: localhost:61945}, networkConnectionEnabled: false, pageLoadStrategy: normal, platformName: windows, proxy: Proxy(), se:cdp: ws://localhost:61945/devtoo..., se:cdpVersion: 122.0.6261.94, setWindowRect: true, strictFileInteractability: false, timeouts: {implicit: 0, pageLoad: 300000, script: 30000}, unhandledPromptBehavior: dismiss and notify, webauthn:extension:credBlob: true, webauthn:extension:largeBlob: true, webauthn:extension:minPinLength: true, webauthn:extension:prf: true, webauthn:virtualAuthenticators: true}
Session ID: b4f6aff2e330efb0435e57e4011deec5">
      <![CDATA[org.openqa.selenium.NoSuchElementException: no such element: Unable to locate element: {"method":"xpath","selector":"//p[contains(text(),'Please enter valid credit card details.')]"}
  (Session info: chrome=122.0.6261.94)
For documentation on this error, please visit: https://www.selenium.dev/documentation/webdriver/troubleshooting/errors#no-such-element-exception
Build info: version: '4.16.1', revision: '9b4c83354e'
System info: os.name: 'Windows 10', os.arch: 'amd64', os.version: '10.0', java.version: '17.0.7'
Driver info: org.openqa.selenium.chrome.ChromeDriver
Command: [b4f6aff2e330efb0435e57e4011deec5, findElement {using=xpath, value=//p[contains(text(),'Please enter valid credit card details.')]}]
Capabilities {acceptInsecureCerts: false, browserName: chrome, browserVersion: 122.0.6261.94, chrome: {chromedriverVersion: 122.0.6261.94 (880dbf29479c..., userDataDir: C:\Users\UPENDR~1\AppData\L...}, fedcm:accounts: true, goog:chromeOptions: {debuggerAddress: localhost:61945}, networkConnectionEnabled: false, pageLoadStrategy: normal, platformName: windows, proxy: Proxy(), se:cdp: ws://localhost:61945/devtoo..., se:cdpVersion: 122.0.6261.94, setWindowRect: true, strictFileInteractability: false, timeouts: {implicit: 0, pageLoad: 300000, script: 30000}, unhandledPromptBehavior: dismiss and notify, webauthn:extension:credBlob: true, webauthn:extension:largeBlob: true, webauthn:extension:minPinLength: true, webauthn:extension:prf: true, webauthn:virtualAuthenticators: true}
Session ID: b4f6aff2e330efb0435e57e4011deec5
at org.openqa.selenium.remote.codec.w3c.W3CHttpResponseCodec.createException(W3CHttpResponseCodec.java:200)
at org.openqa.selenium.remote.codec.w3c.W3CHttpResponseCodec.decode(W3CHttpResponseCodec.java:133)
at org.openqa.selenium.remote.codec.w3c.W3CHttpResponseCodec.decode(W3CHttpResponseCodec.java:52)
at org.openqa.selenium.remote.HttpCommandExecutor.execute(HttpCommandExecutor.java:191)
at org.openqa.selenium.remote.service.DriverCommandExecutor.invokeExecute(DriverCommandExecutor.java:200)
at org.openqa.selenium.remote.service.DriverCommandExecutor.execute(DriverCommandExecutor.java:175)
at org.openqa.selenium.remote.RemoteWebDriver.execute(RemoteWebDriver.java:523)
at org.openqa.selenium.remote.ElementLocation$ElementFinder$2.findElement(ElementLocation.java:165)
at org.openqa.selenium.remote.ElementLocation.findElement(ElementLocation.java:59)
at org.openqa.selenium.remote.RemoteWebDriver.findElement(RemoteWebDriver.java:360)
at org.openqa.selenium.remote.RemoteWebDriver.findElement(RemoteWebDriver.java:354)
at org.openqa.selenium.support.pagefactory.DefaultElementLocator.findElement(DefaultElementLocator.java:68)
at org.openqa.selenium.support.pagefactory.internal.LocatingElementHandler.invoke(LocatingElementHandler.java:38)
at jdk.proxy2/jdk.proxy2.$Proxy17.isDisplayed(Unknown Source)
at functionality.Actionsss.displayElement(Actionsss.java:198)
at validations.PaymentPageValidation.brainTreeAllPaymentsError(PaymentPageValidation.java:299)
at CreditCardPyament.AllValidationErrorMessagesOfCreditCard.allErrorsInCreditCard(AllValidationErrorMessagesOfCreditCard.java:24)
at tasks.PaymentPageTasks.allErrorsInCreditCard(PaymentPageTasks.java:212)
at testScripts.PaymentPageTests.VerifyingAllTheErrorsInCreditCard(PaymentPageTests.java:76)
at java.base/java.util.ArrayList.forEach(ArrayList.java:1511)
... Removed 31 stack frames]]>
    </failure>
  </testcase> <!-- VerifyingAllTheErrorsInCreditCard -->
  <testcase classname="testScripts.PaymentPageTests" name="VerifyingCvvErrorInCreditCard" time="97.903">
    <failure type="org.openqa.selenium.NoSuchElementException" message="no such element: Unable to locate element: {&amp;quot;method&amp;quot;:&amp;quot;xpath&amp;quot;,&amp;quot;selector&amp;quot;:&amp;quot;//p[contains(text(),&amp;apos;Please enter valid credit card details.&amp;apos;)]&amp;quot;}
  (Session info: chrome=122.0.6261.94)
For documentation on this error, please visit: https://www.selenium.dev/documentation/webdriver/troubleshooting/errors#no-such-element-exception
Build info: version: &amp;apos;4.16.1&amp;apos;, revision: &amp;apos;9b4c83354e&amp;apos;
System info: os.name: &amp;apos;Windows 10&amp;apos;, os.arch: &amp;apos;amd64&amp;apos;, os.version: &amp;apos;10.0&amp;apos;, java.version: &amp;apos;17.0.7&amp;apos;
Driver info: org.openqa.selenium.chrome.ChromeDriver
Command: [b4f6aff2e330efb0435e57e4011deec5, findElement {using=xpath, value=//p[contains(text(),&amp;apos;Please enter valid credit card details.&amp;apos;)]}]
Capabilities {acceptInsecureCerts: false, browserName: chrome, browserVersion: 122.0.6261.94, chrome: {chromedriverVersion: 122.0.6261.94 (880dbf29479c..., userDataDir: C:\Users\UPENDR~1\AppData\L...}, fedcm:accounts: true, goog:chromeOptions: {debuggerAddress: localhost:61945}, networkConnectionEnabled: false, pageLoadStrategy: normal, platformName: windows, proxy: Proxy(), se:cdp: ws://localhost:61945/devtoo..., se:cdpVersion: 122.0.6261.94, setWindowRect: true, strictFileInteractability: false, timeouts: {implicit: 0, pageLoad: 300000, script: 30000}, unhandledPromptBehavior: dismiss and notify, webauthn:extension:credBlob: true, webauthn:extension:largeBlob: true, webauthn:extension:minPinLength: true, webauthn:extension:prf: true, webauthn:virtualAuthenticators: true}
Session ID: b4f6aff2e330efb0435e57e4011deec5">
      <![CDATA[org.openqa.selenium.NoSuchElementException: no such element: Unable to locate element: {"method":"xpath","selector":"//p[contains(text(),'Please enter valid credit card details.')]"}
  (Session info: chrome=122.0.6261.94)
For documentation on this error, please visit: https://www.selenium.dev/documentation/webdriver/troubleshooting/errors#no-such-element-exception
Build info: version: '4.16.1', revision: '9b4c83354e'
System info: os.name: 'Windows 10', os.arch: 'amd64', os.version: '10.0', java.version: '17.0.7'
Driver info: org.openqa.selenium.chrome.ChromeDriver
Command: [b4f6aff2e330efb0435e57e4011deec5, findElement {using=xpath, value=//p[contains(text(),'Please enter valid credit card details.')]}]
Capabilities {acceptInsecureCerts: false, browserName: chrome, browserVersion: 122.0.6261.94, chrome: {chromedriverVersion: 122.0.6261.94 (880dbf29479c..., userDataDir: C:\Users\UPENDR~1\AppData\L...}, fedcm:accounts: true, goog:chromeOptions: {debuggerAddress: localhost:61945}, networkConnectionEnabled: false, pageLoadStrategy: normal, platformName: windows, proxy: Proxy(), se:cdp: ws://localhost:61945/devtoo..., se:cdpVersion: 122.0.6261.94, setWindowRect: true, strictFileInteractability: false, timeouts: {implicit: 0, pageLoad: 300000, script: 30000}, unhandledPromptBehavior: dismiss and notify, webauthn:extension:credBlob: true, webauthn:extension:largeBlob: true, webauthn:extension:minPinLength: true, webauthn:extension:prf: true, webauthn:virtualAuthenticators: true}
Session ID: b4f6aff2e330efb0435e57e4011deec5
at org.openqa.selenium.remote.codec.w3c.W3CHttpResponseCodec.createException(W3CHttpResponseCodec.java:200)
at org.openqa.selenium.remote.codec.w3c.W3CHttpResponseCodec.decode(W3CHttpResponseCodec.java:133)
at org.openqa.selenium.remote.codec.w3c.W3CHttpResponseCodec.decode(W3CHttpResponseCodec.java:52)
at org.openqa.selenium.remote.HttpCommandExecutor.execute(HttpCommandExecutor.java:191)
at org.openqa.selenium.remote.service.DriverCommandExecutor.invokeExecute(DriverCommandExecutor.java:200)
at org.openqa.selenium.remote.service.DriverCommandExecutor.execute(DriverCommandExecutor.java:175)
at org.openqa.selenium.remote.RemoteWebDriver.execute(RemoteWebDriver.java:523)
at org.openqa.selenium.remote.ElementLocation$ElementFinder$2.findElement(ElementLocation.java:165)
at org.openqa.selenium.remote.ElementLocation.findElement(ElementLocation.java:59)
at org.openqa.selenium.remote.RemoteWebDriver.findElement(RemoteWebDriver.java:360)
at org.openqa.selenium.remote.RemoteWebDriver.findElement(RemoteWebDriver.java:354)
at org.openqa.selenium.support.pagefactory.DefaultElementLocator.findElement(DefaultElementLocator.java:68)
at org.openqa.selenium.support.pagefactory.internal.LocatingElementHandler.invoke(LocatingElementHandler.java:38)
at jdk.proxy2/jdk.proxy2.$Proxy17.isDisplayed(Unknown Source)
at functionality.Actionsss.displayElement(Actionsss.java:198)
at validations.PaymentPageValidation.brainTreeAllPaymentsError(PaymentPageValidation.java:299)
at CreditCardPyament.AllValidationErrorMessagesOfCreditCard.creditCvvError(AllValidationErrorMessagesOfCreditCard.java:254)
at tasks.PaymentPageTasks.CreditCardCvvErrorMessage(PaymentPageTasks.java:224)
at testScripts.PaymentPageTests.VerifyingCvvErrorInCreditCard(PaymentPageTests.java:88)
at java.base/java.util.ArrayList.forEach(ArrayList.java:1511)
... Removed 31 stack frames]]>
    </failure>
  </testcase> <!-- VerifyingCvvErrorInCreditCard -->
  <testcase classname="testScripts.PaymentPageTests" name="VerifyingCreditcardNumberInValidError" time="98.907">
    <failure type="org.openqa.selenium.NoSuchElementException" message="no such element: Unable to locate element: {&amp;quot;method&amp;quot;:&amp;quot;xpath&amp;quot;,&amp;quot;selector&amp;quot;:&amp;quot;//p[contains(text(),&amp;apos;Please enter valid credit card details.&amp;apos;)]&amp;quot;}
  (Session info: chrome=122.0.6261.94)
For documentation on this error, please visit: https://www.selenium.dev/documentation/webdriver/troubleshooting/errors#no-such-element-exception
Build info: version: &amp;apos;4.16.1&amp;apos;, revision: &amp;apos;9b4c83354e&amp;apos;
System info: os.name: &amp;apos;Windows 10&amp;apos;, os.arch: &amp;apos;amd64&amp;apos;, os.version: &amp;apos;10.0&amp;apos;, java.version: &amp;apos;17.0.7&amp;apos;
Driver info: org.openqa.selenium.chrome.ChromeDriver
Command: [b4f6aff2e330efb0435e57e4011deec5, findElement {using=xpath, value=//p[contains(text(),&amp;apos;Please enter valid credit card details.&amp;apos;)]}]
Capabilities {acceptInsecureCerts: false, browserName: chrome, browserVersion: 122.0.6261.94, chrome: {chromedriverVersion: 122.0.6261.94 (880dbf29479c..., userDataDir: C:\Users\UPENDR~1\AppData\L...}, fedcm:accounts: true, goog:chromeOptions: {debuggerAddress: localhost:61945}, networkConnectionEnabled: false, pageLoadStrategy: normal, platformName: windows, proxy: Proxy(), se:cdp: ws://localhost:61945/devtoo..., se:cdpVersion: 122.0.6261.94, setWindowRect: true, strictFileInteractability: false, timeouts: {implicit: 0, pageLoad: 300000, script: 30000}, unhandledPromptBehavior: dismiss and notify, webauthn:extension:credBlob: true, webauthn:extension:largeBlob: true, webauthn:extension:minPinLength: true, webauthn:extension:prf: true, webauthn:virtualAuthenticators: true}
Session ID: b4f6aff2e330efb0435e57e4011deec5">
      <![CDATA[org.openqa.selenium.NoSuchElementException: no such element: Unable to locate element: {"method":"xpath","selector":"//p[contains(text(),'Please enter valid credit card details.')]"}
  (Session info: chrome=122.0.6261.94)
For documentation on this error, please visit: https://www.selenium.dev/documentation/webdriver/troubleshooting/errors#no-such-element-exception
Build info: version: '4.16.1', revision: '9b4c83354e'
System info: os.name: 'Windows 10', os.arch: 'amd64', os.version: '10.0', java.version: '17.0.7'
Driver info: org.openqa.selenium.chrome.ChromeDriver
Command: [b4f6aff2e330efb0435e57e4011deec5, findElement {using=xpath, value=//p[contains(text(),'Please enter valid credit card details.')]}]
Capabilities {acceptInsecureCerts: false, browserName: chrome, browserVersion: 122.0.6261.94, chrome: {chromedriverVersion: 122.0.6261.94 (880dbf29479c..., userDataDir: C:\Users\UPENDR~1\AppData\L...}, fedcm:accounts: true, goog:chromeOptions: {debuggerAddress: localhost:61945}, networkConnectionEnabled: false, pageLoadStrategy: normal, platformName: windows, proxy: Proxy(), se:cdp: ws://localhost:61945/devtoo..., se:cdpVersion: 122.0.6261.94, setWindowRect: true, strictFileInteractability: false, timeouts: {implicit: 0, pageLoad: 300000, script: 30000}, unhandledPromptBehavior: dismiss and notify, webauthn:extension:credBlob: true, webauthn:extension:largeBlob: true, webauthn:extension:minPinLength: true, webauthn:extension:prf: true, webauthn:virtualAuthenticators: true}
Session ID: b4f6aff2e330efb0435e57e4011deec5
at org.openqa.selenium.remote.codec.w3c.W3CHttpResponseCodec.createException(W3CHttpResponseCodec.java:200)
at org.openqa.selenium.remote.codec.w3c.W3CHttpResponseCodec.decode(W3CHttpResponseCodec.java:133)
at org.openqa.selenium.remote.codec.w3c.W3CHttpResponseCodec.decode(W3CHttpResponseCodec.java:52)
at org.openqa.selenium.remote.HttpCommandExecutor.execute(HttpCommandExecutor.java:191)
at org.openqa.selenium.remote.service.DriverCommandExecutor.invokeExecute(DriverCommandExecutor.java:200)
at org.openqa.selenium.remote.service.DriverCommandExecutor.execute(DriverCommandExecutor.java:175)
at org.openqa.selenium.remote.RemoteWebDriver.execute(RemoteWebDriver.java:523)
at org.openqa.selenium.remote.ElementLocation$ElementFinder$2.findElement(ElementLocation.java:165)
at org.openqa.selenium.remote.ElementLocation.findElement(ElementLocation.java:59)
at org.openqa.selenium.remote.RemoteWebDriver.findElement(RemoteWebDriver.java:360)
at org.openqa.selenium.remote.RemoteWebDriver.findElement(RemoteWebDriver.java:354)
at org.openqa.selenium.support.pagefactory.DefaultElementLocator.findElement(DefaultElementLocator.java:68)
at org.openqa.selenium.support.pagefactory.internal.LocatingElementHandler.invoke(LocatingElementHandler.java:38)
at jdk.proxy2/jdk.proxy2.$Proxy17.isDisplayed(Unknown Source)
at functionality.Actionsss.displayElement(Actionsss.java:198)
at validations.PaymentPageValidation.brainTreeAllPaymentsError(PaymentPageValidation.java:299)
at CreditCardPyament.AllValidationErrorMessagesOfCreditCard.creditcardNumberInValidError(AllValidationErrorMessagesOfCreditCard.java:55)
at tasks.PaymentPageTasks.creditcardNumberInValidError(PaymentPageTasks.java:229)
at testScripts.PaymentPageTests.VerifyingCreditcardNumberInValidError(PaymentPageTests.java:94)
at java.base/java.util.ArrayList.forEach(ArrayList.java:1511)
... Removed 31 stack frames]]>
    </failure>
  </testcase> <!-- VerifyingCreditcardNumberInValidError -->
  <testcase classname="testScripts.PaymentPageTests" name="VerifyingCreditCardExpDateInValid" time="98.348">
    <failure type="org.openqa.selenium.NoSuchElementException" message="no such element: Unable to locate element: {&amp;quot;method&amp;quot;:&amp;quot;xpath&amp;quot;,&amp;quot;selector&amp;quot;:&amp;quot;//p[contains(text(),&amp;apos;Please enter valid credit card details.&amp;apos;)]&amp;quot;}
  (Session info: chrome=122.0.6261.94)
For documentation on this error, please visit: https://www.selenium.dev/documentation/webdriver/troubleshooting/errors#no-such-element-exception
Build info: version: &amp;apos;4.16.1&amp;apos;, revision: &amp;apos;9b4c83354e&amp;apos;
System info: os.name: &amp;apos;Windows 10&amp;apos;, os.arch: &amp;apos;amd64&amp;apos;, os.version: &amp;apos;10.0&amp;apos;, java.version: &amp;apos;17.0.7&amp;apos;
Driver info: org.openqa.selenium.chrome.ChromeDriver
Command: [b4f6aff2e330efb0435e57e4011deec5, findElement {using=xpath, value=//p[contains(text(),&amp;apos;Please enter valid credit card details.&amp;apos;)]}]
Capabilities {acceptInsecureCerts: false, browserName: chrome, browserVersion: 122.0.6261.94, chrome: {chromedriverVersion: 122.0.6261.94 (880dbf29479c..., userDataDir: C:\Users\UPENDR~1\AppData\L...}, fedcm:accounts: true, goog:chromeOptions: {debuggerAddress: localhost:61945}, networkConnectionEnabled: false, pageLoadStrategy: normal, platformName: windows, proxy: Proxy(), se:cdp: ws://localhost:61945/devtoo..., se:cdpVersion: 122.0.6261.94, setWindowRect: true, strictFileInteractability: false, timeouts: {implicit: 0, pageLoad: 300000, script: 30000}, unhandledPromptBehavior: dismiss and notify, webauthn:extension:credBlob: true, webauthn:extension:largeBlob: true, webauthn:extension:minPinLength: true, webauthn:extension:prf: true, webauthn:virtualAuthenticators: true}
Session ID: b4f6aff2e330efb0435e57e4011deec5">
      <![CDATA[org.openqa.selenium.NoSuchElementException: no such element: Unable to locate element: {"method":"xpath","selector":"//p[contains(text(),'Please enter valid credit card details.')]"}
  (Session info: chrome=122.0.6261.94)
For documentation on this error, please visit: https://www.selenium.dev/documentation/webdriver/troubleshooting/errors#no-such-element-exception
Build info: version: '4.16.1', revision: '9b4c83354e'
System info: os.name: 'Windows 10', os.arch: 'amd64', os.version: '10.0', java.version: '17.0.7'
Driver info: org.openqa.selenium.chrome.ChromeDriver
Command: [b4f6aff2e330efb0435e57e4011deec5, findElement {using=xpath, value=//p[contains(text(),'Please enter valid credit card details.')]}]
Capabilities {acceptInsecureCerts: false, browserName: chrome, browserVersion: 122.0.6261.94, chrome: {chromedriverVersion: 122.0.6261.94 (880dbf29479c..., userDataDir: C:\Users\UPENDR~1\AppData\L...}, fedcm:accounts: true, goog:chromeOptions: {debuggerAddress: localhost:61945}, networkConnectionEnabled: false, pageLoadStrategy: normal, platformName: windows, proxy: Proxy(), se:cdp: ws://localhost:61945/devtoo..., se:cdpVersion: 122.0.6261.94, setWindowRect: true, strictFileInteractability: false, timeouts: {implicit: 0, pageLoad: 300000, script: 30000}, unhandledPromptBehavior: dismiss and notify, webauthn:extension:credBlob: true, webauthn:extension:largeBlob: true, webauthn:extension:minPinLength: true, webauthn:extension:prf: true, webauthn:virtualAuthenticators: true}
Session ID: b4f6aff2e330efb0435e57e4011deec5
at org.openqa.selenium.remote.codec.w3c.W3CHttpResponseCodec.createException(W3CHttpResponseCodec.java:200)
at org.openqa.selenium.remote.codec.w3c.W3CHttpResponseCodec.decode(W3CHttpResponseCodec.java:133)
at org.openqa.selenium.remote.codec.w3c.W3CHttpResponseCodec.decode(W3CHttpResponseCodec.java:52)
at org.openqa.selenium.remote.HttpCommandExecutor.execute(HttpCommandExecutor.java:191)
at org.openqa.selenium.remote.service.DriverCommandExecutor.invokeExecute(DriverCommandExecutor.java:200)
at org.openqa.selenium.remote.service.DriverCommandExecutor.execute(DriverCommandExecutor.java:175)
at org.openqa.selenium.remote.RemoteWebDriver.execute(RemoteWebDriver.java:523)
at org.openqa.selenium.remote.ElementLocation$ElementFinder$2.findElement(ElementLocation.java:165)
at org.openqa.selenium.remote.ElementLocation.findElement(ElementLocation.java:59)
at org.openqa.selenium.remote.RemoteWebDriver.findElement(RemoteWebDriver.java:360)
at org.openqa.selenium.remote.RemoteWebDriver.findElement(RemoteWebDriver.java:354)
at org.openqa.selenium.support.pagefactory.DefaultElementLocator.findElement(DefaultElementLocator.java:68)
at org.openqa.selenium.support.pagefactory.internal.LocatingElementHandler.invoke(LocatingElementHandler.java:38)
at jdk.proxy2/jdk.proxy2.$Proxy17.isDisplayed(Unknown Source)
at functionality.Actionsss.displayElement(Actionsss.java:198)
at validations.PaymentPageValidation.brainTreeAllPaymentsError(PaymentPageValidation.java:299)
at CreditCardPyament.AllValidationErrorMessagesOfCreditCard.creditCardExpMonthInValid(AllValidationErrorMessagesOfCreditCard.java:89)
at tasks.PaymentPageTasks.creditCardExpDateInValid(PaymentPageTasks.java:235)
at testScripts.PaymentPageTests.VerifyingCreditCardExpDateInValid(PaymentPageTests.java:100)
at java.base/java.util.ArrayList.forEach(ArrayList.java:1511)
... Removed 31 stack frames]]>
    </failure>
  </testcase> <!-- VerifyingCreditCardExpDateInValid -->
  <testcase classname="testScripts.PaymentPageTests" name="VerifyingCreditCardNumberInCompleteError" time="98.023">
    <failure type="org.openqa.selenium.NoSuchElementException" message="no such element: Unable to locate element: {&amp;quot;method&amp;quot;:&amp;quot;xpath&amp;quot;,&amp;quot;selector&amp;quot;:&amp;quot;//p[contains(text(),&amp;apos;Please enter valid credit card details.&amp;apos;)]&amp;quot;}
  (Session info: chrome=122.0.6261.94)
For documentation on this error, please visit: https://www.selenium.dev/documentation/webdriver/troubleshooting/errors#no-such-element-exception
Build info: version: &amp;apos;4.16.1&amp;apos;, revision: &amp;apos;9b4c83354e&amp;apos;
System info: os.name: &amp;apos;Windows 10&amp;apos;, os.arch: &amp;apos;amd64&amp;apos;, os.version: &amp;apos;10.0&amp;apos;, java.version: &amp;apos;17.0.7&amp;apos;
Driver info: org.openqa.selenium.chrome.ChromeDriver
Command: [b4f6aff2e330efb0435e57e4011deec5, findElement {using=xpath, value=//p[contains(text(),&amp;apos;Please enter valid credit card details.&amp;apos;)]}]
Capabilities {acceptInsecureCerts: false, browserName: chrome, browserVersion: 122.0.6261.94, chrome: {chromedriverVersion: 122.0.6261.94 (880dbf29479c..., userDataDir: C:\Users\UPENDR~1\AppData\L...}, fedcm:accounts: true, goog:chromeOptions: {debuggerAddress: localhost:61945}, networkConnectionEnabled: false, pageLoadStrategy: normal, platformName: windows, proxy: Proxy(), se:cdp: ws://localhost:61945/devtoo..., se:cdpVersion: 122.0.6261.94, setWindowRect: true, strictFileInteractability: false, timeouts: {implicit: 0, pageLoad: 300000, script: 30000}, unhandledPromptBehavior: dismiss and notify, webauthn:extension:credBlob: true, webauthn:extension:largeBlob: true, webauthn:extension:minPinLength: true, webauthn:extension:prf: true, webauthn:virtualAuthenticators: true}
Session ID: b4f6aff2e330efb0435e57e4011deec5">
      <![CDATA[org.openqa.selenium.NoSuchElementException: no such element: Unable to locate element: {"method":"xpath","selector":"//p[contains(text(),'Please enter valid credit card details.')]"}
  (Session info: chrome=122.0.6261.94)
For documentation on this error, please visit: https://www.selenium.dev/documentation/webdriver/troubleshooting/errors#no-such-element-exception
Build info: version: '4.16.1', revision: '9b4c83354e'
System info: os.name: 'Windows 10', os.arch: 'amd64', os.version: '10.0', java.version: '17.0.7'
Driver info: org.openqa.selenium.chrome.ChromeDriver
Command: [b4f6aff2e330efb0435e57e4011deec5, findElement {using=xpath, value=//p[contains(text(),'Please enter valid credit card details.')]}]
Capabilities {acceptInsecureCerts: false, browserName: chrome, browserVersion: 122.0.6261.94, chrome: {chromedriverVersion: 122.0.6261.94 (880dbf29479c..., userDataDir: C:\Users\UPENDR~1\AppData\L...}, fedcm:accounts: true, goog:chromeOptions: {debuggerAddress: localhost:61945}, networkConnectionEnabled: false, pageLoadStrategy: normal, platformName: windows, proxy: Proxy(), se:cdp: ws://localhost:61945/devtoo..., se:cdpVersion: 122.0.6261.94, setWindowRect: true, strictFileInteractability: false, timeouts: {implicit: 0, pageLoad: 300000, script: 30000}, unhandledPromptBehavior: dismiss and notify, webauthn:extension:credBlob: true, webauthn:extension:largeBlob: true, webauthn:extension:minPinLength: true, webauthn:extension:prf: true, webauthn:virtualAuthenticators: true}
Session ID: b4f6aff2e330efb0435e57e4011deec5
at org.openqa.selenium.remote.codec.w3c.W3CHttpResponseCodec.createException(W3CHttpResponseCodec.java:200)
at org.openqa.selenium.remote.codec.w3c.W3CHttpResponseCodec.decode(W3CHttpResponseCodec.java:133)
at org.openqa.selenium.remote.codec.w3c.W3CHttpResponseCodec.decode(W3CHttpResponseCodec.java:52)
at org.openqa.selenium.remote.HttpCommandExecutor.execute(HttpCommandExecutor.java:191)
at org.openqa.selenium.remote.service.DriverCommandExecutor.invokeExecute(DriverCommandExecutor.java:200)
at org.openqa.selenium.remote.service.DriverCommandExecutor.execute(DriverCommandExecutor.java:175)
at org.openqa.selenium.remote.RemoteWebDriver.execute(RemoteWebDriver.java:523)
at org.openqa.selenium.remote.ElementLocation$ElementFinder$2.findElement(ElementLocation.java:165)
at org.openqa.selenium.remote.ElementLocation.findElement(ElementLocation.java:59)
at org.openqa.selenium.remote.RemoteWebDriver.findElement(RemoteWebDriver.java:360)
at org.openqa.selenium.remote.RemoteWebDriver.findElement(RemoteWebDriver.java:354)
at org.openqa.selenium.support.pagefactory.DefaultElementLocator.findElement(DefaultElementLocator.java:68)
at org.openqa.selenium.support.pagefactory.internal.LocatingElementHandler.invoke(LocatingElementHandler.java:38)
at jdk.proxy2/jdk.proxy2.$Proxy17.isDisplayed(Unknown Source)
at functionality.Actionsss.displayElement(Actionsss.java:198)
at validations.PaymentPageValidation.brainTreeAllPaymentsError(PaymentPageValidation.java:299)
at CreditCardPyament.AllValidationErrorMessagesOfCreditCard.creditCardNumberInCompleteError(AllValidationErrorMessagesOfCreditCard.java:121)
at tasks.PaymentPageTasks.creditCardNumberInCompleteError(PaymentPageTasks.java:241)
at testScripts.PaymentPageTests.VerifyingCreditCardNumberInCompleteError(PaymentPageTests.java:106)
at java.base/java.util.ArrayList.forEach(ArrayList.java:1511)
... Removed 31 stack frames]]>
    </failure>
  </testcase> <!-- VerifyingCreditCardNumberInCompleteError -->
  <testcase classname="testScripts.PaymentPageTests" name="VerifyingCreditCardInCompleteExpYearError" time="97.69">
    <failure type="org.openqa.selenium.NoSuchElementException" message="no such element: Unable to locate element: {&amp;quot;method&amp;quot;:&amp;quot;xpath&amp;quot;,&amp;quot;selector&amp;quot;:&amp;quot;//p[contains(text(),&amp;apos;Please enter valid credit card details.&amp;apos;)]&amp;quot;}
  (Session info: chrome=122.0.6261.94)
For documentation on this error, please visit: https://www.selenium.dev/documentation/webdriver/troubleshooting/errors#no-such-element-exception
Build info: version: &amp;apos;4.16.1&amp;apos;, revision: &amp;apos;9b4c83354e&amp;apos;
System info: os.name: &amp;apos;Windows 10&amp;apos;, os.arch: &amp;apos;amd64&amp;apos;, os.version: &amp;apos;10.0&amp;apos;, java.version: &amp;apos;17.0.7&amp;apos;
Driver info: org.openqa.selenium.chrome.ChromeDriver
Command: [b4f6aff2e330efb0435e57e4011deec5, findElement {using=xpath, value=//p[contains(text(),&amp;apos;Please enter valid credit card details.&amp;apos;)]}]
Capabilities {acceptInsecureCerts: false, browserName: chrome, browserVersion: 122.0.6261.94, chrome: {chromedriverVersion: 122.0.6261.94 (880dbf29479c..., userDataDir: C:\Users\UPENDR~1\AppData\L...}, fedcm:accounts: true, goog:chromeOptions: {debuggerAddress: localhost:61945}, networkConnectionEnabled: false, pageLoadStrategy: normal, platformName: windows, proxy: Proxy(), se:cdp: ws://localhost:61945/devtoo..., se:cdpVersion: 122.0.6261.94, setWindowRect: true, strictFileInteractability: false, timeouts: {implicit: 0, pageLoad: 300000, script: 30000}, unhandledPromptBehavior: dismiss and notify, webauthn:extension:credBlob: true, webauthn:extension:largeBlob: true, webauthn:extension:minPinLength: true, webauthn:extension:prf: true, webauthn:virtualAuthenticators: true}
Session ID: b4f6aff2e330efb0435e57e4011deec5">
      <![CDATA[org.openqa.selenium.NoSuchElementException: no such element: Unable to locate element: {"method":"xpath","selector":"//p[contains(text(),'Please enter valid credit card details.')]"}
  (Session info: chrome=122.0.6261.94)
For documentation on this error, please visit: https://www.selenium.dev/documentation/webdriver/troubleshooting/errors#no-such-element-exception
Build info: version: '4.16.1', revision: '9b4c83354e'
System info: os.name: 'Windows 10', os.arch: 'amd64', os.version: '10.0', java.version: '17.0.7'
Driver info: org.openqa.selenium.chrome.ChromeDriver
Command: [b4f6aff2e330efb0435e57e4011deec5, findElement {using=xpath, value=//p[contains(text(),'Please enter valid credit card details.')]}]
Capabilities {acceptInsecureCerts: false, browserName: chrome, browserVersion: 122.0.6261.94, chrome: {chromedriverVersion: 122.0.6261.94 (880dbf29479c..., userDataDir: C:\Users\UPENDR~1\AppData\L...}, fedcm:accounts: true, goog:chromeOptions: {debuggerAddress: localhost:61945}, networkConnectionEnabled: false, pageLoadStrategy: normal, platformName: windows, proxy: Proxy(), se:cdp: ws://localhost:61945/devtoo..., se:cdpVersion: 122.0.6261.94, setWindowRect: true, strictFileInteractability: false, timeouts: {implicit: 0, pageLoad: 300000, script: 30000}, unhandledPromptBehavior: dismiss and notify, webauthn:extension:credBlob: true, webauthn:extension:largeBlob: true, webauthn:extension:minPinLength: true, webauthn:extension:prf: true, webauthn:virtualAuthenticators: true}
Session ID: b4f6aff2e330efb0435e57e4011deec5
at org.openqa.selenium.remote.codec.w3c.W3CHttpResponseCodec.createException(W3CHttpResponseCodec.java:200)
at org.openqa.selenium.remote.codec.w3c.W3CHttpResponseCodec.decode(W3CHttpResponseCodec.java:133)
at org.openqa.selenium.remote.codec.w3c.W3CHttpResponseCodec.decode(W3CHttpResponseCodec.java:52)
at org.openqa.selenium.remote.HttpCommandExecutor.execute(HttpCommandExecutor.java:191)
at org.openqa.selenium.remote.service.DriverCommandExecutor.invokeExecute(DriverCommandExecutor.java:200)
at org.openqa.selenium.remote.service.DriverCommandExecutor.execute(DriverCommandExecutor.java:175)
at org.openqa.selenium.remote.RemoteWebDriver.execute(RemoteWebDriver.java:523)
at org.openqa.selenium.remote.ElementLocation$ElementFinder$2.findElement(ElementLocation.java:165)
at org.openqa.selenium.remote.ElementLocation.findElement(ElementLocation.java:59)
at org.openqa.selenium.remote.RemoteWebDriver.findElement(RemoteWebDriver.java:360)
at org.openqa.selenium.remote.RemoteWebDriver.findElement(RemoteWebDriver.java:354)
at org.openqa.selenium.support.pagefactory.DefaultElementLocator.findElement(DefaultElementLocator.java:68)
at org.openqa.selenium.support.pagefactory.internal.LocatingElementHandler.invoke(LocatingElementHandler.java:38)
at jdk.proxy2/jdk.proxy2.$Proxy17.isDisplayed(Unknown Source)
at functionality.Actionsss.displayElement(Actionsss.java:198)
at validations.PaymentPageValidation.brainTreeAllPaymentsError(PaymentPageValidation.java:299)
at CreditCardPyament.AllValidationErrorMessagesOfCreditCard.creditCardNumberInCompleteExpYearError(AllValidationErrorMessagesOfCreditCard.java:152)
at tasks.PaymentPageTasks.creditCardInCompleteExpYearError(PaymentPageTasks.java:246)
at testScripts.PaymentPageTests.VerifyingCreditCardInCompleteExpYearError(PaymentPageTests.java:112)
at java.base/java.util.ArrayList.forEach(ArrayList.java:1511)
... Removed 31 stack frames]]>
    </failure>
  </testcase> <!-- VerifyingCreditCardInCompleteExpYearError -->
  <testcase classname="testScripts.PaymentPageTests" name="VerifyingCreditCardInCompleteCvvError" time="98.289">
    <failure type="org.openqa.selenium.NoSuchElementException" message="no such element: Unable to locate element: {&amp;quot;method&amp;quot;:&amp;quot;xpath&amp;quot;,&amp;quot;selector&amp;quot;:&amp;quot;//p[contains(text(),&amp;apos;Please enter valid credit card details.&amp;apos;)]&amp;quot;}
  (Session info: chrome=122.0.6261.94)
For documentation on this error, please visit: https://www.selenium.dev/documentation/webdriver/troubleshooting/errors#no-such-element-exception
Build info: version: &amp;apos;4.16.1&amp;apos;, revision: &amp;apos;9b4c83354e&amp;apos;
System info: os.name: &amp;apos;Windows 10&amp;apos;, os.arch: &amp;apos;amd64&amp;apos;, os.version: &amp;apos;10.0&amp;apos;, java.version: &amp;apos;17.0.7&amp;apos;
Driver info: org.openqa.selenium.chrome.ChromeDriver
Command: [b4f6aff2e330efb0435e57e4011deec5, findElement {using=xpath, value=//p[contains(text(),&amp;apos;Please enter valid credit card details.&amp;apos;)]}]
Capabilities {acceptInsecureCerts: false, browserName: chrome, browserVersion: 122.0.6261.94, chrome: {chromedriverVersion: 122.0.6261.94 (880dbf29479c..., userDataDir: C:\Users\UPENDR~1\AppData\L...}, fedcm:accounts: true, goog:chromeOptions: {debuggerAddress: localhost:61945}, networkConnectionEnabled: false, pageLoadStrategy: normal, platformName: windows, proxy: Proxy(), se:cdp: ws://localhost:61945/devtoo..., se:cdpVersion: 122.0.6261.94, setWindowRect: true, strictFileInteractability: false, timeouts: {implicit: 0, pageLoad: 300000, script: 30000}, unhandledPromptBehavior: dismiss and notify, webauthn:extension:credBlob: true, webauthn:extension:largeBlob: true, webauthn:extension:minPinLength: true, webauthn:extension:prf: true, webauthn:virtualAuthenticators: true}
Session ID: b4f6aff2e330efb0435e57e4011deec5">
      <![CDATA[org.openqa.selenium.NoSuchElementException: no such element: Unable to locate element: {"method":"xpath","selector":"//p[contains(text(),'Please enter valid credit card details.')]"}
  (Session info: chrome=122.0.6261.94)
For documentation on this error, please visit: https://www.selenium.dev/documentation/webdriver/troubleshooting/errors#no-such-element-exception
Build info: version: '4.16.1', revision: '9b4c83354e'
System info: os.name: 'Windows 10', os.arch: 'amd64', os.version: '10.0', java.version: '17.0.7'
Driver info: org.openqa.selenium.chrome.ChromeDriver
Command: [b4f6aff2e330efb0435e57e4011deec5, findElement {using=xpath, value=//p[contains(text(),'Please enter valid credit card details.')]}]
Capabilities {acceptInsecureCerts: false, browserName: chrome, browserVersion: 122.0.6261.94, chrome: {chromedriverVersion: 122.0.6261.94 (880dbf29479c..., userDataDir: C:\Users\UPENDR~1\AppData\L...}, fedcm:accounts: true, goog:chromeOptions: {debuggerAddress: localhost:61945}, networkConnectionEnabled: false, pageLoadStrategy: normal, platformName: windows, proxy: Proxy(), se:cdp: ws://localhost:61945/devtoo..., se:cdpVersion: 122.0.6261.94, setWindowRect: true, strictFileInteractability: false, timeouts: {implicit: 0, pageLoad: 300000, script: 30000}, unhandledPromptBehavior: dismiss and notify, webauthn:extension:credBlob: true, webauthn:extension:largeBlob: true, webauthn:extension:minPinLength: true, webauthn:extension:prf: true, webauthn:virtualAuthenticators: true}
Session ID: b4f6aff2e330efb0435e57e4011deec5
at org.openqa.selenium.remote.codec.w3c.W3CHttpResponseCodec.createException(W3CHttpResponseCodec.java:200)
at org.openqa.selenium.remote.codec.w3c.W3CHttpResponseCodec.decode(W3CHttpResponseCodec.java:133)
at org.openqa.selenium.remote.codec.w3c.W3CHttpResponseCodec.decode(W3CHttpResponseCodec.java:52)
at org.openqa.selenium.remote.HttpCommandExecutor.execute(HttpCommandExecutor.java:191)
at org.openqa.selenium.remote.service.DriverCommandExecutor.invokeExecute(DriverCommandExecutor.java:200)
at org.openqa.selenium.remote.service.DriverCommandExecutor.execute(DriverCommandExecutor.java:175)
at org.openqa.selenium.remote.RemoteWebDriver.execute(RemoteWebDriver.java:523)
at org.openqa.selenium.remote.ElementLocation$ElementFinder$2.findElement(ElementLocation.java:165)
at org.openqa.selenium.remote.ElementLocation.findElement(ElementLocation.java:59)
at org.openqa.selenium.remote.RemoteWebDriver.findElement(RemoteWebDriver.java:360)
at org.openqa.selenium.remote.RemoteWebDriver.findElement(RemoteWebDriver.java:354)
at org.openqa.selenium.support.pagefactory.DefaultElementLocator.findElement(DefaultElementLocator.java:68)
at org.openqa.selenium.support.pagefactory.internal.LocatingElementHandler.invoke(LocatingElementHandler.java:38)
at jdk.proxy2/jdk.proxy2.$Proxy17.isDisplayed(Unknown Source)
at functionality.Actionsss.displayElement(Actionsss.java:198)
at validations.PaymentPageValidation.brainTreeAllPaymentsError(PaymentPageValidation.java:299)
at CreditCardPyament.AllValidationErrorMessagesOfCreditCard.creditCardInCompleteCvvError(AllValidationErrorMessagesOfCreditCard.java:184)
at tasks.PaymentPageTasks.creditCardInCompleteCvvError(PaymentPageTasks.java:251)
at testScripts.PaymentPageTests.VerifyingCreditCardInCompleteCvvError(PaymentPageTests.java:118)
at java.base/java.util.ArrayList.forEach(ArrayList.java:1511)
... Removed 31 stack frames]]>
    </failure>
  </testcase> <!-- VerifyingCreditCardInCompleteCvvError -->
  <testcase classname="testScripts.PaymentPageTests" name="VerifyingAddnewCreditCard" time="87.334"/>
  <testcase classname="testScripts.PaymentPageTests" name="VerifyingCreditcardWithValidDetails" time="14.888"/>
  <testcase classname="testScripts.ReviewOrderTest" name="VerifyingPlaceOrderButtonDisplayInReviewOrderPage" time="0.124"/>
  <testcase classname="testScripts.ReviewOrderTest" name="VerifyingTheDisplayOfCustomerInfoInReviewOrderPage" time="0.074"/>
  <testcase classname="testScripts.ReviewOrderTest" name="VerifyingPaginationOfProductsInReviewOrderPage" time="121.758"/>
  <testcase classname="testScripts.ReviewOrderTest" name="VerifyingOrderSummaryDisplayInReviewOrderPage" time="0.121"/>
  <testcase classname="testScripts.ReviewOrderTest" name="VerifyingPaymentInfoDisplayInReviewOrderPage" time="0.072"/>
  <testcase classname="testScripts.ReviewOrderTest" name="VerifyingEtgLogoDisplayInReviewOrderPage" time="0.073"/>
  <testcase classname="testScripts.ReviewOrderTest" name="VerifyingTheEditShippingAddressFromReviewOrderPageAndPlaceOrder" time="130.222"/>
  <testcase classname="testScripts.ReviewOrderTest" name="VerifyingTheEditBillingAddressFromReviewOrderPageAndPlaceOrder" time="206.104"/>
  <testcase classname="testScripts.ReviewOrderTest" name="VerifyingTheEditPhoneNumInShippingAddressFromReviewOrderPageAndPlaceOrder" time="45.805"/>
  <testcase classname="testScripts.ReviewOrderTest" name="VerifyingEditPhoneNumberInBillingAddressFromReviewOrderPageAndPlaceOrder" time="214.239"/>
  <testcase classname="testScripts.EditPaymentsFromReviewOrderPageTest" name="verifyingTheEditInPaymentInReviewOrderPageFromCreditCardToGiftCertificate" time="182.021"/>
  <testcase classname="testScripts.EditPaymentsFromReviewOrderPageTest" name="verifyingTheEditInPaymentInReviewOrderPageFromCreditCardToPaypal" time="181.833"/>
  <testcase classname="testScripts.EditPaymentsFromReviewOrderPageTest" name="verifyingTheEditInPaymentInReviewOrderPageFromGiftCertificateToCreditCard" time="204.402"/>
  <testcase classname="testScripts.EditPaymentsFromReviewOrderPageTest" name="verifyingTheEditInPaymentInReviewOrderPageFromGiftCertificateToPaypal" time="190.717"/>
  <testcase classname="testScripts.EditPaymentsFromReviewOrderPageTest" name="verifyingTheEditInPaymentInReviewOrderPageFromPaypalToGiftCertificate" time="428.85"/>
  <testcase classname="testScripts.EditPaymentsFromReviewOrderPageTest" name="verifyingTheEditInPaymentInReviewOrderPageFromPaypalToCreditCard" time="378.972"/>
  <testcase classname="testScripts.EditPaymentsFromReviewOrderPageTest" name="verifyingTheEditInPaymentInReviewOrderPageFromCombinationOfGiftCertificateAndCreditCardToGiftCertificate" time="244.905"/>
  <testcase classname="testScripts.EditPaymentsFromReviewOrderPageTest" name="verifyingTheEditInPaymentInReviewOrderPageFromCombinationOfGiftCertificateAndCreditCardToCreditCard" time="242.759"/>
  <testcase classname="testScripts.EditPaymentsFromReviewOrderPageTest" name="verifyingTheEditInPaymentInReviewOrderPageFromCombinationOfGiftCertificateAndPaypalToPaypal" time="451.597"/>
  <testcase classname="testScripts.EditPaymentsFromReviewOrderPageTest" name="verifyingTheEditInPaymentInReviewOrderPageFromCombinationOfGiftCertificateAndPaypalToGiftCertificate" time="438.888"/>
  <testcase classname="testScripts.EditPaymentsFromReviewOrderPageTest" name="verifyingTheEditInPaymentInReviewOrderPageFromPaypalToGiftCertificateAndPaypal" time="379.836"/>
  <testcase classname="testScripts.EditPaymentsFromReviewOrderPageTest" name="verifyingTheEditInPaymentInReviewOrderPageFromPaypalToCombinationOfGiftCertificateAndCreditCard" time="396.084"/>
  <testcase classname="testScripts.EditPaymentsFromReviewOrderPageTest" name="verifyingTheEditInPaymentInReviewOrderPageFromCreditCardToCombinationOfGiftCertificateAndPaypal" time="195.365"/>
  <testcase classname="testScripts.MyAccountPageTests" name="VerifingMyAccount" time="26.37"/>
  <testcase classname="testScripts.MyAccountPageEditProileTests" name="VerifingEditprofilelinkInMyAccountPage" time="6.608"/>
  <testcase classname="testScripts.MyAccountPageEditProileTests" name="VerifingEditprofileHomeInMyAccountPage" time="7.619"/>
  <testcase classname="testScripts.MyAccountPageEditProileTests" name="VerifingEditprofileMyAccountlinkInMyAccountPage" time="31.934"/>
  <testcase classname="testScripts.MyAccountPageEditProileTests" name="VerifingEditprofileCancelInMyAccountPage" time="15.546"/>
  <testcase classname="testScripts.MyAccountPageEditProileTests" name="VerifingEditprofileBackToMyAccountInMyAccountPage" time="15.611"/>
  <testcase classname="testScripts.MyAccountPageEditProileTests" name="VerifingEditprofileEmptyFormInMyAccountPage" time="21.038"/>
  <testcase classname="testScripts.MyAccountPageEditProileTests" name="VerifingEditprofileInvalidPhoneNumberInMyAccountPage" time="15.575"/>
  <testcase classname="testScripts.MyAccountPageEditProileTests" name="VerifingEditprofileInvalidEmailInMyAccountPage" time="15.344"/>
  <testcase classname="testScripts.MyAccountPageEditProileTests" name="VerifingEditprofileEmailMissMatchInMyAccountPage" time="15.323"/>
  <testcase classname="testScripts.MyAccountPageEditProileTests" name="VerifingEditprofilePWDmissMatchInMyAccountPage" time="15.311"/>
  <testcase classname="testScripts.MyAccountPageEditProileTests" name="VerifingEditprofileValidDetalsInMyAccountPage" time="15.411"/>
  <testcase classname="testScripts.MyAccountPageChangePasswordTests" name="VerifyingChangePasswordPageInMyAccountPage" time="6.618"/>
  <testcase classname="testScripts.MyAccountPageChangePasswordTests" name="VerifingchangePwdHomeInMyAccountPage" time="7.961"/>
  <testcase classname="testScripts.MyAccountPageChangePasswordTests" name="VerifingchangePwdMyAccountlinkInMyAccountPage" time="32.521"/>
  <testcase classname="testScripts.MyAccountPageChangePasswordTests" name="VerifingchangePwdCancelInMyAccountPage" time="15.74"/>
  <testcase classname="testScripts.MyAccountPageChangePasswordTests" name="VerifingchangePwdBackToMyAccountInMyAccountPage" time="15.64"/>
  <testcase classname="testScripts.MyAccountPageChangePasswordTests" name="VerifyingChangePasswordEmptyFormInMyAccountPage" time="12.005"/>
  <testcase classname="testScripts.MyAccountPageChangePasswordTests" name="VerifyingChangePasswordpassworddoesnotMatchwithCurrentUserInMyAccountPage" time="10.859"/>
  <testcase classname="testScripts.MyAccountPageChangePasswordTests" name="VerifyingChangechangepwdmissmatchInMyAccountPage" time="10.759"/>
  <testcase classname="testScripts.MyAccountPageChangePasswordTests" name="VerifyingChangevalidPasswordInMyAccountPage" time="10.855"/>
  <testcase classname="testScripts.MyAccountPageAddNewAddressPageFromABTests" name="VerifyingAddNewAddressPageViewFromAddressBookInMyAccountPage" time="15.715"/>
  <testcase classname="testScripts.MyAccountPageAddNewAddressPageFromABTests" name="VerifyingAddressBookLinkInAddNewAddressPageFromAddressBookInMyAccountPage" time="8.887"/>
  <testcase classname="testScripts.MyAccountPageAddNewAddressPageFromABTests" name="VerifingHomePageLinkAddNewAddressPageFromAddressBookInMyAccountPage" time="19.275"/>
  <testcase classname="testScripts.MyAccountPageAddNewAddressPageFromABTests" name="VerifingMyAccountLinkInAddNewAddressPageFromAddressBookInMyAccountPage" time="42.895"/>
  <testcase classname="testScripts.MyAccountPageAddNewAddressPageFromABTests" name="VerifingCancelButtonAddNewAddressPageFromAddressBookInMyAccountPage" time="24.999"/>
  <testcase classname="testScripts.MyAccountPageAddNewAddressPageFromABTests" name="VerifingBackToMyAccountAddNewAddressPageFromAddressBookInMyAccountPage" time="20.159"/>
  <testcase classname="testScripts.MyAccountPageAddNewAddressPageFromABTests" name="VerifyingAddNewAddressPageEmptyFormFromAddressBookInMyAccountPage" time="23.49"/>
  <testcase classname="testScripts.MyAccountPageAddNewAddressPageFromABTests" name="VerifyingAddNewAddressPageAddressTitleErrorFromAddressBookInMyAccountPage" time="18.212"/>
  <testcase classname="testScripts.MyAccountPageAddNewAddressPageFromABTests" name="VerifyingAddNewAddressPageFirstNameErrorFromAddressBookInMyAccountPage" time="18.362"/>
  <testcase classname="testScripts.MyAccountPageAddNewAddressPageFromABTests" name="VerifyingAddNewAddressPageLastNameErrorFromAddressBookInMyAccountPage" time="19.307"/>
  <testcase classname="testScripts.MyAccountPageAddNewAddressPageFromABTests" name="VerifyingAddNewAddressPageAddress1FromAddressBookInMyAccountPage" time="15.002"/>
  <testcase classname="testScripts.MyAccountPageAddNewAddressPageFromABTests" name="VerifyingAddNewAddressPagePhoneErrorFromAddressBookInMyAccountPage" time="18.324"/>
  <testcase classname="testScripts.MyAccountPageAddNewAddressPageFromABTests" name="VerifyingAddNewAddressPageAddressTitleAlreadyExistsErrorFromAddressBookInMyAccountPage" time="21.434"/>
  <testcase classname="testScripts.MyAccountPageAddNewAddressPageFromABTests" name="VerifyingAddNewAddressPageValidDetailsFromAddressBookInMyAccountPage" time="21.512"/>
  <testcase classname="testScripts.MyAccountPageEditAddressPageTests" name="VerifyingEditAddressAddressBookLInkInMyAccountPage" time="17.679"/>
  <testcase classname="testScripts.MyAccountPageEditAddressPageTests" name="VerifingeditAddressEditAddressHomeInMyAccountPage" time="19.31"/>
  <testcase classname="testScripts.MyAccountPageEditAddressPageTests" name="VerifingeditAddressEditAddressMyAccountlinkInMyAccountPage" time="42.825"/>
  <testcase classname="testScripts.MyAccountPageEditAddressPageTests" name="VerifingeditAddressEditAddressCancelInMyAccountPage" time="25.098"/>
  <testcase classname="testScripts.MyAccountPageEditAddressPageTests" name="VerifingeditAddressEditAddressBackToMyAccountInMyAccountPage" time="20.036"/>
  <testcase classname="testScripts.MyAccountPageEditAddressPageTests" name="VerifyingEditAddressPageEmptyFormInMyAccountPage" time="23.978"/>
  <testcase classname="testScripts.MyAccountPageEditAddressPageTests" name="VerifyingEditAddressPagePhoneErrorInMyAccountPage" time="16.948"/>
  <testcase classname="testScripts.MyAccountPageEditAddressPageTests" name="VerifyingEditAddressPageFirstNameErrorInMyAccountPage" time="17.114"/>
  <testcase classname="testScripts.MyAccountPageEditAddressPageTests" name="VerifyingEditAddressPageLastNameErrorInMyAccountPage" time="18.051"/>
  <testcase classname="testScripts.MyAccountPageEditAddressPageTests" name="VerifyingEditAddressPageAddress1InMyAccountPage" time="13.807"/>
  <testcase classname="testScripts.MyAccountPageEditAddressPageTests" name="VerifyingEditAddressPageValidDetailsInMyAccountPage" time="20.258"/>
  <testcase classname="testScripts.MyAccountPageAddressBookTests" name="VerifyingViewAddressBookInMyAccountPage" time="0.022"/>
  <testcase classname="testScripts.MyAccountPageAddressBookTests" name="VerifingAddressBookHomeInMyAccountPage" time="9.752"/>
  <testcase classname="testScripts.MyAccountPageAddressBookTests" name="VerifingAddressBookMyAccountlinkInMyAccountPage" time="33.076"/>
  <testcase classname="testScripts.MyAccountPageAddressBookTests" name="VerifingAddressBookBackToMyAccountInMyAccountPage" time="17.726"/>
  <testcase classname="testScripts.MyAccountPageAddressBookTests" name="VerifyingRemoveAddressCancelButtonEditAddressPageInMyAccountPage" time="21.518"/>
  <testcase classname="testScripts.MyAccountPageAddressBookTests" name="VerifyingDeleteOneAddressformAddressBookPageInMyAccountPage" time="14.425"/>
  <testcase classname="testScripts.MyAccountPageAddressBookTests" name="VerifyingMakeOneAddressAsaDefaultAddressInAddressBookPageInMyAccountPage" time="11.84"/>
  <testcase classname="testScripts.MyAccountPageAddNewAddressTests" name="VerifyingAddNewAddressPageViewInMyAccountPage" time="26.331"/>
  <testcase classname="testScripts.MyAccountPageAddNewAddressTests" name="VerifyingAddNewAddressPageAddressBookLInkInMyAccountPage" time="8.812"/>
  <testcase classname="testScripts.MyAccountPageAddNewAddressTests" name="VerifingAddNewAddressPageHomeInMyAccountPage" time="35.801"/>
  <testcase classname="testScripts.MyAccountPageAddNewAddressTests" name="VerifingAddNewAddressPageMyAccountlinkInMyAccountPage" time="36.232"/>
  <testcase classname="testScripts.MyAccountPageAddNewAddressTests" name="VerifingAddNewAddressPageCancelInMyAccountPage" time="18.232"/>
  <testcase classname="testScripts.MyAccountPageAddNewAddressTests" name="VerifingAddNewAddressPageBackToMyAccountInMyAccountPage" time="36.78"/>
  <testcase classname="testScripts.MyAccountPageAddNewAddressTests" name="VerifyingAddNewAddressPageEmptyFormInMyAccountPage" time="16.768"/>
  <testcase classname="testScripts.MyAccountPageAddNewAddressTests" name="VerifyingAddNewAddressPageAddressTitleErrorInMyAccountPage" time="18.173"/>
  <testcase classname="testScripts.MyAccountPageAddNewAddressTests" name="VerifyingAddNewAddressPageFirstNameErrorInMyAccountPage" time="18.119"/>
  <testcase classname="testScripts.MyAccountPageAddNewAddressTests" name="VerifyingAddNewAddressPageLastNameErrorInMyAccountPage" time="19.115"/>
  <testcase classname="testScripts.MyAccountPageAddNewAddressTests" name="VerifyingAddNewAddressPageAddress1InMyAccountPage" time="15.119"/>
  <testcase classname="testScripts.MyAccountPageAddNewAddressTests" name="VerifyingAddNewAddressPagePhoneErrorInMyAccountPage" time="18.167"/>
  <testcase classname="testScripts.MyAccountPageAddNewAddressTests" name="VerifyingAddNewAddressPageAddressTitleAlreadyExistsErrorInMyAccountPage" time="21.669"/>
  <testcase classname="testScripts.MyAccountPageAddNewAddressTests" name="VerifyingAddNewAddressPageValidDetailsInMyAccountPage" time="21.608"/>
  <testcase classname="testScripts.MyAccountPageOrderHistoryTests" name="VerifingOrderHistoryPageInMyAccountPage" time="27.245"/>
  <testcase classname="testScripts.MyAccountPageOrderHistoryTests" name="VerifingHomeLinkInOrderHistoryPageOnMyAccountPage" time="7.924"/>
  <testcase classname="testScripts.MyAccountPageOrderHistoryTests" name="VerifingMyAccountLinkInOrderHistoryPageOnMyAccountPage" time="35.631"/>
  <testcase classname="testScripts.MyAccountPageOrderHistoryTests" name="VerifingBackToMyAccountLinkInOrderHistoryPageOnMyAccountPage" time="18.92"/>
  <testcase classname="testScripts.MyAccountPageOrderHistoryTests" name="VerifingSelectFiltersInOrderHistoryPageOnMyAccountPage" time="11.088"/>
  <testcase classname="testScripts.MyAccountPageOrderHistoryTests" name="VerifingViewLinkInOrderHistoryPageOnMyAccountPage" time="0.056"/>
  <testcase classname="testScripts.MyAccountPageOrderHistoryTests" name="VerifingHomeLinkInOrderDetailPageFromOrderHistoryPageInMyAccountPage" time="0.06"/>
  <testcase classname="testScripts.MyAccountPageOrderHistoryTests" name="VerifingMyAccountLinkInOrderDetailPageFromOrderHistoryPageInMyAccountPage" time="0.06"/>
  <testcase classname="testScripts.MyAccountPageOrderHistoryTests" name="VerifingOrderHistoryLinkInOrderDetailPageFromOrderHistoryPageInMyAccountPage" time="0.061"/>
  <testcase classname="testScripts.MyAccountPageOrderHistoryTests" name="VerifingProductLinkInOrderDetailPageFromOrderHistoryPageInMyAccountPage" time="0.06"/>
  <testcase classname="testScripts.MyAccountPageOrderHistoryTests" name="VerifingBackToOrderHistoryLinkInOrderDetailPageFromOrderHistoryPageInMyAccountPage" time="0.062"/>
  <testcase classname="testScripts.MyAccountPageCreditCardTests" name="VerifyingBrainTreeCreditCardFormInkInMyAccountPage" time="22.189"/>
  <testcase classname="testScripts.MyAccountPageCreditCardTests" name="VerifyingBrainTreeCreditCardCancelButtonInkInMyAccountPage" time="7.528"/>
  <testcase classname="testScripts.MyAccountPageCreditCardTests" name="VerifyingBrainTreeCreditCardEmptyFormInkInMyAccountPage" time="12.522"/>
  <testcase classname="testScripts.MyAccountPageCreditCardTests" name="VerifyingBrainTreeCreditCardEnterNameFormInkInMyAccountPage" time="10.631"/>
  <testcase classname="testScripts.MyAccountPageCreditCardTests" name="VerifyingBrainTreeCreditCardEnterNameandNumberFormInkInMyAccountPage" time="11.796"/>
  <testcase classname="testScripts.MyAccountPageCreditCardTests" name="VerifyingBrainTreeCreditCardEnterNameNumberandCvvFormInkInMyAccountPage" time="12.954"/>
  <testcase classname="testScripts.MyAccountPageCreditCardTests" name="VerifyingBrainTreeCreditCardValidDetailsFormInkInMyAccountPage" time="16.923"/>
  <testcase classname="testScripts.MyAccountPageCreditCardTests" name="VerifyingBrainTreeCreditCardAlreadyHaveCreditCardInkInMyAccountPage" time="38.829"/>
  <testcase classname="testScripts.MyAccountPageCreditCardTests" name="VerifyingBrainTreeCreditCardMakeAsaDefaultCreditCardInkInMyAccountPage" time="7.241"/>
  <testcase classname="testScripts.MyAccountPageCreditCardTests" name="VerifyingBrainTreeCreditCardRemoveCreditCardInkInMyAccountPage" time="7.267"/>
  <testcase classname="testScripts.MyAccountPageCreditCardTests" name="VerifyingStripeCreditCardFormPageInkInMyAccountPage" time="0.131"/>
  <testcase classname="testScripts.MyAccountPageCreditCardTests" name="VerifyingStripeCreditCardFormPageCancelBtnInkInMyAccountPage" time="0.076"/>
  <testcase classname="testScripts.MyAccountPageCreditCardTests" name="VerifyingStripeCreditCardFormPageHomeLinkInkInMyAccountPage" time="0.072"/>
  <testcase classname="testScripts.MyAccountPageCreditCardTests" name="VerifyingStripeCreditCardFormPageMyAccountLinkInkInMyAccountPage" time="0.072"/>
  <testcase classname="testScripts.MyAccountPageCreditCardTests" name="VerifyingStripeCreditCardFormPagePaymentLinkInkInMyAccountPage" time="0.092"/>
  <testcase classname="testScripts.MyAccountPageCreditCardTests" name="VerifyingStripeCreditCardEmptyFormInkInMyAccountPage" time="0.067"/>
  <testcase classname="testScripts.MyAccountPageCreditCardTests" name="VerifyingStripeCreditCardInvalidCardNumberInkInMyAccountPage" time="0.078"/>
  <testcase classname="testScripts.MyAccountPageCreditCardTests" name="VerifyingStripeCreditCardExpDateErrorInkInMyAccountPage" time="0.069"/>
  <testcase classname="testScripts.MyAccountPageCreditCardTests" name="VerifyingStripeCreditCardCVVErrorInkInMyAccountPage" time="0.073"/>
  <testcase classname="testScripts.MyAccountPageCreditCardTests" name="VerifyingStripeCreditCardPostalCodeErrorInkInMyAccountPage" time="0.069"/>
  <testcase classname="testScripts.MyAccountPageCreditCardTests" name="VerifyingStripeCreditCardValidDeatilsAndSubmitFormInkInMyAccountPage" time="0.069"/>
  <testcase classname="testScripts.MyAccountPageCreditCardTests" name="VerifyingStripeCreditCardPaymentlPageHomeLinkInkInMyAccountPage" time="0.094"/>
  <testcase classname="testScripts.MyAccountPageCreditCardTests" name="VerifyingStripeCreditCardPaymentlPageHomeMyAccountLinkInkInMyAccountPage" time="0.094"/>
  <testcase classname="testScripts.MyAccountPageCreditCardTests" name="VerifyingStripeCreditCardPaymentlPageBackToMyAccountLinkInkInMyAccountPage" time="0.093"/>
  <testcase classname="testScripts.MyAccountPageCreditCardTests" name="VerifyingStripeCreditCardPaymentlPageRemovePOPUPCancelbtnLinkInkInMyAccountPage" time="0.092"/>
  <testcase classname="testScripts.MyAccountPageCreditCardTests" name="VerifyingStripeCreditCardPaymentlPageRemovePOPUPOKbtnLinkInkInMyAccountPage" time="0.092"/>
  <testcase classname="testScripts.MyAccountPageCreditCardTests" name="VerifyingStripeCreditCardViewLinkInkInMyAccountPage" time="0.052"/>
  <testcase classname="testScripts.MyAccountPageCreditCardTests" name="VerifyingCyberSourceCreditCardFormPageInkInMyAccountPage" time="0.061"/>
  <testcase classname="testScripts.MyAccountPageCreditCardTests" name="VerifyingCyberSourceCreditCardFormPageCancelBtnInkInMyAccountPage" time="0.077"/>
  <testcase classname="testScripts.MyAccountPageCreditCardTests" name="VerifyingCyberSourceCreditCardFormPageHomeLinkInkInMyAccountPage" time="0.068"/>
  <testcase classname="testScripts.MyAccountPageCreditCardTests" name="VerifyingCyberSourceCreditCardFormPageMyAccountLinkInkInMyAccountPage" time="0.068"/>
  <testcase classname="testScripts.MyAccountPageCreditCardTests" name="VerifyingCyberSourceCreditCardFormPagePaymentLinkInkInMyAccountPage" time="0.084"/>
  <testcase classname="testScripts.MyAccountPageCreditCardTests" name="VerifyingCyberSourceCreditCardEmptyFormInkInMyAccountPage" time="0.067"/>
  <testcase classname="testScripts.MyAccountPageCreditCardTests" name="VerifyingCyberSourceCreditCardNameInkInMyAccountPage" time="0.066"/>
  <testcase classname="testScripts.MyAccountPageCreditCardTests" name="VerifyingCyberSourceCreditCardNumberInkInMyAccountPage" time="0.068"/>
  <testcase classname="testScripts.MyAccountPageCreditCardTests" name="VerifyingCyberSourceCreditCardExpDateInkInMyAccountPage" time="0.068"/>
  <testcase classname="testScripts.MyAccountPageCreditCardTests" name="VerifyingCyberSourceCreditCardInvalidCardNumberInkInMyAccountPage" time="0.069"/>
  <testcase classname="testScripts.MyAccountPageCreditCardTests" name="VerifyingCyberSourceCreditCardValidDeatilsAndSubmitFormInkInMyAccountPage" time="0.067"/>
  <testcase classname="testScripts.MyAccountPageCreditCardTests" name="VerifyingCyberSourceCreditCardViewLinkInkInMyAccountPage" time="0.046"/>
  <testcase classname="testScripts.MyAccountPageCreditCardTests" name="VerifyingCyberSourceCreditCardPaymentlPageHomeLinkInkInMyAccountPage" time="0.091"/>
  <testcase classname="testScripts.MyAccountPageCreditCardTests" name="VerifyingCyberSourceCreditCardPaymentlPageHomeMyAccountLinkInkInMyAccountPage" time="0.1"/>
  <testcase classname="testScripts.MyAccountPageCreditCardTests" name="VerifyingCyberSourceCreditCardPaymentlPageBackToMyAccountLinkInkInMyAccountPage" time="0.092"/>
  <testcase classname="testScripts.MyAccountPageCreditCardTests" name="VerifyingCyberSourceCreditCardPaymentlPageRemovePOPUPCancelbtnLinkInkInMyAccountPage" time="0.092"/>
  <testcase classname="testScripts.MyAccountPageCreditCardTests" name="VerifyingCyberSourceCreditCardPaymentlPageRemovePOPUPOKbtnLinkInkInMyAccountPage" time="0.093"/>
  <testcase classname="testScripts.MyAccountPageWishListTests" name="VerifyingReoveFuctionalityOnWishListInMyAccountPage" time="9.265"/>
  <testcase classname="testScripts.MyAccountPageWishListTests" name="VerifyingFacebookLinkOnWishlistInMyAccountPage" time="4.285"/>
  <testcase classname="testScripts.MyAccountPageWishListTests" name="VerifyingTwitterLinkOnWishlistInMyAccountPage" time="4.278"/>
  <testcase classname="testScripts.MyAccountPageWishListTests" name="VerifyingPintersetsLinkOnWishlistInMyAccountPage" time="4.274"/>
  <testcase classname="testScripts.MyAccountPageWishListTests" name="VerifyingGmailLinkOnWishlistInMyAccountPage" time="4.197"/>
  <testcase classname="testScripts.MyAccountPageWishListTests" name="VerifyingCopyLinkOnWishlistInMyAccountPage" time="7.2"/>
  <testcase classname="testScripts.MyAccountPageWishListTests" name="VerifyingViewLinkOnWishListInMyAccountPage" time="13.569"/>
  <testcase classname="testScripts.MyAccountPageWishListTests" name="VerifyingHomeLinkOnWishlistPageInMyAccountPage" time="13.218"/>
  <testcase classname="testScripts.MyAccountPageWishListTests" name="VerifyingMyAccountLinkOnWishlistPageInMyAccountPage" time="53.777"/>
  <testcase classname="testScripts.MyAccountPageWishListTests" name="VerifyingBackToMyAccountLinkOnWishlistPageInMyAccountPage" time="20.652"/>
  <testcase classname="testScripts.MyAccountPageWishListTests" name="VerifyingCustomInputOnWishListPageInMyAccountPage" time="19.681"/>
  <testcase classname="testScripts.MyAccountPageWishListTests" name="VerifyingRemoveFromWishListOnWishListPageInMyAccountPage" time="10.366"/>
  <testcase classname="testScripts.MyAccountPageWishListTests" name="VerifyingEditpopupAttributesOnWishListPageInMyAccountPage" time="41.491"/>
  <testcase classname="testScripts.MyAccountPageWishListTests" name="VerifyingEditLinkOnWishListPageInMyAccountPage" time="8.394"/>
  <testcase classname="testScripts.MyAccountPageWishListTests" name="VerifyingEditClosebuttonOnWishListPageInMyAccountPage" time="5.181"/>
  <testcase classname="testScripts.MyAccountPageWishListTests" name="VerifyingEditpopupUpdateButtonOnWishListPageInMyAccountPage" time="44.475"/>
  <testcase classname="testScripts.MyAccountPageWishListTests" name="VerifyingselectAttributesLinkOnWishListPageInMyAccountPage" time="8.378"/>
  <testcase classname="testScripts.MyAccountPageWishListTests" name="VerifyingselectAttributesClosebuttonOnWishListPageInMyAccountPage" time="5.229"/>
  <testcase classname="testScripts.MyAccountPageWishListTests" name="VerifyingselectAttributespopupAttributesOnWishListPageInMyAccountPage" time="38.255"/>
  <testcase classname="testScripts.MyAccountPageWishListTests" name="VerifyingselectAttributespopupUpdateButtonOnWishListPageInMyAccountPage" time="34.121"/>
  <testcase classname="testScripts.MyAccountPageWishListTests" name="VerifyingAddtocartButtonOnWishListPageInMyAccountPage" time="37.2">
    <failure type="org.openqa.selenium.TimeoutException" message="Expected condition failed: waiting for visibility of element located by By.xpath: //div[@class=&amp;apos;alert alert-success add-to-basket-alert text-center&amp;apos;] (tried for 30 second(s) with 10 milliseconds interval)
Build info: version: &amp;apos;4.16.1&amp;apos;, revision: &amp;apos;9b4c83354e&amp;apos;
System info: os.name: &amp;apos;Windows 10&amp;apos;, os.arch: &amp;apos;amd64&amp;apos;, os.version: &amp;apos;10.0&amp;apos;, java.version: &amp;apos;17.0.7&amp;apos;
Driver info: driver.version: unknown">
      <![CDATA[org.openqa.selenium.TimeoutException: Expected condition failed: waiting for visibility of element located by By.xpath: //div[@class='alert alert-success add-to-basket-alert text-center'] (tried for 30 second(s) with 10 milliseconds interval)
Build info: version: '4.16.1', revision: '9b4c83354e'
System info: os.name: 'Windows 10', os.arch: 'amd64', os.version: '10.0', java.version: '17.0.7'
Driver info: driver.version: unknown
at org.openqa.selenium.support.ui.FluentWait.timeoutException(FluentWait.java:261)
at org.openqa.selenium.support.ui.FluentWait.until(FluentWait.java:229)
at validations.WishListPageValidations.validatingProductisAddtoCart(WishListPageValidations.java:101)
at tasks.MyAccountPageWishListTasks.AddtoCartbutton(MyAccountPageWishListTasks.java:203)
at testScripts.MyAccountPageWishListTests.VerifyingAddtocartButtonOnWishListPageInMyAccountPage(MyAccountPageWishListTests.java:133)
at java.base/java.util.ArrayList.forEach(ArrayList.java:1511)
... Removed 27 stack frames]]>
    </failure>
  </testcase> <!-- VerifyingAddtocartButtonOnWishListPageInMyAccountPage -->
  <testcase classname="testScripts.MyAccountPageGiftCardsTests" name="VerifyingGiftCardsBlockViewInMyAccountPage" time="18.434"/>
  <testcase classname="testScripts.MyAccountPageGiftCardsTests" name="VerifyingGiftCardsEmptyInputInMyAccountPage" time="7.426"/>
  <testcase classname="testScripts.MyAccountPageGiftCardsTests" name="VerifyingGiftCardsInvalidInputInMyAccountPage" time="10.52"/>
  <testcase classname="testScripts.MyAccountPageGiftCardsTests" name="VerifyingGiftCardBelongstoDifferentCustomerInputInMyAccountPage" time="10.62"/>
  <testcase classname="testScripts.MyAccountPageGiftCardsTests" name="VerifyingGiftCardsInsufficientInputInMyAccountPage" time="10.526"/>
  <testcase classname="testScripts.MyAccountPageGiftCardsTests" name="VerifyingGiftCardsValidInputInMyAccountPage" time="10.51"/>
  <testcase classname="testScripts.MyAccountPageGiftCardsTests" name="VerifyingGiftCardsCheckBalanceEmptyInputInMyAccountPage" time="7.411"/>
  <testcase classname="testScripts.MyAccountPageGiftCardsTests" name="VerifyingGiftCardsCheckBalanceInvalidInputInMyAccountPage" time="10.635"/>
  <testcase classname="testScripts.MyAccountPageGiftCardsTests" name="VerifyingGiftCardsCheckBalanceInsufficientInputInMyAccountPage" time="10.625"/>
  <testcase classname="testScripts.MyAccountPageGiftCardsTests" name="VerifyingGiftCardsCheckBalanceValidInputInMyAccountPage" time="10.603"/>
  <testcase classname="testScripts.WishlistPageTests" name="VerifyingProductsinWishList" time="12.466"/>
  <testcase classname="testScripts.WishlistPageTests" name="VerifyingHomeLinkinWishListPage" time="13.009"/>
  <testcase classname="testScripts.WishlistPageTests" name="VerifingForgotPasswordLinkInWishListPage" time="201.504"/>
  <testcase classname="testScripts.WishlistPageTests" name="VerifingEmptyEmailInPOPUPForgotPasswordInWishListPage" time="7.312"/>
  <testcase classname="testScripts.WishlistPageTests" name="VerifingInvaidEmailInPOPUPForgotPasswordInWishListPage" time="6.303"/>
  <testcase classname="testScripts.WishlistPageTests" name="VerifingValidEmailInPOPUPForgotPasswordInWishListPage" time="13.646"/>
  <testcase classname="testScripts.WishlistPageTests" name="VerifyingLoginFailureWithEmptyEmailAndPasswordInWishListPage" time="5.207"/>
  <testcase classname="testScripts.WishlistPageTests" name="VerifyingLoginFailureWithIncorrectCredentialsInWishListPage" time="11.632"/>
  <testcase classname="testScripts.WishlistPageTests" name="VerifyingLoginFailureWithInvalidEmailFormatInWishListPage" time="7.608"/>
  <testcase classname="testScripts.WishlistPageTests" name="VerifyingLoginFailureWithEmptyEmailInWishListPage" time="7.568"/>
  <testcase classname="testScripts.WishlistPageTests" name="VerifyingLoginFailureWithEmptyPasswordInWishListPage" time="7.524"/>
  <testcase classname="testScripts.WishlistPageTests" name="VerifyingLoginWithValidCredentialsInWishListPage" time="9.94"/>
  <testcase classname="testScripts.WishlistPageTests" name="VerifingCreateAccountLinkInWishListPage" time="187.212"/>
  <testcase classname="testScripts.WishlistPageTests" name="VerifingEmptyFormInWishListPage" time="9.351"/>
  <testcase classname="testScripts.WishlistPageTests" name="VerifyingErrorMessagesEnterFNameInCreatingAccOnWishListPage" time="12.482"/>
  <testcase classname="testScripts.WishlistPageTests" name="VerifyingErrorMessagesEnter_FName_LNameInCreatingAccOnWishListPage" time="16.689"/>
  <testcase classname="testScripts.WishlistPageTests" name="VerifyingErrorMessagesEnter_FName_LName_PhoneInCreatingAccOnWishListPage" time="17.877"/>
  <testcase classname="testScripts.WishlistPageTests" name="VerifyingErrorMessagesEnter_FName_LName_Phone_EmailInCreatingAccOnWishListPage" time="18.971"/>
  <testcase classname="testScripts.WishlistPageTests" name="VerifyingErrorMessagesEnter_FName_LName_Phone_Email_CEmailInCreatingAccOnWishListPage" time="20.245"/>
  <testcase classname="testScripts.WishlistPageTests" name="VerifyingErrorMessagesEnter_FName_LName_Phone_Email_CEmail_PWDsInCreatingAccOnWishListPage" time="21.324"/>
  <testcase classname="testScripts.WishlistPageTests" name="VerifyingErrorMessageInvalidPhoneNumberInWishListPage" time="17.665"/>
  <testcase classname="testScripts.WishlistPageTests" name="VerifyingErrorMessageInvalidEmailInWishListPage" time="17.584"/>
  <testcase classname="testScripts.WishlistPageTests" name="VerifyingErrorMessageMailAlreadyExistsInWishListPage" time="17.599"/>
  <testcase classname="testScripts.WishlistPageTests" name="VerifyingErrorMessageEMailMissMatchInWishListPage" time="17.711"/>
  <testcase classname="testScripts.WishlistPageTests" name="VerifyingErrorMessagePasswordMissMatchInWishListPage" time="17.487"/>
  <testcase classname="testScripts.WishlistPageTests" name="VerifyingErrorMessagePasswordStrengthInWishListPage" time="19.486"/>
  <testcase classname="testScripts.WishlistPageTests" name="VerifyingCrateAccountwithValidDetatisInWishListPage" time="20.608"/>
  <testcase classname="testScripts.WishlistPageTests" name="VerifyingEditpopupAttributesinWishListPage" time="55.971"/>
  <testcase classname="testScripts.WishlistPageTests" name="VerifyingEditLinkinWishListPage" time="10.395"/>
  <testcase classname="testScripts.WishlistPageTests" name="VerifyingEditClosebuttoninWishListPage" time="5.229"/>
  <testcase classname="testScripts.WishlistPageTests" name="VerifyingEditpopupUpdateButtoninWishListPage" time="46.772"/>
  <testcase classname="testScripts.WishlistPageTests" name="VerifyingAddtocartButtoninWishListPage" time="7.285"/>
  <testcase classname="testScripts.WishlistPageTests" name="VerifyingCustomInputinWishListPage" time="51.896"/>
  <testcase classname="testScripts.WishlistPageTests" name="VerifyingRemoveFromWishListinWishListPage" time="12.269"/>
  <testcase classname="testScripts.WishlistPageTests" name="VerifyingselectAttributesLinkinWishListPage" time="10.41"/>
  <testcase classname="testScripts.WishlistPageTests" name="VerifyingselectAttributesClosebuttoninWishListPage" time="5.203"/>
  <testcase classname="testScripts.WishlistPageTests" name="VerifyingselectAttributespopupAttributesinWishListPage" time="38.447"/>
  <testcase classname="testScripts.WishlistPageTests" name="VerifyingselectAttributespopupUpdateButtoninWishListPage" time="34.177"/>
  <testcase classname="testScripts.FindAStoreTest" name="VerifyFindAStore" time="0.027"/>
  <testcase classname="testScripts.FooterPageTest" name="VerifyingResourceFooterLinks" time="6.239">
    <failure type="org.openqa.selenium.NoSuchElementException" message="no such element: Unable to locate element: {&amp;quot;method&amp;quot;:&amp;quot;xpath&amp;quot;,&amp;quot;selector&amp;quot;:&amp;quot;//p[contains(text(),&amp;apos;This list is empty.&amp;apos;)]&amp;quot;}
  (Session info: chrome=122.0.6261.94)
For documentation on this error, please visit: https://www.selenium.dev/documentation/webdriver/troubleshooting/errors#no-such-element-exception
Build info: version: &amp;apos;4.16.1&amp;apos;, revision: &amp;apos;9b4c83354e&amp;apos;
System info: os.name: &amp;apos;Windows 10&amp;apos;, os.arch: &amp;apos;amd64&amp;apos;, os.version: &amp;apos;10.0&amp;apos;, java.version: &amp;apos;17.0.7&amp;apos;
Driver info: org.openqa.selenium.chrome.ChromeDriver
Command: [b4f6aff2e330efb0435e57e4011deec5, findElement {using=xpath, value=//p[contains(text(),&amp;apos;This list is empty.&amp;apos;)]}]
Capabilities {acceptInsecureCerts: false, browserName: chrome, browserVersion: 122.0.6261.94, chrome: {chromedriverVersion: 122.0.6261.94 (880dbf29479c..., userDataDir: C:\Users\UPENDR~1\AppData\L...}, fedcm:accounts: true, goog:chromeOptions: {debuggerAddress: localhost:61945}, networkConnectionEnabled: false, pageLoadStrategy: normal, platformName: windows, proxy: Proxy(), se:cdp: ws://localhost:61945/devtoo..., se:cdpVersion: 122.0.6261.94, setWindowRect: true, strictFileInteractability: false, timeouts: {implicit: 0, pageLoad: 300000, script: 30000}, unhandledPromptBehavior: dismiss and notify, webauthn:extension:credBlob: true, webauthn:extension:largeBlob: true, webauthn:extension:minPinLength: true, webauthn:extension:prf: true, webauthn:virtualAuthenticators: true}
Session ID: b4f6aff2e330efb0435e57e4011deec5">
      <![CDATA[org.openqa.selenium.NoSuchElementException: no such element: Unable to locate element: {"method":"xpath","selector":"//p[contains(text(),'This list is empty.')]"}
  (Session info: chrome=122.0.6261.94)
For documentation on this error, please visit: https://www.selenium.dev/documentation/webdriver/troubleshooting/errors#no-such-element-exception
Build info: version: '4.16.1', revision: '9b4c83354e'
System info: os.name: 'Windows 10', os.arch: 'amd64', os.version: '10.0', java.version: '17.0.7'
Driver info: org.openqa.selenium.chrome.ChromeDriver
Command: [b4f6aff2e330efb0435e57e4011deec5, findElement {using=xpath, value=//p[contains(text(),'This list is empty.')]}]
Capabilities {acceptInsecureCerts: false, browserName: chrome, browserVersion: 122.0.6261.94, chrome: {chromedriverVersion: 122.0.6261.94 (880dbf29479c..., userDataDir: C:\Users\UPENDR~1\AppData\L...}, fedcm:accounts: true, goog:chromeOptions: {debuggerAddress: localhost:61945}, networkConnectionEnabled: false, pageLoadStrategy: normal, platformName: windows, proxy: Proxy(), se:cdp: ws://localhost:61945/devtoo..., se:cdpVersion: 122.0.6261.94, setWindowRect: true, strictFileInteractability: false, timeouts: {implicit: 0, pageLoad: 300000, script: 30000}, unhandledPromptBehavior: dismiss and notify, webauthn:extension:credBlob: true, webauthn:extension:largeBlob: true, webauthn:extension:minPinLength: true, webauthn:extension:prf: true, webauthn:virtualAuthenticators: true}
Session ID: b4f6aff2e330efb0435e57e4011deec5
at org.openqa.selenium.remote.codec.w3c.W3CHttpResponseCodec.createException(W3CHttpResponseCodec.java:200)
at org.openqa.selenium.remote.codec.w3c.W3CHttpResponseCodec.decode(W3CHttpResponseCodec.java:133)
at org.openqa.selenium.remote.codec.w3c.W3CHttpResponseCodec.decode(W3CHttpResponseCodec.java:52)
at org.openqa.selenium.remote.HttpCommandExecutor.execute(HttpCommandExecutor.java:191)
at org.openqa.selenium.remote.service.DriverCommandExecutor.invokeExecute(DriverCommandExecutor.java:200)
at org.openqa.selenium.remote.service.DriverCommandExecutor.execute(DriverCommandExecutor.java:175)
at org.openqa.selenium.remote.RemoteWebDriver.execute(RemoteWebDriver.java:523)
at org.openqa.selenium.remote.ElementLocation$ElementFinder$2.findElement(ElementLocation.java:165)
at org.openqa.selenium.remote.ElementLocation.findElement(ElementLocation.java:59)
at org.openqa.selenium.remote.RemoteWebDriver.findElement(RemoteWebDriver.java:360)
at org.openqa.selenium.remote.RemoteWebDriver.findElement(RemoteWebDriver.java:354)
at org.openqa.selenium.support.pagefactory.DefaultElementLocator.findElement(DefaultElementLocator.java:68)
at org.openqa.selenium.support.pagefactory.internal.LocatingElementHandler.invoke(LocatingElementHandler.java:38)
at jdk.proxy2/jdk.proxy2.$Proxy17.isDisplayed(Unknown Source)
at functionality.Actionsss.displayElement(Actionsss.java:198)
at tasks.FooterPageTasks.getResourcesLinksFromFooter(FooterPageTasks.java:83)
at tasks.FooterPageTasks.resourceFooterLinks(FooterPageTasks.java:20)
at testScripts.FooterPageTest.VerifyingResourceFooterLinks(FooterPageTest.java:15)
at java.base/java.util.ArrayList.forEach(ArrayList.java:1511)
... Removed 31 stack frames]]>
    </failure>
  </testcase> <!-- VerifyingResourceFooterLinks -->
  <testcase classname="testScripts.FooterPageTest" name="VerifyinginvalidEmailInEmailSignUpBox" time="2.33"/>
  <testcase classname="testScripts.GiftCertificateTest" name="VerifyErrorMsgsInGiftCard" time="14.238"/>
  <testcase classname="testScripts.GiftCertificateTest" name="VerifytheErrorsFromName_Recipients_confirmRecipientEMail" time="15.769"/>
  <testcase classname="testScripts.GiftCertificateTest" name="VerifyTheErrorsRecipientEmailAndConfirmEmail" time="11.677"/>
  <testcase classname="testScripts.GiftCertificateTest" name="VerifyErrorsForConfirmMail" time="17.104"/>
  <testcase classname="testScripts.GiftCertificateTest" name="VerifyGiftCardToCart" time="25.406"/>
  <testcase classname="testScripts.ScorcherDealTest" name="VerifyingScorcherProductAddToCart" time="0.035"/>
  <testcase classname="testScripts.ScorcherDealTest" name="VerifyingAddingTheScorcherDealproductFromHomePageAndSameProductFromPdpPageVerifyingThePrice" time="2.114">
    <failure type="org.openqa.selenium.interactions.MoveTargetOutOfBoundsException" message="move target out of bounds
  (Session info: chrome=122.0.6261.94)
Build info: version: &amp;apos;4.16.1&amp;apos;, revision: &amp;apos;9b4c83354e&amp;apos;
System info: os.name: &amp;apos;Windows 10&amp;apos;, os.arch: &amp;apos;amd64&amp;apos;, os.version: &amp;apos;10.0&amp;apos;, java.version: &amp;apos;17.0.7&amp;apos;
Driver info: org.openqa.selenium.chrome.ChromeDriver
Command: [b4f6aff2e330efb0435e57e4011deec5, actions {actions=[org.openqa.selenium.interactions.Sequence@2f2c1387]}]
Capabilities {acceptInsecureCerts: false, browserName: chrome, browserVersion: 122.0.6261.94, chrome: {chromedriverVersion: 122.0.6261.94 (880dbf29479c..., userDataDir: C:\Users\UPENDR~1\AppData\L...}, fedcm:accounts: true, goog:chromeOptions: {debuggerAddress: localhost:61945}, networkConnectionEnabled: false, pageLoadStrategy: normal, platformName: windows, proxy: Proxy(), se:cdp: ws://localhost:61945/devtoo..., se:cdpVersion: 122.0.6261.94, setWindowRect: true, strictFileInteractability: false, timeouts: {implicit: 0, pageLoad: 300000, script: 30000}, unhandledPromptBehavior: dismiss and notify, webauthn:extension:credBlob: true, webauthn:extension:largeBlob: true, webauthn:extension:minPinLength: true, webauthn:extension:prf: true, webauthn:virtualAuthenticators: true}
Session ID: b4f6aff2e330efb0435e57e4011deec5">
      <![CDATA[org.openqa.selenium.interactions.MoveTargetOutOfBoundsException: move target out of bounds
  (Session info: chrome=122.0.6261.94)
Build info: version: '4.16.1', revision: '9b4c83354e'
System info: os.name: 'Windows 10', os.arch: 'amd64', os.version: '10.0', java.version: '17.0.7'
Driver info: org.openqa.selenium.chrome.ChromeDriver
Command: [b4f6aff2e330efb0435e57e4011deec5, actions {actions=[org.openqa.selenium.interactions.Sequence@2f2c1387]}]
Capabilities {acceptInsecureCerts: false, browserName: chrome, browserVersion: 122.0.6261.94, chrome: {chromedriverVersion: 122.0.6261.94 (880dbf29479c..., userDataDir: C:\Users\UPENDR~1\AppData\L...}, fedcm:accounts: true, goog:chromeOptions: {debuggerAddress: localhost:61945}, networkConnectionEnabled: false, pageLoadStrategy: normal, platformName: windows, proxy: Proxy(), se:cdp: ws://localhost:61945/devtoo..., se:cdpVersion: 122.0.6261.94, setWindowRect: true, strictFileInteractability: false, timeouts: {implicit: 0, pageLoad: 300000, script: 30000}, unhandledPromptBehavior: dismiss and notify, webauthn:extension:credBlob: true, webauthn:extension:largeBlob: true, webauthn:extension:minPinLength: true, webauthn:extension:prf: true, webauthn:virtualAuthenticators: true}
Session ID: b4f6aff2e330efb0435e57e4011deec5
at org.openqa.selenium.remote.codec.w3c.W3CHttpResponseCodec.createException(W3CHttpResponseCodec.java:200)
at org.openqa.selenium.remote.codec.w3c.W3CHttpResponseCodec.decode(W3CHttpResponseCodec.java:133)
at org.openqa.selenium.remote.codec.w3c.W3CHttpResponseCodec.decode(W3CHttpResponseCodec.java:52)
at org.openqa.selenium.remote.HttpCommandExecutor.execute(HttpCommandExecutor.java:191)
at org.openqa.selenium.remote.service.DriverCommandExecutor.invokeExecute(DriverCommandExecutor.java:200)
at org.openqa.selenium.remote.service.DriverCommandExecutor.execute(DriverCommandExecutor.java:175)
at org.openqa.selenium.remote.RemoteWebDriver.execute(RemoteWebDriver.java:523)
at org.openqa.selenium.remote.RemoteWebDriver.perform(RemoteWebDriver.java:609)
at org.openqa.selenium.interactions.Actions$BuiltAction.perform(Actions.java:598)
at org.openqa.selenium.interactions.Actions.perform(Actions.java:567)
at functionality.Actionsss.hover(Actionsss.java:27)
at tasks.LogOutTasks.verifyLogout(LogOutTasks.java:16)
at tasks.LoginPageTasks.loginPageView(LoginPageTasks.java:31)
at tasks.LoginPageTasks.verifyThatuserLogin(LoginPageTasks.java:117)
at tasks.ScorcherDealTasks.scorcherDealproductInHomePageAndSameProductFromPdpPage(ScorcherDealTasks.java:36)
at testScripts.ScorcherDealTest.VerifyingAddingTheScorcherDealproductFromHomePageAndSameProductFromPdpPageVerifyingThePrice(ScorcherDealTest.java:17)
at java.base/java.util.ArrayList.forEach(ArrayList.java:1511)
... Removed 32 stack frames]]>
    </failure>
  </testcase> <!-- VerifyingAddingTheScorcherDealproductFromHomePageAndSameProductFromPdpPageVerifyingThePrice -->
  <testcase classname="testScripts.RefreshPageTest" name="VerifyingRefreshingOfPaymentPageAndCheckingTheReviewOrderButtonEnable" time="157.94"/>
  <testcase classname="testScripts.RefreshPageTest" name="VerifyingRefreshingOgReviewOrderPageAndCheckThePaymentDetails" time="23.74"/>
  <testcase classname="baseClass.baseClass" name="@BeforeSuite setUpforReport" time="0.0">
    <ignored/>
  </testcase> <!-- @BeforeSuite setUpforReport -->
  <testcase classname="baseClass.baseClass" name="@BeforeSuite setUpforReport" time="0.0">
    <ignored/>
  </testcase> <!-- @BeforeSuite setUpforReport -->
  <testcase classname="baseClass.baseClass" name="@BeforeSuite setUpforReport" time="0.0">
    <ignored/>
  </testcase> <!-- @BeforeSuite setUpforReport -->
  <testcase classname="testScripts.MyAccountPageTests" name="VerifingMyOrder" time="0.0">
    <ignored/>
  </testcase> <!-- VerifingMyOrder -->
  <testcase classname="baseClass.baseClass" name="@AfterSuite tearDown" time="0.0">
    <ignored/>
  </testcase> <!-- @AfterSuite tearDown -->
  <testcase classname="baseClass.baseClass" name="@AfterSuite tearDown" time="0.0">
    <ignored/>
  </testcase> <!-- @AfterSuite tearDown -->
  <testcase classname="baseClass.baseClass" name="@AfterSuite tearDown" time="0.0">
    <ignored/>
  </testcase> <!-- @AfterSuite tearDown -->
  <testcase classname="testScripts.PaymentPageTests" name="VerifyingBillingPhoneNumberError" time="0.0">
    <ignored/>
  </testcase> <!-- VerifyingBillingPhoneNumberError -->
  <testcase classname="testScripts.MyAccountPageAddressBookTests" name="VerifyingEditAddressPageInMyAccountPage" time="0.0">
    <ignored/>
  </testcase> <!-- VerifyingEditAddressPageInMyAccountPage -->
  <testcase classname="baseClass.baseClass" name="@AfterSuite tearDown" time="0.0">
    <ignored/>
  </testcase> <!-- @AfterSuite tearDown -->
  <testcase classname="baseClass.baseClass" name="@AfterSuite tearDown" time="0.0">
    <ignored/>
  </testcase> <!-- @AfterSuite tearDown -->
  <testcase classname="baseClass.baseClass" name="@AfterSuite tearDown" time="0.0">
    <ignored/>
  </testcase> <!-- @AfterSuite tearDown -->
  <testcase classname="baseClass.baseClass" name="@BeforeSuite setUpforReport" time="0.0">
    <ignored/>
  </testcase> <!-- @BeforeSuite setUpforReport -->
  <testcase classname="baseClass.baseClass" name="@BeforeSuite setUpforReport" time="0.0">
    <ignored/>
  </testcase> <!-- @BeforeSuite setUpforReport -->
  <testcase classname="testScripts.HomePageTests" name="VerifingUserLogOutInHomePage" time="0.0">
    <ignored/>
  </testcase> <!-- VerifingUserLogOutInHomePage -->
  <testcase classname="baseClass.baseClass" name="@AfterSuite tearDown" time="0.0">
    <ignored/>
  </testcase> <!-- @AfterSuite tearDown -->
  <testcase classname="baseClass.baseClass" name="@AfterSuite tearDown" time="0.0">
    <ignored/>
  </testcase> <!-- @AfterSuite tearDown -->
  <testcase classname="baseClass.baseClass" name="@AfterSuite tearDown" time="0.0">
    <ignored/>
  </testcase> <!-- @AfterSuite tearDown -->
  <testcase classname="testScripts.CheckOutPageTests" name="VerifyingErrorMessageInvalidEmailInCreatingAccOnCheckOutpage" time="0.0">
    <ignored/>
  </testcase> <!-- VerifyingErrorMessageInvalidEmailInCreatingAccOnCheckOutpage -->
  <testcase classname="testScripts.PaymentPageTests" name="VerifyingEditShippingAddressFromPaymentPageAndPlaceOrder" time="0.0">
    <ignored/>
  </testcase> <!-- VerifyingEditShippingAddressFromPaymentPageAndPlaceOrder -->
  <testcase classname="baseClass.baseClass" name="@AfterSuite tearDown" time="0.0">
    <ignored/>
  </testcase> <!-- @AfterSuite tearDown -->
  <testcase classname="baseClass.baseClass" name="@BeforeSuite setUpforReport" time="0.0">
    <ignored/>
  </testcase> <!-- @BeforeSuite setUpforReport -->
  <testcase classname="baseClass.baseClass" name="@BeforeSuite setUpforReport" time="0.0">
    <ignored/>
  </testcase> <!-- @BeforeSuite setUpforReport -->
  <testcase classname="baseClass.baseClass" name="@BeforeSuite setUpforReport" time="0.0">
    <ignored/>
  </testcase> <!-- @BeforeSuite setUpforReport -->
  <testcase classname="baseClass.baseClass" name="@AfterSuite tearDown" time="0.0">
    <ignored/>
  </testcase> <!-- @AfterSuite tearDown -->
  <testcase classname="testScripts.ProductListingPageTest" name="VerifingAddtoBagFunctionalityInPLP" time="0.0">
    <ignored/>
  </testcase> <!-- VerifingAddtoBagFunctionalityInPLP -->
  <testcase classname="baseClass.baseClass" name="@BeforeSuite setUpforReport" time="0.0">
    <ignored/>
  </testcase> <!-- @BeforeSuite setUpforReport -->
  <testcase classname="baseClass.baseClass" name="@AfterSuite tearDown" time="0.0">
    <ignored/>
  </testcase> <!-- @AfterSuite tearDown -->
  <testcase classname="baseClass.baseClass" name="@BeforeSuite setUpforReport" time="0.0">
    <ignored/>
  </testcase> <!-- @BeforeSuite setUpforReport -->
  <testcase classname="baseClass.baseClass" name="@AfterSuite tearDown" time="0.0">
    <ignored/>
  </testcase> <!-- @AfterSuite tearDown -->
  <testcase classname="baseClass.baseClass" name="@AfterSuite tearDown" time="0.0">
    <ignored/>
  </testcase> <!-- @AfterSuite tearDown -->
  <testcase classname="testScripts.ReviewOrderTest" name="VerifyingPlaceOrderButtonClickInReviewOrderPage" time="0.0">
    <ignored/>
  </testcase> <!-- VerifyingPlaceOrderButtonClickInReviewOrderPage -->
  <testcase classname="baseClass.baseClass" name="@AfterSuite tearDown" time="0.0">
    <ignored/>
  </testcase> <!-- @AfterSuite tearDown -->
  <testcase classname="baseClass.baseClass" name="@BeforeSuite setUpforReport" time="0.0">
    <ignored/>
  </testcase> <!-- @BeforeSuite setUpforReport -->
  <testcase classname="baseClass.baseClass" name="@BeforeSuite setUpforReport" time="0.0">
    <ignored/>
  </testcase> <!-- @BeforeSuite setUpforReport -->
  <testcase classname="baseClass.baseClass" name="@AfterSuite tearDown" time="0.0">
    <ignored/>
  </testcase> <!-- @AfterSuite tearDown -->
  <testcase classname="testScripts.EditPaymentsFromReviewOrderPageTest" name="verifyingTheEditInPaymentInReviewOrderPageFromCreditCardToCombinationOfGiftCertificateAndCreditCard" time="0.0">
    <ignored/>
  </testcase> <!-- verifyingTheEditInPaymentInReviewOrderPageFromCreditCardToCombinationOfGiftCertificateAndCreditCard -->
  <testcase classname="baseClass.baseClass" name="@AfterSuite tearDown" time="0.0">
    <ignored/>
  </testcase> <!-- @AfterSuite tearDown -->
  <testcase classname="baseClass.baseClass" name="@BeforeSuite setUpforReport" time="0.0">
    <ignored/>
  </testcase> <!-- @BeforeSuite setUpforReport -->
  <testcase classname="testScripts.ProductDetailPageTest" name="VerifingPreviewbuttonCaurosalFunctionalityInPDP" time="0.0">
    <ignored/>
  </testcase> <!-- VerifingPreviewbuttonCaurosalFunctionalityInPDP -->
  <testcase classname="baseClass.baseClass" name="@BeforeSuite setUpforReport" time="0.0">
    <ignored/>
  </testcase> <!-- @BeforeSuite setUpforReport -->
  <testcase classname="baseClass.baseClass" name="@AfterSuite tearDown" time="0.0">
    <ignored/>
  </testcase> <!-- @AfterSuite tearDown -->
  <testcase classname="baseClass.baseClass" name="@AfterSuite tearDown" time="0.0">
    <ignored/>
  </testcase> <!-- @AfterSuite tearDown -->
  <testcase classname="baseClass.baseClass" name="@AfterSuite tearDown" time="0.0">
    <ignored/>
  </testcase> <!-- @AfterSuite tearDown -->
  <testcase classname="baseClass.baseClass" name="@BeforeSuite setUpforReport" time="0.0">
    <ignored/>
  </testcase> <!-- @BeforeSuite setUpforReport -->
  <testcase classname="baseClass.baseClass" name="@AfterSuite tearDown" time="0.0">
    <ignored/>
  </testcase> <!-- @AfterSuite tearDown -->
  <testcase classname="baseClass.baseClass" name="@BeforeSuite setUpforReport" time="0.0">
    <ignored/>
  </testcase> <!-- @BeforeSuite setUpforReport -->
  <testcase classname="baseClass.baseClass" name="@AfterSuite tearDown" time="0.0">
    <ignored/>
  </testcase> <!-- @AfterSuite tearDown -->
  <testcase classname="baseClass.baseClass" name="@AfterSuite tearDown" time="0.0">
    <ignored/>
  </testcase> <!-- @AfterSuite tearDown -->
  <testcase classname="baseClass.baseClass" name="@AfterSuite tearDown" time="0.0">
    <ignored/>
  </testcase> <!-- @AfterSuite tearDown -->
  <testcase classname="baseClass.baseClass" name="@AfterSuite tearDown" time="0.0">
    <ignored/>
  </testcase> <!-- @AfterSuite tearDown -->
  <testcase classname="baseClass.baseClass" name="@BeforeSuite setUpforReport" time="0.0">
    <ignored/>
  </testcase> <!-- @BeforeSuite setUpforReport -->
  <testcase classname="testScripts.PaymentPageTests" name="VerifyingCvvAndExpErrorInCreditCard" time="0.0">
    <ignored/>
  </testcase> <!-- VerifyingCvvAndExpErrorInCreditCard -->
  <testcase classname="baseClass.baseClass" name="@BeforeSuite setUpforReport" time="0.0">
    <ignored/>
  </testcase> <!-- @BeforeSuite setUpforReport -->
  <testcase classname="baseClass.baseClass" name="@AfterSuite tearDown" time="0.0">
    <ignored/>
  </testcase> <!-- @AfterSuite tearDown -->
  <testcase classname="baseClass.baseClass" name="@BeforeSuite setUpforReport" time="0.0">
    <ignored/>
  </testcase> <!-- @BeforeSuite setUpforReport -->
  <testcase classname="baseClass.baseClass" name="@BeforeSuite setUpforReport" time="0.0">
    <ignored/>
  </testcase> <!-- @BeforeSuite setUpforReport -->
  <testcase classname="baseClass.baseClass" name="@AfterSuite tearDown" time="0.0">
    <ignored/>
  </testcase> <!-- @AfterSuite tearDown -->
  <testcase classname="baseClass.baseClass" name="@BeforeSuite setUpforReport" time="0.0">
    <ignored/>
  </testcase> <!-- @BeforeSuite setUpforReport -->
  <testcase classname="testScripts.HomePageTests" name="VerifingUserLoginInHomePage" time="0.0">
    <ignored/>
  </testcase> <!-- VerifingUserLoginInHomePage -->
  <testcase classname="baseClass.baseClass" name="@AfterSuite tearDown" time="0.0">
    <ignored/>
  </testcase> <!-- @AfterSuite tearDown -->
  <testcase classname="baseClass.baseClass" name="@BeforeSuite setUpforReport" time="0.0">
    <ignored/>
  </testcase> <!-- @BeforeSuite setUpforReport -->
  <testcase classname="baseClass.baseClass" name="@BeforeSuite setUpforReport" time="0.0">
    <ignored/>
  </testcase> <!-- @BeforeSuite setUpforReport -->
  <testcase classname="baseClass.baseClass" name="@BeforeSuite setUpforReport" time="0.0">
    <ignored/>
  </testcase> <!-- @BeforeSuite setUpforReport -->
  <testcase classname="baseClass.baseClass" name="@AfterSuite tearDown" time="0.0">
    <ignored/>
  </testcase> <!-- @AfterSuite tearDown -->
  <testcase classname="testScripts.ReviewOrderTest" name="VerifyingBackToCartInReviewOrderPage" time="0.0">
    <ignored/>
  </testcase> <!-- VerifyingBackToCartInReviewOrderPage -->
  <testcase classname="baseClass.baseClass" name="@BeforeSuite setUpforReport" time="0.0">
    <ignored/>
  </testcase> <!-- @BeforeSuite setUpforReport -->
  <testcase classname="testScripts.CheckOutPageTests" name="VerifingClickonLogoInCheckOutPage" time="0.0">
    <ignored/>
  </testcase> <!-- VerifingClickonLogoInCheckOutPage -->
  <testcase classname="testScripts.ClpPageTests" name="VerifingClpPageQuickShopPOP_UP_INCLP" time="0.0">
    <ignored/>
  </testcase> <!-- VerifingClpPageQuickShopPOP_UP_INCLP -->
  <testcase classname="baseClass.baseClass" name="@AfterSuite tearDown" time="0.0">
    <ignored/>
  </testcase> <!-- @AfterSuite tearDown -->
  <testcase classname="baseClass.baseClass" name="@AfterSuite tearDown" time="0.0">
    <ignored/>
  </testcase> <!-- @AfterSuite tearDown -->
  <testcase classname="testScripts.HomePageTests" name="VerifingSearchFunctionalityInHomePage" time="0.0">
    <ignored/>
  </testcase> <!-- VerifingSearchFunctionalityInHomePage -->
  <testcase classname="baseClass.baseClass" name="@BeforeSuite setUpforReport" time="0.0">
    <ignored/>
  </testcase> <!-- @BeforeSuite setUpforReport -->
  <testcase classname="baseClass.baseClass" name="@AfterSuite tearDown" time="0.0">
    <ignored/>
  </testcase> <!-- @AfterSuite tearDown -->
  <testcase classname="baseClass.baseClass" name="@BeforeSuite setUpforReport" time="0.0">
    <ignored/>
  </testcase> <!-- @BeforeSuite setUpforReport -->
  <testcase classname="baseClass.baseClass" name="@BeforeSuite setUpforReport" time="0.0">
    <ignored/>
  </testcase> <!-- @BeforeSuite setUpforReport -->
  <testcase classname="baseClass.baseClass" name="@BeforeSuite setUpforReport" time="0.0">
    <ignored/>
  </testcase> <!-- @BeforeSuite setUpforReport -->
  <testcase classname="baseClass.baseClass" name="@AfterSuite tearDown" time="0.0">
    <ignored/>
  </testcase> <!-- @AfterSuite tearDown -->
  <testcase classname="baseClass.baseClass" name="@BeforeSuite setUpforReport" time="0.0">
    <ignored/>
  </testcase> <!-- @BeforeSuite setUpforReport -->
  <testcase classname="baseClass.baseClass" name="@BeforeSuite setUpforReport" time="0.0">
    <ignored/>
  </testcase> <!-- @BeforeSuite setUpforReport -->
  <testcase classname="baseClass.baseClass" name="@AfterSuite tearDown" time="0.0">
    <ignored/>
  </testcase> <!-- @AfterSuite tearDown -->
  <testcase classname="baseClass.baseClass" name="@BeforeSuite setUpforReport" time="0.0">
    <ignored/>
  </testcase> <!-- @BeforeSuite setUpforReport -->
  <testcase classname="testScripts.ProductDetailPageTest" name="VerifingProductRecommendationsInPDP" time="0.0">
    <ignored/>
  </testcase> <!-- VerifingProductRecommendationsInPDP -->
  <testcase classname="baseClass.baseClass" name="@BeforeSuite setUpforReport" time="0.0">
    <ignored/>
  </testcase> <!-- @BeforeSuite setUpforReport -->
  <testcase classname="baseClass.baseClass" name="@BeforeSuite setUpforReport" time="0.0">
    <ignored/>
  </testcase> <!-- @BeforeSuite setUpforReport -->
  <testcase classname="testScripts.ShippingAddressPageTests" name="VerifingEnteredtheShippingAddressInShippingPage" time="0.0">
    <ignored/>
  </testcase> <!-- VerifingEnteredtheShippingAddressInShippingPage -->
  <testcase classname="baseClass.baseClass" name="@BeforeSuite setUpforReport" time="0.0">
    <ignored/>
  </testcase> <!-- @BeforeSuite setUpforReport -->
  <testcase classname="baseClass.baseClass" name="@AfterSuite tearDown" time="0.0">
    <ignored/>
  </testcase> <!-- @AfterSuite tearDown -->
  <testcase classname="baseClass.baseClass" name="@AfterSuite tearDown" time="0.0">
    <ignored/>
  </testcase> <!-- @AfterSuite tearDown -->
  <testcase classname="baseClass.baseClass" name="@BeforeSuite setUpforReport" time="0.0">
    <ignored/>
  </testcase> <!-- @BeforeSuite setUpforReport -->
</testsuite> <!-- Providio Regression Test -->
