<?xml version="1.0" encoding="UTF-8"?>
<!-- Generated by org.testng.reporters.JUnitXMLReporter -->
<testsuite ignored="26" hostname="DESKTOP-P9MM3AH" failures="2" tests="5" name="Regression Testing" time="468.545" errors="0" timestamp="2024-03-01T17:49:33 IST">
  <testcase classname="baseClass.baseClass" name="@AfterMethod afterMethod" time="0.006">
    <failure type="org.openqa.selenium.NoSuchWindowException" message="no such window: target window already closed
from unknown error: web view not found
  (Session info: chrome=122.0.6261.94)
Build info: version: &amp;apos;4.16.1&amp;apos;, revision: &amp;apos;9b4c83354e&amp;apos;
System info: os.name: &amp;apos;Windows 10&amp;apos;, os.arch: &amp;apos;amd64&amp;apos;, os.version: &amp;apos;10.0&amp;apos;, java.version: &amp;apos;17.0.7&amp;apos;
Driver info: org.openqa.selenium.chrome.ChromeDriver
Command: [45db35753a0c743529d6e2f125cc219b, screenshot {}]
Capabilities {acceptInsecureCerts: false, browserName: chrome, browserVersion: 122.0.6261.94, chrome: {chromedriverVersion: 122.0.6261.94 (880dbf29479c..., userDataDir: C:\Users\UPENDR~1\AppData\L...}, fedcm:accounts: true, goog:chromeOptions: {debuggerAddress: localhost:50959}, networkConnectionEnabled: false, pageLoadStrategy: normal, platformName: windows, proxy: Proxy(), se:cdp: ws://localhost:50959/devtoo..., se:cdpVersion: 122.0.6261.94, setWindowRect: true, strictFileInteractability: false, timeouts: {implicit: 0, pageLoad: 300000, script: 30000}, unhandledPromptBehavior: dismiss and notify, webauthn:extension:credBlob: true, webauthn:extension:largeBlob: true, webauthn:extension:minPinLength: true, webauthn:extension:prf: true, webauthn:virtualAuthenticators: true}
Session ID: 45db35753a0c743529d6e2f125cc219b">
      <![CDATA[org.openqa.selenium.NoSuchWindowException: no such window: target window already closed
from unknown error: web view not found
  (Session info: chrome=122.0.6261.94)
Build info: version: '4.16.1', revision: '9b4c83354e'
System info: os.name: 'Windows 10', os.arch: 'amd64', os.version: '10.0', java.version: '17.0.7'
Driver info: org.openqa.selenium.chrome.ChromeDriver
Command: [45db35753a0c743529d6e2f125cc219b, screenshot {}]
Capabilities {acceptInsecureCerts: false, browserName: chrome, browserVersion: 122.0.6261.94, chrome: {chromedriverVersion: 122.0.6261.94 (880dbf29479c..., userDataDir: C:\Users\UPENDR~1\AppData\L...}, fedcm:accounts: true, goog:chromeOptions: {debuggerAddress: localhost:50959}, networkConnectionEnabled: false, pageLoadStrategy: normal, platformName: windows, proxy: Proxy(), se:cdp: ws://localhost:50959/devtoo..., se:cdpVersion: 122.0.6261.94, setWindowRect: true, strictFileInteractability: false, timeouts: {implicit: 0, pageLoad: 300000, script: 30000}, unhandledPromptBehavior: dismiss and notify, webauthn:extension:credBlob: true, webauthn:extension:largeBlob: true, webauthn:extension:minPinLength: true, webauthn:extension:prf: true, webauthn:virtualAuthenticators: true}
Session ID: 45db35753a0c743529d6e2f125cc219b
at org.openqa.selenium.remote.codec.w3c.W3CHttpResponseCodec.createException(W3CHttpResponseCodec.java:200)
at org.openqa.selenium.remote.codec.w3c.W3CHttpResponseCodec.decode(W3CHttpResponseCodec.java:133)
at org.openqa.selenium.remote.codec.w3c.W3CHttpResponseCodec.decode(W3CHttpResponseCodec.java:52)
at org.openqa.selenium.remote.HttpCommandExecutor.execute(HttpCommandExecutor.java:191)
at org.openqa.selenium.remote.service.DriverCommandExecutor.invokeExecute(DriverCommandExecutor.java:200)
at org.openqa.selenium.remote.service.DriverCommandExecutor.execute(DriverCommandExecutor.java:175)
at org.openqa.selenium.remote.RemoteWebDriver.execute(RemoteWebDriver.java:523)
at org.openqa.selenium.remote.RemoteWebDriver.execute(RemoteWebDriver.java:596)
at org.openqa.selenium.remote.RemoteWebDriver.execute(RemoteWebDriver.java:600)
at org.openqa.selenium.remote.RemoteWebDriver.getScreenshotAs(RemoteWebDriver.java:326)
at baseClass.baseClass.afterMethod(baseClass.java:219)
at java.base/java.util.ArrayList.forEach(ArrayList.java:1511)
... Removed 37 stack frames]]>
    </failure>
  </testcase> <!-- @AfterMethod afterMethod -->
  <testcase classname="browser.launchBrowsering" name="VerifingHomePageLaunching" time="7.076"/>
  <testcase classname="testScripts.PaymentPageTests" name="VerifyingRegUserUpdateShippingAddressFromPaymentPageandPlaceOrder" time="140.172"/>
  <testcase classname="testScripts.PaymentPageTests" name="VerifyingRegUserAddNewShippingAddressFromPaymentPagePlaceOrder" time="195.133"/>
  <testcase classname="testScripts.PaymentPageTests" name="VerifyingRegUserSelectExistingShippingAddressFromPaymentPagePlaceOrder" time="102.961">
    <failure type="org.openqa.selenium.TimeoutException" message="Expected condition failed: waiting for visibility of element located by By.xpath: //div[@class=&amp;apos;alert alert-success add-to-basket-alert text-center&amp;apos;] (tried for 30 second(s) with 10 milliseconds interval)
Build info: version: &amp;apos;4.16.1&amp;apos;, revision: &amp;apos;9b4c83354e&amp;apos;
System info: os.name: &amp;apos;Windows 10&amp;apos;, os.arch: &amp;apos;amd64&amp;apos;, os.version: &amp;apos;10.0&amp;apos;, java.version: &amp;apos;17.0.7&amp;apos;
Driver info: driver.version: unknown">
      <![CDATA[org.openqa.selenium.TimeoutException: Expected condition failed: waiting for visibility of element located by By.xpath: //div[@class='alert alert-success add-to-basket-alert text-center'] (tried for 30 second(s) with 10 milliseconds interval)
Build info: version: '4.16.1', revision: '9b4c83354e'
System info: os.name: 'Windows 10', os.arch: 'amd64', os.version: '10.0', java.version: '17.0.7'
Driver info: driver.version: unknown
at org.openqa.selenium.support.ui.FluentWait.timeoutException(FluentWait.java:261)
at org.openqa.selenium.support.ui.FluentWait.until(FluentWait.java:229)
at validations.ProductListingPageValidations.validatingProductisAddtoCart(ProductListingPageValidations.java:160)
at tasks.ProductDetailPageTasks.addtoCart(ProductDetailPageTasks.java:82)
at tasks.MiniCartPageTasks.miniCartValue(MiniCartPageTasks.java:30)
at tasks.HomePageTasks.miniCartBtnClick(HomePageTasks.java:100)
at tasks.MiniCartPageTasks.checkOutBtnClickRegUser(MiniCartPageTasks.java:58)
at tasks.PaymentPageTasks.paymentPageViewRegUser(PaymentPageTasks.java:353)
at tasks.PaymentPageTasks.ShippingSelectaAddressforReg(PaymentPageTasks.java:378)
at testScripts.PaymentPageTests.VerifyingRegUserSelectExistingShippingAddressFromPaymentPagePlaceOrder(PaymentPageTests.java:158)
at java.base/java.util.ArrayList.forEach(ArrayList.java:1511)
... Removed 27 stack frames]]>
    </failure>
  </testcase> <!-- VerifyingRegUserSelectExistingShippingAddressFromPaymentPagePlaceOrder -->
  <testcase classname="testScripts.PaymentPageTests" name="VerifyingRegUserSelectExistingBillingAddressFromPaymentPage" time="22.652">
    <failure type="org.openqa.selenium.NoSuchWindowException" message="no such window: target window already closed
from unknown error: web view not found
  (Session info: chrome=122.0.6261.94)
Build info: version: &amp;apos;4.16.1&amp;apos;, revision: &amp;apos;9b4c83354e&amp;apos;
System info: os.name: &amp;apos;Windows 10&amp;apos;, os.arch: &amp;apos;amd64&amp;apos;, os.version: &amp;apos;10.0&amp;apos;, java.version: &amp;apos;17.0.7&amp;apos;
Driver info: org.openqa.selenium.chrome.ChromeDriver
Command: [45db35753a0c743529d6e2f125cc219b, findElement {using=xpath, value=//a[contains(text(), &amp;apos;Checkout&amp;apos;)]}]
Capabilities {acceptInsecureCerts: false, browserName: chrome, browserVersion: 122.0.6261.94, chrome: {chromedriverVersion: 122.0.6261.94 (880dbf29479c..., userDataDir: C:\Users\UPENDR~1\AppData\L...}, fedcm:accounts: true, goog:chromeOptions: {debuggerAddress: localhost:50959}, networkConnectionEnabled: false, pageLoadStrategy: normal, platformName: windows, proxy: Proxy(), se:cdp: ws://localhost:50959/devtoo..., se:cdpVersion: 122.0.6261.94, setWindowRect: true, strictFileInteractability: false, timeouts: {implicit: 0, pageLoad: 300000, script: 30000}, unhandledPromptBehavior: dismiss and notify, webauthn:extension:credBlob: true, webauthn:extension:largeBlob: true, webauthn:extension:minPinLength: true, webauthn:extension:prf: true, webauthn:virtualAuthenticators: true}
Session ID: 45db35753a0c743529d6e2f125cc219b">
      <![CDATA[org.openqa.selenium.NoSuchWindowException: no such window: target window already closed
from unknown error: web view not found
  (Session info: chrome=122.0.6261.94)
Build info: version: '4.16.1', revision: '9b4c83354e'
System info: os.name: 'Windows 10', os.arch: 'amd64', os.version: '10.0', java.version: '17.0.7'
Driver info: org.openqa.selenium.chrome.ChromeDriver
Command: [45db35753a0c743529d6e2f125cc219b, findElement {using=xpath, value=//a[contains(text(), 'Checkout')]}]
Capabilities {acceptInsecureCerts: false, browserName: chrome, browserVersion: 122.0.6261.94, chrome: {chromedriverVersion: 122.0.6261.94 (880dbf29479c..., userDataDir: C:\Users\UPENDR~1\AppData\L...}, fedcm:accounts: true, goog:chromeOptions: {debuggerAddress: localhost:50959}, networkConnectionEnabled: false, pageLoadStrategy: normal, platformName: windows, proxy: Proxy(), se:cdp: ws://localhost:50959/devtoo..., se:cdpVersion: 122.0.6261.94, setWindowRect: true, strictFileInteractability: false, timeouts: {implicit: 0, pageLoad: 300000, script: 30000}, unhandledPromptBehavior: dismiss and notify, webauthn:extension:credBlob: true, webauthn:extension:largeBlob: true, webauthn:extension:minPinLength: true, webauthn:extension:prf: true, webauthn:virtualAuthenticators: true}
Session ID: 45db35753a0c743529d6e2f125cc219b
at org.openqa.selenium.remote.codec.w3c.W3CHttpResponseCodec.createException(W3CHttpResponseCodec.java:200)
at org.openqa.selenium.remote.codec.w3c.W3CHttpResponseCodec.decode(W3CHttpResponseCodec.java:133)
at org.openqa.selenium.remote.codec.w3c.W3CHttpResponseCodec.decode(W3CHttpResponseCodec.java:52)
at org.openqa.selenium.remote.HttpCommandExecutor.execute(HttpCommandExecutor.java:191)
at org.openqa.selenium.remote.service.DriverCommandExecutor.invokeExecute(DriverCommandExecutor.java:200)
at org.openqa.selenium.remote.service.DriverCommandExecutor.execute(DriverCommandExecutor.java:175)
at org.openqa.selenium.remote.RemoteWebDriver.execute(RemoteWebDriver.java:523)
at org.openqa.selenium.remote.ElementLocation$ElementFinder$2.findElement(ElementLocation.java:165)
at org.openqa.selenium.remote.ElementLocation.findElement(ElementLocation.java:59)
at org.openqa.selenium.remote.RemoteWebDriver.findElement(RemoteWebDriver.java:360)
at org.openqa.selenium.remote.RemoteWebDriver.findElement(RemoteWebDriver.java:354)
at org.openqa.selenium.support.pagefactory.DefaultElementLocator.findElement(DefaultElementLocator.java:68)
at org.openqa.selenium.support.pagefactory.internal.LocatingElementHandler.invoke(LocatingElementHandler.java:38)
at jdk.proxy2/jdk.proxy2.$Proxy18.getWrappedElement(Unknown Source)
at org.openqa.selenium.remote.internal.WebElementToJsonConverter.apply(WebElementToJsonConverter.java:51)
at java.base/java.util.stream.ReferencePipeline$3$1.accept(ReferencePipeline.java:197)
at java.base/java.util.Spliterators$ArraySpliterator.forEachRemaining(Spliterators.java:992)
at java.base/java.util.stream.AbstractPipeline.copyInto(AbstractPipeline.java:509)
at java.base/java.util.stream.AbstractPipeline.wrapAndCopyInto(AbstractPipeline.java:499)
at java.base/java.util.stream.ReduceOps$ReduceOp.evaluateSequential(ReduceOps.java:921)
at java.base/java.util.stream.AbstractPipeline.evaluate(AbstractPipeline.java:234)
at java.base/java.util.stream.ReferencePipeline.collect(ReferencePipeline.java:682)
at org.openqa.selenium.remote.RemoteWebDriver.executeScript(RemoteWebDriver.java:466)
at functionality.Actionsss.scrollIntoViewCenter(Actionsss.java:123)
at functionality.Actionsss.CombinedClick(Actionsss.java:143)
at tasks.MiniCartPageTasks.checkOutBtnClickRegUser(MiniCartPageTasks.java:59)
at tasks.PaymentPageTasks.paymentPageViewRegUser(PaymentPageTasks.java:353)
at tasks.PaymentPageTasks.BillingSelectaAddressforReg(PaymentPageTasks.java:385)
at testScripts.PaymentPageTests.VerifyingRegUserSelectExistingBillingAddressFromPaymentPage(PaymentPageTests.java:163)
at java.base/java.util.ArrayList.forEach(ArrayList.java:1511)
... Removed 32 stack frames]]>
    </failure>
  </testcase> <!-- VerifyingRegUserSelectExistingBillingAddressFromPaymentPage -->
  <testcase classname="testScripts.PaymentPageTests" name="VerifyingCreditcardWithValidDetails" time="0.0">
    <ignored/>
  </testcase> <!-- VerifyingCreditcardWithValidDetails -->
  <testcase classname="testScripts.PaymentPageTests" name="VerifyingBackToCartInPaymentPage" time="0.0">
    <ignored/>
  </testcase> <!-- VerifyingBackToCartInPaymentPage -->
  <testcase classname="baseClass.baseClass" name="@AfterSuite tearDown" time="0.0">
    <ignored/>
  </testcase> <!-- @AfterSuite tearDown -->
  <testcase classname="testScripts.PaymentPageTests" name="VerifyingUpdateBillingAddressInPaymentPage" time="0.0">
    <ignored/>
  </testcase> <!-- VerifyingUpdateBillingAddressInPaymentPage -->
  <testcase classname="testScripts.PaymentPageTests" name="VerifyingEtgLogoDisplayInPaymentPage" time="0.0">
    <ignored/>
  </testcase> <!-- VerifyingEtgLogoDisplayInPaymentPage -->
  <testcase classname="testScripts.PaymentPageTests" name="VerifyingPaymentInfoDisplayInPaymentPage" time="0.0">
    <ignored/>
  </testcase> <!-- VerifyingPaymentInfoDisplayInPaymentPage -->
  <testcase classname="testScripts.PaymentPageTests" name="VerifyingShippigDetailsInfoInPaymentPage" time="0.0">
    <ignored/>
  </testcase> <!-- VerifyingShippigDetailsInfoInPaymentPage -->
  <testcase classname="testScripts.PaymentPageTests" name="VerifyingOrderSummaryDisplayInPaymentPage" time="0.0">
    <ignored/>
  </testcase> <!-- VerifyingOrderSummaryDisplayInPaymentPage -->
  <testcase classname="testScripts.PaymentPageTests" name="VerifyingTheCustomerInfoInPaymntPage" time="0.0">
    <ignored/>
  </testcase> <!-- VerifyingTheCustomerInfoInPaymntPage -->
  <testcase classname="testScripts.PaymentPageTests" name="VerifyingAddNewBillingAddressInPaymentPage" time="0.0">
    <ignored/>
  </testcase> <!-- VerifyingAddNewBillingAddressInPaymentPage -->
  <testcase classname="baseClass.baseClass" name="@BeforeSuite setUpforReport" time="0.0">
    <ignored/>
  </testcase> <!-- @BeforeSuite setUpforReport -->
  <testcase classname="testScripts.PaymentPageTests" name="VerifyingCreditCardNumberInCompleteError" time="0.0">
    <ignored/>
  </testcase> <!-- VerifyingCreditCardNumberInCompleteError -->
  <testcase classname="testScripts.PaymentPageTests" name="VerifyingEtgLogoClickInPaymentPage" time="0.0">
    <ignored/>
  </testcase> <!-- VerifyingEtgLogoClickInPaymentPage -->
  <testcase classname="testScripts.PaymentPageTests" name="VerifyingCvvErrorInCreditCard" time="0.0">
    <ignored/>
  </testcase> <!-- VerifyingCvvErrorInCreditCard -->
  <testcase classname="testScripts.PaymentPageTests" name="VerifyingCreditcardNumberInValidError" time="0.0">
    <ignored/>
  </testcase> <!-- VerifyingCreditcardNumberInValidError -->
  <testcase classname="testScripts.PaymentPageTests" name="VerifyingAllTheErrorsInCreditCard" time="0.0">
    <ignored/>
  </testcase> <!-- VerifyingAllTheErrorsInCreditCard -->
  <testcase classname="testScripts.PaymentPageTests" name="VerifyingCvvAndExpErrorInCreditCard" time="0.0">
    <ignored/>
  </testcase> <!-- VerifyingCvvAndExpErrorInCreditCard -->
  <testcase classname="testScripts.PaymentPageTests" name="VerifyingPaginationOfProductsInPaymentPage" time="0.0">
    <ignored/>
  </testcase> <!-- VerifyingPaginationOfProductsInPaymentPage -->
  <testcase classname="testScripts.PaymentPageTests" name="VerifyingGiftMessageInPaymentPage" time="0.0">
    <ignored/>
  </testcase> <!-- VerifyingGiftMessageInPaymentPage -->
  <testcase classname="testScripts.PaymentPageTests" name="VerifyingEditShippingAddressFromPaymentPage" time="0.0">
    <ignored/>
  </testcase> <!-- VerifyingEditShippingAddressFromPaymentPage -->
  <testcase classname="testScripts.PaymentPageTests" name="VerifyingEditCustomerInfoFromPaymentPage" time="0.0">
    <ignored/>
  </testcase> <!-- VerifyingEditCustomerInfoFromPaymentPage -->
  <testcase classname="testScripts.PaymentPageTests" name="VerifyingCreditCardExpDateInValid" time="0.0">
    <ignored/>
  </testcase> <!-- VerifyingCreditCardExpDateInValid -->
  <testcase classname="testScripts.PaymentPageTests" name="VerifyingAddnewCreditCardInPaymentPage" time="0.0">
    <ignored/>
  </testcase> <!-- VerifyingAddnewCreditCardInPaymentPage -->
  <testcase classname="testScripts.PaymentPageTests" name="VerifyingBillingPhoneNumberError" time="0.0">
    <ignored/>
  </testcase> <!-- VerifyingBillingPhoneNumberError -->
  <testcase classname="testScripts.PaymentPageTests" name="VerifyingCreditCardInCompleteExpYearError" time="0.0">
    <ignored/>
  </testcase> <!-- VerifyingCreditCardInCompleteExpYearError -->
  <testcase classname="testScripts.PaymentPageTests" name="VerifyingCreditCardInCompleteCvvError" time="0.0">
    <ignored/>
  </testcase> <!-- VerifyingCreditCardInCompleteCvvError -->
</testsuite> <!-- Regression Testing -->
