<?xml version="1.0" encoding="UTF-8"?>
<!-- Generated by org.testng.reporters.JUnitXMLReporter -->
<testsuite ignored="12" hostname="Upendra" failures="1" tests="1" name="SmokeTest(failed)" time="0.192" errors="0" timestamp="2024-02-12T18:50:39 IST">
  <testcase classname="baseClass.baseClass" name="@AfterMethod afterMethod" time="0.012">
    <failure type="java.lang.NullPointerException" message="Cannot invoke &amp;quot;org.openqa.selenium.TakesScreenshot.getScreenshotAs(org.openqa.selenium.OutputType)&amp;quot; because &amp;quot;ts&amp;quot; is null">
      <![CDATA[java.lang.NullPointerException: Cannot invoke "org.openqa.selenium.TakesScreenshot.getScreenshotAs(org.openqa.selenium.OutputType)" because "ts" is null
at baseClass.baseClass.afterMethod(baseClass.java:269)
at java.base/java.util.ArrayList.forEach(ArrayList.java:1511)
... Removed 32 stack frames]]>
    </failure>
  </testcase> <!-- @AfterMethod afterMethod -->
  <testcase classname="testScripts.ReviewOrderTest" name="VerifyingPlaceOrderButtonClickInReviewOrderPage" time="0.108">
    <failure type="java.lang.NullPointerException" message="Cannot invoke &amp;quot;org.openqa.selenium.JavascriptExecutor.executeScript(String, Object[])&amp;quot; because &amp;quot;functionality.Actionsss.driver&amp;quot; is null">
      <![CDATA[java.lang.NullPointerException: Cannot invoke "org.openqa.selenium.JavascriptExecutor.executeScript(String, Object[])" because "functionality.Actionsss.driver" is null
at functionality.Actionsss.scrollIntoViewCenter(Actionsss.java:123)
at functionality.Actionsss.CombinedClick(Actionsss.java:143)
at tasks.PaymentPageTasks.paymentPageView(PaymentPageTasks.java:40)
at tasks.PaymentPageTasks.creditCardWithValidDetails(PaymentPageTasks.java:277)
at tasks.ReviewOrderPageTask.reviewOrderPage(ReviewOrderPageTask.java:33)
at tasks.ReviewOrderPageTask.clickPlaceOrderButton(ReviewOrderPageTask.java:96)
at testScripts.ReviewOrderTest.VerifyingPlaceOrderButtonClickInReviewOrderPage(ReviewOrderTest.java:15)
at java.base/java.util.ArrayList.forEach(ArrayList.java:1511)
... Removed 27 stack frames]]>
    </failure>
  </testcase> <!-- VerifyingPlaceOrderButtonClickInReviewOrderPage -->
  <testcase classname="testScripts.ReviewOrderTest" name="VerifyingOrderSummaryDisplayInReviewOrderPage" time="0.0">
    <ignored/>
  </testcase> <!-- VerifyingOrderSummaryDisplayInReviewOrderPage -->
  <testcase classname="testScripts.ReviewOrderTest" name="VerifyingTheEditPhoneNumInShippingAddressFromReviewOrderPageAndPlaceOrder" time="0.0">
    <ignored/>
  </testcase> <!-- VerifyingTheEditPhoneNumInShippingAddressFromReviewOrderPageAndPlaceOrder -->
  <testcase classname="testScripts.ReviewOrderTest" name="VerifyingPaymentInfoDisplayInReviewOrderPage" time="0.0">
    <ignored/>
  </testcase> <!-- VerifyingPaymentInfoDisplayInReviewOrderPage -->
  <testcase classname="testScripts.ReviewOrderTest" name="VerifyingPlaceOrderButtonDisplayInReviewOrderPage" time="0.0">
    <ignored/>
  </testcase> <!-- VerifyingPlaceOrderButtonDisplayInReviewOrderPage -->
  <testcase classname="testScripts.ReviewOrderTest" name="VerifyingTheEditPaymentToPaypalFromReviewOrderPage" time="0.0">
    <ignored/>
  </testcase> <!-- VerifyingTheEditPaymentToPaypalFromReviewOrderPage -->
  <testcase classname="testScripts.ReviewOrderTest" name="VerifyingEditPhoneNumberInBillingAddressFromReviewOrderPageAndPlaceOrder" time="0.0">
    <ignored/>
  </testcase> <!-- VerifyingEditPhoneNumberInBillingAddressFromReviewOrderPageAndPlaceOrder -->
  <testcase classname="testScripts.ReviewOrderTest" name="VerifyingTheEditBillingAddressFromReviewOrderPageAndPlaceOrder" time="0.0">
    <ignored/>
  </testcase> <!-- VerifyingTheEditBillingAddressFromReviewOrderPageAndPlaceOrder -->
  <testcase classname="testScripts.ReviewOrderTest" name="VerifyingEtgLogoDisplayInReviewOrderPage" time="0.0">
    <ignored/>
  </testcase> <!-- VerifyingEtgLogoDisplayInReviewOrderPage -->
  <testcase classname="testScripts.ReviewOrderTest" name="VerifyingBackToCartInReviewOrderPage" time="0.0">
    <ignored/>
  </testcase> <!-- VerifyingBackToCartInReviewOrderPage -->
  <testcase classname="testScripts.ReviewOrderTest" name="VerifyingTheEditShippingAddressFromReviewOrderPageAndPlaceOrder" time="0.0">
    <ignored/>
  </testcase> <!-- VerifyingTheEditShippingAddressFromReviewOrderPageAndPlaceOrder -->
  <testcase classname="testScripts.ReviewOrderTest" name="VerifyingTheDisplayOfCustomerInfoInReviewOrderPage" time="0.0">
    <ignored/>
  </testcase> <!-- VerifyingTheDisplayOfCustomerInfoInReviewOrderPage -->
  <testcase classname="testScripts.ReviewOrderTest" name="VerifyingPaginationOfProductsInReviewOrderPage" time="0.0">
    <ignored/>
  </testcase> <!-- VerifyingPaginationOfProductsInReviewOrderPage -->
</testsuite> <!-- SmokeTest(failed) -->
